build/IPS-4-1981.html
build/IPS-5-1981.html
build/KEPPRES-25-2005.html
build/KEPPRES-37-2001.html
build/KP-16-1990.html
build/PBI-14-1-2012.html
build/PERPRES-11-2005.html
build/PERPRES-12-2005.html
build/PERPRES-17-2007.html
build/PERPRES-20-2008.html
build/PERPRES-21-2008.html
build/PERPRES-50-2008.html
build/PERPRES-52-2005.html
build/PERPRES-64-2005.html
build/PERPRES-66-2006.html
build/PERPRES-7-2007.html
build/PERPRES-78-2005.html
build/PERPRES-80-2005.html
build/PERPRES-91-2006.html
build/PERPRES-91-2011.html
build/PERPRES-92-2011.html
build/PERPRES-94-2006.html
build/PP-1-2005.html
build/PP-23-1985.html
build/PP-29-2013.html
build/PP-44-1982.html
build/PP-48-1981.html
build/PP-74-2012.html
build/PP-75-2007.html
build/PS-3-2013.html
build/PS-38-2012.html
build/PS-4-2013.html
build/PS-55-2013.html
build/PS-56-2013.html
build/UU-10-2004-LMP.html
build/UU-12-1997.html
build/UU-14-1997.html
build/UU-18-2011.html
build/UU-29-2009.html
build/UU-3-2009.html
build/UU-32-2009.html
build/UU-45-2009.html
build/UU-49-2009.html
build/UU-5-2011.html
build/UU-50-2009.html
build/UU-51-2009.html
