build/BPK-1-2010.html
build/BPK-2-2007.html
build/BPK-3-2010.html
build/BPK-3-2011.html
build/BPK-4-2010.html
build/IPS-2-1982.html
build/IPS-3-1981.html
build/IPS-5-1981.html
build/IPS-6-1981.html
build/KEPPRES-1-2002.html
build/KEPPRES-10-2004.html
build/KEPPRES-100-2001.html
build/KEPPRES-101-1999.html
build/KEPPRES-101-2001.html
build/KEPPRES-103-2001.html
build/KEPPRES-105-1999.html
build/KEPPRES-105-2004.html
build/KEPPRES-106-2004.html
build/KEPPRES-107-2001.html
build/KEPPRES-107-2004.html
build/KEPPRES-108-2000.html
build/KEPPRES-108-2001.html
build/KEPPRES-109-2001.html
build/KEPPRES-11-2009.html
build/KEPPRES-110-2001.html
build/KEPPRES-114-1999.html
build/KEPPRES-117-1998.html
build/KEPPRES-12-1999.html
build/KEPPRES-138-2000.html
build/KEPPRES-14-1980.html
build/KEPPRES-14-2007.html
build/KEPPRES-153-1999.html
build/KEPPRES-16-1999.html
build/KEPPRES-164-2000.html
build/KEPPRES-165-2000.html
build/KEPPRES-166-2000.html
build/KEPPRES-17-2002.html
build/KEPPRES-174-2000.html
build/KEPPRES-175-2000.html
build/KEPPRES-176-2000.html
build/KEPPRES-177-2000.html
build/KEPPRES-178-2000.html
build/KEPPRES-18-2003.html
build/KEPPRES-19-1981.html
build/KEPPRES-19-1999.html
build/KEPPRES-2-1984.html
build/KEPPRES-20-1999.html
build/KEPPRES-20-2001.html
build/KEPPRES-22-2002.html
build/KEPPRES-24-1985.html
build/KEPPRES-26-1980.html
build/KEPPRES-29-1999.html
build/KEPPRES-29-2004.html
build/KEPPRES-3-2004.html
build/KEPPRES-30-1981.html
build/KEPPRES-31-1982.html
build/KEPPRES-33-2011.html
build/KEPPRES-37-2004.html
build/KEPPRES-4-2002.html
build/KEPPRES-40-2001.html
build/KEPPRES-44-2000.html
build/KEPPRES-49-2001.html
build/KEPPRES-49-2002.html
build/KEPPRES-5-2000.html
build/KEPPRES-52-2004.html
build/KEPPRES-54-2001.html
build/KEPPRES-61-1984.html
build/KEPPRES-66-2004.html
build/KEPPRES-69-2001.html
build/KEPPRES-70-2002.html
build/KEPPRES-71-2004.html
build/KEPPRES-72-1980.html
build/KEPPRES-74-1984.html
build/KEPPRES-76-1998.html
build/KEPPRES-77-2003.html
build/KEPPRES-80-1982.html
build/KEPPRES-86-2002.html
build/KEPPRES-87-1998.html
build/KEPPRES-88-2004.html
build/KEPPRES-9-1981.html
build/KEPPRES-9-1982.html
build/KEPPRES-95-1999.html
build/KEPPRES-97-2003.html
build/KP-1-1982.html
build/KP-11-1984.html
build/KP-20-1984.html
build/KP-29-1984.html
build/KP-32-1990.html
build/KP-33-1990.html
build/KP-5-1990.html
build/KP-5-2002.html
build/KP-5-2011.html
build/KP-51-1981.html
build/KP-53-1990.html
build/PBI-10-11-2008.html
build/PBI-10-15-2008.html
build/PBI-10-2-2008.html
build/PBI-10-3-2008.html
build/PBI-10-32-2008.html
build/PBI-10-7-2008.html
build/PBI-11-1-2009.html
build/PBI-11-15-2009.html
build/PBI-11-19-2009.html
build/PBI-11-3-2009.html
build/PBI-11-31-2009.html
build/PBI-11-33-2009.html
build/PBI-12-1-2010.html
build/PBI-12-20-2010.html
build/PBI-12-21-2010.html
build/PBI-12-22-2010.html
build/PBI-12-23-2010.html
build/PBI-12-3-2010.html
build/PBI-13-13-2011.html
build/PBI-13-14-2011.html
build/PBI-13-25-2011.html
build/PBI-13-8-2011.html
build/PBI-14-12-2012.html
build/PBI-14-14-2012.html
build/PBI-14-16-2012.html
build/PBI-14-18-2012.html
build/PBI-14-22-2012.html
build/PBI-14-23-2012.html
build/PBI-14-3-2012.html
build/PBI-14-6-2012.html
build/PBI-14-7-2012.html
build/PBI-14-8-2012.html
build/PBI-14-9-2012.html
build/PBI-15-1-2013.html
build/PBI-8-4-2006.html
build/PBI-9-11-2007.html
build/PBI-9-14-2007.html
build/PBI-9-2-2007.html
build/PBI-9-8-2007.html
build/PERPRES-10-2005.html
build/PERPRES-10-2006.html
build/PERPRES-104-2007.html
build/PERPRES-106-2007.html
build/PERPRES-12-2005.html
build/PERPRES-13-2005.html
build/PERPRES-13-2008.html
build/PERPRES-14-2007.html
build/PERPRES-16-2005.html
build/PERPRES-17-2005.html
build/PERPRES-17-2011.html
build/PERPRES-18-2005.html
build/PERPRES-18-2011.html
build/PERPRES-19-2005.html
build/PERPRES-22-2007.html
build/PERPRES-23-2005.html
build/PERPRES-23-2010.html
build/PERPRES-25-2008.html
build/PERPRES-26-2008.html
build/PERPRES-27-2008.html
build/PERPRES-27-2009.html
build/PERPRES-31-2005.html
build/PERPRES-34-2005.html
build/PERPRES-36-2005.html
build/PERPRES-4-2008.html
build/PERPRES-4-2010.html
build/PERPRES-42-2005.html
build/PERPRES-45-2011.html
build/PERPRES-49-2008.html
build/PERPRES-51-2011.html
build/PERPRES-52-2005.html
build/PERPRES-54-2010.html
build/PERPRES-59-2006.html
build/PERPRES-62-2005.html
build/PERPRES-63-2005.html
build/PERPRES-63-2011.html
build/PERPRES-65-2005.html
build/PERPRES-67-2005.html
build/PERPRES-67-2006.html
build/PERPRES-69-2005.html
build/PERPRES-73-2011.html
build/PERPRES-78-2005.html
build/PERPRES-8-2008.html
build/PERPRES-81-2005.html
build/PERPRES-81-2006.html
build/PERPRES-83-2005.html
build/PERPRES-85-2007.html
build/PERPRES-86-2007.html
build/PERPRES-87-2011.html
build/PERPRES-88-2011.html
build/PERPRES-9-2005.html
build/PERPRES-9-2009.html
build/PERPRES-90-2007.html
build/PERPRES-93-2007.html
build/PERPRES-96-2006.html
build/PERPU-2-1998.html
build/PP-1-2003.html
build/PP-1-2005.html
build/PP-1-2011.html
build/PP-10-1989.html
build/PP-10-2010.html
build/PP-10-2011.html
build/PP-101-2000.html
build/PP-103-2000.html
build/PP-105-2000.html
build/PP-107-2000.html
build/PP-108-2000.html
build/PP-109-2012.html
build/PP-110-2000.html
build/PP-12-1991.html
build/PP-12-2000.html
build/PP-12-2012.html
build/PP-129-2000.html
build/PP-13-1981.html
build/PP-13-2010.html
build/PP-14-1981.html
build/PP-14-2002.html
build/PP-14-2009.html
build/PP-14-2012.html
build/PP-144-2000.html
build/PP-15-1981.html
build/PP-15-2007.html
build/PP-15-2010.html
build/PP-15-2013.html
build/PP-150-2000.html
build/PP-152-2000.html
build/PP-153-2000.html
build/PP-154-2000.html
build/PP-155-2000.html
build/PP-16-2005.html
build/PP-16-2010.html
build/PP-17-2007.html
build/PP-17-2010.html
build/PP-17-2013.html
build/PP-18-1984.html
build/PP-18-2009.html
build/PP-18-2013-BT.html
build/PP-19-1992.html
build/PP-19-2000.html
build/PP-19-2003.html
build/PP-19-2010.html
build/PP-2-1999.html
build/PP-2-2002.html
build/PP-2-2003.html
build/PP-2-2011.html
build/PP-2-2012.html
build/PP-20-1981.html
build/PP-20-1992.html
build/PP-20-2005.html
build/PP-20-2008.html
build/PP-20-2010.html
build/PP-21-1992.html
build/PP-21-2005.html
build/PP-21-2008.html
build/PP-22-1992.html
build/PP-22-2008.html
build/PP-23-1980.html
build/PP-23-1992.html
build/PP-23-1996.html
build/PP-23-1999.html
build/PP-23-2004.html
build/PP-23-2010.html
build/PP-23-2011.html
build/PP-24-1980.html
build/PP-24-1991.html
build/PP-24-1992.html
build/PP-24-2011.html
build/PP-25-1981.html
build/PP-25-1992.html
build/PP-25-2011.html
build/PP-25-2012.html
build/PP-26-1985.html
build/PP-26-1991.html
build/PP-27-1991.html
build/PP-27-2002.html
build/PP-27-2011.html
build/PP-27-2012.html
build/PP-28-1981.html
build/PP-28-1982.html
build/PP-28-1999.html
build/PP-28-2000.html
build/PP-28-2004.html
build/PP-28-2011-BT.html
build/PP-28-2011.html
build/PP-28-2012.html
build/PP-29-1980.html
build/PP-29-1981.html
build/PP-29-2000.html
build/PP-29-2008.html
build/PP-29-2012.html
build/PP-3-2001.html
build/PP-3-2007.html
build/PP-3-2013.html
build/PP-30-2000.html
build/PP-30-2006.html
build/PP-30-2008.html
build/PP-30-2011-BT.html
build/PP-30-2012.html
build/PP-31-1980.html
build/PP-31-1999.html
build/PP-31-2002.html
build/PP-31-2006.html
build/PP-31-2013.html
build/PP-32-1981.html
build/PP-32-1999.html
build/PP-32-2011-BT.html
build/PP-32-2011.html
build/PP-33-1985.html
build/PP-33-2005.html
build/PP-33-2007.html
build/PP-33-2012.html
build/PP-34-2002.html
build/PP-34-2009.html
build/PP-35-2010.html
build/PP-35-2011.html
build/PP-36-1980.html
build/PP-36-1984.html
build/PP-36-1995.html
build/PP-36-2006.html
build/PP-36-2010.html
build/PP-37-1991.html
build/PP-37-2007.html
build/PP-37-2010.html
build/PP-37-2012.html
build/PP-38-1980.html
build/PP-38-2011.html
build/PP-38-2013.html
build/PP-39-1982.html
build/PP-39-2007.html
build/PP-39-2012.html
build/PP-4-1988.html
build/PP-4-2001.html
build/PP-4-2013.html
build/PP-40-1995.html
build/PP-40-1996.html
build/PP-40-2006.html
build/PP-40-2011.html
build/PP-40-2012.html
build/PP-40-2013.html
build/PP-41-1980.html
build/PP-41-1990.html
build/PP-41-1993.html
build/PP-41-2009.html
build/PP-41-2011.html
build/PP-41-2012.html
build/PP-42-1981.html
build/PP-42-1993.html
build/PP-42-2004.html
build/PP-42-2006.html
build/PP-42-2008.html
build/PP-42-2010.html
build/PP-42-2012.html
build/PP-42-2013.html
build/PP-43-2004.html
build/PP-43-2006.html
build/PP-43-2008.html
build/PP-43-2009.html
build/PP-43-2012.html
build/PP-44-1982.html
build/PP-44-2004.html
build/PP-44-2005.html
build/PP-45-2004.html
build/PP-45-2008.html
build/PP-46-1981.html
build/PP-46-2011.html
build/PP-46-2012.html
build/PP-48-2008.html
build/PP-48-2011.html
build/PP-49-2009.html
build/PP-5-1980.html
build/PP-5-1996.html
build/PP-5-2009.html
build/PP-5-2010.html
build/PP-5-2013-BT.html
build/PP-50-2007.html
build/PP-50-2011.html
build/PP-51-1999.html
build/PP-51-2002.html
build/PP-51-2005.html
build/PP-51-2009.html
build/PP-51-2012.html
build/PP-52-2012.html
build/PP-53-1981.html
build/PP-54-2007.html
build/PP-55-2001.html
build/PP-55-2003.html
build/PP-55-2005.html
build/PP-55-2012.html
build/PP-56-2001.html
build/PP-56-2003.html
build/PP-56-2008.html
build/PP-56-2009.html
build/PP-58-1999.html
build/PP-58-2005.html
build/PP-58-2012.html
build/PP-59-2007.html
build/PP-6-1980.html
build/PP-6-1995.html
build/PP-6-1999.html
build/PP-6-2005.html
build/PP-6-2006.html
build/PP-6-2013.html
build/PP-60-2007.html
build/PP-61-1990.html
build/PP-61-1999.html
build/PP-61-2009.html
build/PP-62-2010.html
build/PP-62-2012.html
build/PP-63-2002.html
build/PP-63-2005.html
build/PP-64-2000.html
build/PP-64-2007.html
build/PP-64-2010.html
build/PP-64-2012.html
build/PP-65-2001.html
build/PP-67-1991.html
build/PP-67-1996.html
build/PP-67-1999.html
build/PP-67-2002.html
build/PP-67-2009.html
build/PP-68-2008.html
build/PP-68-2010.html
build/PP-69-1999.html
build/PP-69-2001.html
build/PP-7-1982.html
build/PP-7-1999.html
build/PP-70-2001.html
build/PP-72-1998.html
build/PP-72-2005.html
build/PP-72-2009.html
build/PP-72-2012.html
build/PP-74-2008.html
build/PP-76-2005.html
build/PP-76-2008.html
build/PP-77-2000.html
build/PP-77-2007.html
build/PP-77-2012.html
build/PP-78-2007.html
build/PP-79-2005.html
build/PP-79-2012.html
build/PP-8-1980.html
build/PP-8-1993.html
build/PP-8-2004.html
build/PP-8-2005.html
build/PP-8-2006.html
build/PP-8-2007.html
build/PP-8-2008.html
build/PP-8-2013.html
build/PP-80-1999.html
build/PP-80-2012.html
build/PP-81-2000.html
build/PP-81-2012.html
build/PP-82-2001.html
build/PP-83-2010.html
build/PP-84-2012.html
build/PP-9-1999.html
build/PP-9-2004.html
build/PP-9-2011.html
build/PP-9-2012.html
build/PP-94-2012.html
build/PP-95-2012.html
build/PP-96-2012.html
build/PP-97-2000.html
build/PP-98-2000.html
build/PS-12-2013.html
build/PS-121-2012.html
build/PS-122-2012.html
build/PS-123-2012.html
build/PS-125-2012.html
build/PS-13-2012.html
build/PS-14-2012.html
build/PS-2-2011.html
build/PS-26-2012.html
build/PS-27-2012.html
build/PS-28-2012.html
build/PS-3-2012.html
build/PS-31-2013.html
build/PS-34-2013.html
build/PS-35-2012.html
build/PS-4-2013.html
build/PS-40-2013.html
build/PS-43-2009.html
build/PS-46-2013.html
build/PS-47-2012.html
build/PS-48-2012.html
build/PS-57-2013.html
build/PS-58-2013.html
build/PS-59-2012.html
build/PS-60-2012.html
build/PS-60-2013.html
build/PS-63-2013.html
build/PS-67-2012.html
build/PS-67-2013.html
build/PS-69-2012.html
build/PS-71-2012.html
build/PS-73-2012.html
build/PS-74-2012.html
build/PS-79-2012.html
build/PS-8-2012-BT.html
build/PS-9-2013.html
build/PS-90-2012.html
build/UU-1-1974.html
build/UU-1-1992.html
build/UU-1-2003.html
build/UU-1-2004.html
build/UU-1-2007.html
build/UU-1-2009.html
build/UU-1-2011.html
build/UU-1-2013-BT.html
build/UU-10-1999.html
build/UU-10-2002.html
build/UU-10-2003.html
build/UU-10-2004-LMP.html
build/UU-10-2007.html
build/UU-10-2009.html
build/UU-11-1967.html
build/UU-11-1992.html
build/UU-11-2001.html
build/UU-11-2002.html
build/UU-11-2007.html
build/UU-11-2009.html
build/UU-11-2010.html
build/UU-11-2012.html
build/UU-12-1997.html
build/UU-12-1999.html
build/UU-12-2001.html
build/UU-12-2002.html
build/UU-12-2003.html
build/UU-12-2007.html
build/UU-12-2010.html
build/UU-12-2011.html
build/UU-12-2012.html
build/UU-13-1999.html
build/UU-13-2001.html
build/UU-13-2002.html
build/UU-13-2003.html
build/UU-13-2007.html
build/UU-13-2008.html
build/UU-13-2010.html
build/UU-13-2011.html
build/UU-14-2002.html
build/UU-14-2005.html
build/UU-14-2007.html
build/UU-15-1997.html
build/UU-15-1999.html
build/UU-15-2001.html
build/UU-15-2007.html
build/UU-15-2011.html
build/UU-15-2012.html
build/UU-16-1985.html
build/UU-16-1997-BT.html
build/UU-16-2007.html
build/UU-16-2011.html
build/UU-16-2012.html
build/UU-17-2008.html
build/UU-17-2011.html
build/UU-17-2012.html
build/UU-17-2013.html
build/UU-18-1999.html
build/UU-18-2004.html
build/UU-18-2008.html
build/UU-18-2009.html
build/UU-18-2012.html
build/UU-18-2013.html
build/UU-19-1992.html
build/UU-19-2002.html
build/UU-19-2003.html
build/UU-19-2008.html
build/UU-19-2013.html
build/UU-2-1981.html
build/UU-2-1986.html
build/UU-2-1988.html
build/UU-2-1993.html
build/UU-2-1999.html
build/UU-2-2001.html
build/UU-2-2002.html
build/UU-2-2003.html
build/UU-2-2007.html
build/UU-2-2008.html
build/UU-2-2009.html
build/UU-2-2011.html
build/UU-2-2012.html
build/UU-20-1982.html
build/UU-20-1992.html
build/UU-20-2002.html
build/UU-20-2008.html
build/UU-20-2009.html
build/UU-20-2011.html
build/UU-20-2013.html
build/UU-21-2013.html
build/UU-22-1997.html
build/UU-22-1999.html
build/UU-22-2001.html
build/UU-22-2004.html
build/UU-22-2009.html
build/UU-23-1992.html
build/UU-23-1999.html
build/UU-23-2002.html
build/UU-23-2004.html
build/UU-23-2011.html
build/UU-24-2003.html
build/UU-24-2007.html
build/UU-24-2009.html
build/UU-24-2011.html
build/UU-25-1997.html
build/UU-25-1999.html
build/UU-25-2004.html
build/UU-25-2007.html
build/UU-25-2009.html
build/UU-26-1997.html
build/UU-26-2000.html
build/UU-26-2007.html
build/UU-27-2000.html
build/UU-27-2002.html
build/UU-27-2003.html
build/UU-27-2004.html
build/UU-27-2007.html
build/UU-27-2009.html
build/UU-28-2009.html
build/UU-29-2000.html
build/UU-29-2004.html
build/UU-3-2001.html
build/UU-3-2003.html
build/UU-3-2005.html
build/UU-3-2007.html
build/UU-30-2003.html
build/UU-30-2009.html
build/UU-31-2002.html
build/UU-31-2009.html
build/UU-32-2002.html
build/UU-32-2003.html
build/UU-32-2004.html
build/UU-32-2009.html
build/UU-33-2003.html
build/UU-33-2004.html
build/UU-33-2009.html
build/UU-34-2003.html
build/UU-35-2003.html
build/UU-35-2009.html
build/UU-36-1999.html
build/UU-36-2003.html
build/UU-37-2003.html
build/UU-37-2008.html
build/UU-38-2003.html
build/UU-38-2004.html
build/UU-38-2009.html
build/UU-39-2003.html
build/UU-4-1993.html
build/UU-4-2001.html
build/UU-4-2002.html
build/UU-4-2003.html
build/UU-4-2007.html
build/UU-4-2009.html
build/UU-4-2011.html
build/UU-40-2003.html
build/UU-40-2009.html
build/UU-41-1999.html
build/UU-41-2003.html
build/UU-41-2004.html
build/UU-41-2009.html
build/UU-42-1999.html
build/UU-43-2007.html
build/UU-43-2008.html
build/UU-43-2009.html
build/UU-44-1999.html
build/UU-44-2008.html
build/UU-45-1999.html
build/UU-46-1999.html
build/UU-46-2009.html
build/UU-47-1999.html
build/UU-48-1999.html
build/UU-48-2009.html
build/UU-49-1999.html
build/UU-5-1997.html
build/UU-5-1999.html
build/UU-5-2002.html
build/UU-5-2003.html
build/UU-5-2007.html
build/UU-50-1999.html
build/UU-51-1999.html
build/UU-52-1999.html
build/UU-53-1999.html
build/UU-54-1999.html
build/UU-55-1999.html
build/UU-6-1990.html
build/UU-6-1991.html
build/UU-6-1995.html
build/UU-6-2001.html
build/UU-6-2002.html
build/UU-6-2003.html
build/UU-6-2007.html
build/UU-6-2011.html
build/UU-7-1990.html
build/UU-7-1996.html
build/UU-7-2002.html
build/UU-7-2003.html
build/UU-7-2007.html
build/UU-7-2012.html
build/UU-8-1985.html
build/UU-8-1999.html
build/UU-8-2001.html
build/UU-8-2002.html
build/UU-8-2003.html
build/UU-8-2007.html
build/UU-8-2010.html
build/UU-8-2012.html
build/UU-9-1990.html
build/UU-9-1995.html
build/UU-9-1998.html
build/UU-9-1999.html
build/UU-9-2001.html
build/UU-9-2002.html
build/UU-9-2003.html
build/UU-9-2006.html
build/UU-9-2007.html
build/UU-9-2008.html
build/UU-9-2010.html
build/UU-9-2013.html
