build/BPK-1-2007.html
build/BPK-1-2008.html
build/BPK-1-2011.html
build/BPK-2-2007.html
build/BPK-3-2007.html
build/BPK-3-2011.html
build/BPK-4-2010.html
build/KEPPRES-100-2001.html
build/KEPPRES-105-2004.html
build/KEPPRES-109-2000.html
build/KEPPRES-122-2001.html
build/KEPPRES-13-2001.html
build/KEPPRES-134-1999.html
build/KEPPRES-135-1999.html
build/KEPPRES-14-2007.html
build/KEPPRES-150-2000.html
build/KEPPRES-16-2004.html
build/KEPPRES-169-2000.html
build/KEPPRES-18-2000.html
build/KEPPRES-22-2011.html
build/KEPPRES-24-1981.html
build/KEPPRES-24-1999.html
build/KEPPRES-25-2001.html
build/KEPPRES-28-1980.html
build/KEPPRES-28-1982.html
build/KEPPRES-28-1985.html
build/KEPPRES-28-2003.html
build/KEPPRES-28-2010.html
build/KEPPRES-3-1982.html
build/KEPPRES-3-2002.html
build/KEPPRES-31-1982.html
build/KEPPRES-31-1985.html
build/KEPPRES-32-1982.html
build/KEPPRES-32-1985.html
build/KEPPRES-34-2003.html
build/KEPPRES-39-1980.html
build/KEPPRES-4-1980.html
build/KEPPRES-42-2002.html
build/KEPPRES-43-1991.html
build/KEPPRES-46-1984.html
build/KEPPRES-46-2002.html
build/KEPPRES-5-1982.html
build/KEPPRES-50-1981.html
build/KEPPRES-51-2004.html
build/KEPPRES-53-1981.html
build/KEPPRES-55-1980.html
build/KEPPRES-61-1984.html
build/KEPPRES-63-2000.html
build/KEPPRES-68-2002.html
build/KEPPRES-72-1980.html
build/KEPPRES-74-2001.html
build/KEPPRES-78-2001.html
build/KEPPRES-79-2001.html
build/KEPPRES-8-2000.html
build/KEPPRES-8-2006.html
build/KEPPRES-82-2003.html
build/KEPPRES-83-1999.html
build/KEPPRES-9-1982.html
build/KEPPRES-9-2004.html
build/KP-17-2000.html
build/PBI-10-11-2008.html
build/PBI-10-13-2008.html
build/PBI-10-15-2008.html
build/PBI-10-17-2008.html
build/PBI-10-18-2008.html
build/PBI-10-22-2008.html
build/PBI-10-24-2008.html
build/PBI-10-25-2008.html
build/PBI-10-26-2008.html
build/PBI-10-29-2008.html
build/PBI-10-32-2008.html
build/PBI-10-34-2008.html
build/PBI-10-35-2008.html
build/PBI-10-36-2008.html
build/PBI-10-7-2008.html
build/PBI-10-9-2008.html
build/PBI-11-1-2009.html
build/PBI-11-10-2009.html
build/PBI-11-11-2009.html
build/PBI-11-12-2009.html
build/PBI-11-13-2009.html
build/PBI-11-15-2009.html
build/PBI-11-2-2009.html
build/PBI-11-20-2009.html
build/PBI-11-23-2009.html
build/PBI-11-24-2009.html
build/PBI-11-25-2009.html
build/PBI-11-26-2009.html
build/PBI-11-28-2009.html
build/PBI-11-29-2009.html
build/PBI-11-3-2009.html
build/PBI-11-30-2009.html
build/PBI-11-31-2009.html
build/PBI-11-33-2009.html
build/PBI-11-4-2009.html
build/PBI-12-10-2010.html
build/PBI-12-11-2010.html
build/PBI-12-17-2010.html
build/PBI-12-18-2010.html
build/PBI-12-19-2010.html
build/PBI-12-20-2010.html
build/PBI-12-22-2010.html
build/PBI-12-23-2010.html
build/PBI-12-9-2010.html
build/PBI-13-13-2011.html
build/PBI-13-14-2011.html
build/PBI-13-15-2011.html
build/PBI-13-19-2011.html
build/PBI-13-2-2011.html
build/PBI-13-23-2011.html
build/PBI-13-24-2011.html
build/PBI-13-25-2011.html
build/PBI-13-26-2011.html
build/PBI-13-27-2011.html
build/PBI-13-5-2011.html
build/PBI-13-6-2011.html
build/PBI-13-8-2011.html
build/PBI-13-9-2011.html
build/PBI-4-2002.html
build/PBI-6-10-2004.html
build/PBI-8-1-2006.html
build/PBI-8-3-2006.html
build/PBI-8-4-2006.html
build/PBI-8-5-2006.html
build/PBI-8-6-2006.html
build/PBI-9-11-2007.html
build/PBI-9-14-2007.html
build/PBI-9-15-2007.html
build/PBI-9-17-2007.html
build/PBI-9-2-2007.html
build/PBI-9-6-2007.html
build/PBI-9-8-2007.html
build/PBI-9-9-2007.html
build/PERPRES-1-2007.html
build/PERPRES-100-2006.html
build/PERPRES-11-2008.html
build/PERPRES-112-2006.html
build/PERPRES-112-2007.html
build/PERPRES-12-2008.html
build/PERPRES-13-2007.html
build/PERPRES-13-2010.html
build/PERPRES-14-2007.html
build/PERPRES-15-2007.html
build/PERPRES-15-2010.html
build/PERPRES-17-2011.html
build/PERPRES-18-2011.html
build/PERPRES-23-2009.html
build/PERPRES-24-1965.html
build/PERPRES-25-2008.html
build/PERPRES-26-2008.html
build/PERPRES-26-2009.html
build/PERPRES-27-2005.html
build/PERPRES-27-2008.html
build/PERPRES-27-2009.html
build/PERPRES-28-2005.html
build/PERPRES-28-2008.html
build/PERPRES-28-2011.html
build/PERPRES-30-2005.html
build/PERPRES-30-2009.html
build/PERPRES-33-2011.html
build/PERPRES-34-2005.html
build/PERPRES-35-2008.html
build/PERPRES-38-2011.html
build/PERPRES-4-2008.html
build/PERPRES-40-2009.html
build/PERPRES-45-2011.html
build/PERPRES-50-2011.html
build/PERPRES-54-2008.html
build/PERPRES-54-2010.html
build/PERPRES-60-2011.html
build/PERPRES-64-2005.html
build/PERPRES-64-2011.html
build/PERPRES-67-2005.html
build/PERPRES-67-2006.html
build/PERPRES-67-2011.html
build/PERPRES-68-2011.html
build/PERPRES-70-2005.html
build/PERPRES-71-2011.html
build/PERPRES-76-2006.html
build/PERPRES-79-2011.html
build/PERPRES-8-2006.html
build/PERPRES-81-2005.html
build/PERPRES-83-2006.html
build/PERPRES-83-2011.html
build/PERPRES-84-2006.html
build/PERPRES-84-2007.html
build/PERPRES-87-2011.html
build/PERPRES-88-2011.html
build/PERPRES-89-2006.html
build/PERPRES-9-2008.html
build/PERPRES-9-2009.html
build/PERPU-1-2009.html
build/PERPU-3-2008.html
build/PERPU-4-2008.html
build/PP-09-2003.html
build/PP-1-1989.html
build/PP-1-2001.html
build/PP-1-2003.html
build/PP-1-2006.html
build/PP-1-2010.html
build/PP-1-2011.html
build/PP-10-1983.html
build/PP-10-1989.html
build/PP-10-1990.html
build/PP-10-1999.html
build/PP-10-2000.html
build/PP-10-2011.html
build/PP-10-2012.html
build/PP-100-2000.html
build/PP-101-2000.html
build/PP-103-2000.html
build/PP-104-2000.html
build/PP-105-2000.html
build/PP-11-2002.html
build/PP-11-2010.html
build/PP-115-2000.html
build/PP-116-2000.html
build/PP-117-2000.html
build/PP-118-2000.html
build/PP-119-2000.html
build/PP-12-1995.html
build/PP-12-2000.html
build/PP-12-2002.html
build/PP-120-2000.html
build/PP-121-2000.html
build/PP-122-2000.html
build/PP-123-2000.html
build/PP-124-2000.html
build/PP-125-2000.html
build/PP-126-2000.html
build/PP-127-2000.html
build/PP-128-2000.html
build/PP-13-2002.html
build/PP-13-2010.html
build/PP-135-2000.html
build/PP-137-2000.html
build/PP-14-1986.html
build/PP-14-2009.html
build/PP-14-2010.html
build/PP-141-2000.html
build/PP-143-2000.html
build/PP-145-2000.html
build/PP-15-1990.html
build/PP-15-1991.html
build/PP-15-2001.html
build/PP-15-2010.html
build/PP-152-2000.html
build/PP-153-2000.html
build/PP-154-2000.html
build/PP-155-2000.html
build/PP-16-1993.html
build/PP-16-2005.html
build/PP-16-2006.html
build/PP-16-2010.html
build/PP-17-1990.html
build/PP-17-1991.html
build/PP-17-1999.html
build/PP-17-2005.html
build/PP-17-2007.html
build/PP-17-2010.html
build/PP-18-1991.html
build/PP-18-1999.html
build/PP-18-2008.html
build/PP-19-2007.html
build/PP-19-2008.html
build/PP-19-2010.html
build/PP-2-1990.html
build/PP-2-1999.html
build/PP-2-2002.html
build/PP-2-2003.html
build/PP-2-2006.html
build/PP-2-2009.html
build/PP-2-2011.html
build/PP-2-2012.html
build/PP-20-1981.html
build/PP-20-1990.html
build/PP-20-2006.html
build/PP-20-2010.html
build/PP-21-1982.html
build/PP-21-1996.html
build/PP-21-2005.html
build/PP-21-2008.html
build/PP-21-2010.html
build/PP-21-2011-BT.html
build/PP-22-1985.html
build/PP-22-1996.html
build/PP-22-1997.html
build/PP-22-2005.html
build/PP-23-1982.html
build/PP-23-1993.html
build/PP-23-1996.html
build/PP-23-1999.html
build/PP-23-2005.html
build/PP-23-2010.html
build/PP-23-2011-BT.html
build/PP-24-1981.html
build/PP-24-1991.html
build/PP-24-2002.html
build/PP-24-2006.html
build/PP-24-2008.html
build/PP-24-2009.html
build/PP-24-2010.html
build/PP-24-2011-BT.html
build/PP-24-2012.html
build/PP-25-1981.html
build/PP-25-1982.html
build/PP-25-1995.html
build/PP-25-1996.html
build/PP-25-1999.html
build/PP-25-2000.html
build/PP-25-2011.html
build/PP-25-2012.html
build/PP-26-1985.html
build/PP-26-1991.html
build/PP-26-2002.html
build/PP-26-2011-BT.html
build/PP-27-1985.html
build/PP-27-1999.html
build/PP-27-2002.html
build/PP-27-2004.html
build/PP-27-2012.html
build/PP-28-1990.html
build/PP-28-2000.html
build/PP-28-2001.html
build/PP-28-2004.html
build/PP-28-2008.html
build/PP-28-2011-BT.html
build/PP-28-2012.html
build/PP-29-1980.html
build/PP-29-1982.html
build/PP-29-1985.html
build/PP-29-1990.html
build/PP-29-2000.html
build/PP-29-2001.html
build/PP-29-2004.html
build/PP-29-2006.html
build/PP-29-2008.html
build/PP-29-2011-BT.html
build/PP-3-2001.html
build/PP-3-2007.html
build/PP-3-2008.html
build/PP-3-2009.html
build/PP-3-2010.html
build/PP-30-1980.html
build/PP-30-1982.html
build/PP-30-1985.html
build/PP-30-2000.html
build/PP-30-2003.html
build/PP-30-2006.html
build/PP-30-2008.html
build/PP-30-2011-BT.html
build/PP-30-2012.html
build/PP-31-1981.html
build/PP-31-1995.html
build/PP-31-1999.html
build/PP-31-2002.html
build/PP-31-2009.html
build/PP-32-1995.html
build/PP-32-2004.html
build/PP-32-2006.html
build/PP-32-2009.html
build/PP-32-2011-BT.html
build/PP-33-2005.html
build/PP-33-2007.html
build/PP-33-2011.html
build/PP-34-2002.html
build/PP-34-2009.html
build/PP-34-2010.html
build/PP-34-2011.html
build/PP-35-2002.html
build/PP-35-2006.html
build/PP-35-2008.html
build/PP-35-2011.html
build/PP-36-1980.html
build/PP-36-1983.html
build/PP-36-1993.html
build/PP-36-2000.html
build/PP-36-2006.html
build/PP-36-2007.html
build/PP-36-2010.html
build/PP-37-2000.html
build/PP-37-2005.html
build/PP-37-2007.html
build/PP-37-2009.html
build/PP-37-2010.html
build/PP-37-2011.html
build/PP-37-2012.html
build/PP-38-1981.html
build/PP-38-2008.html
build/PP-38-2009.html
build/PP-38-2010.html
build/PP-38-2011.html
build/PP-39-1981.html
build/PP-39-1995.html
build/PP-39-2001.html
build/PP-39-2003.html
build/PP-39-2007.html
build/PP-39-2008.html
build/PP-39-2010.html
build/PP-39-2011.html
build/PP-4-1985.html
build/PP-4-1988.html
build/PP-4-2001.html
build/PP-4-2010.html
build/PP-4-2012.html
build/PP-40-1991.html
build/PP-40-1995.html
build/PP-40-1996.html
build/PP-40-2004.html
build/PP-40-2005.html
build/PP-40-2006.html
build/PP-40-2007.html
build/PP-40-2011.html
build/PP-41-1980.html
build/PP-41-1990.html
build/PP-41-1993.html
build/PP-41-2002.html
build/PP-41-2004.html
build/PP-41-2007.html
build/PP-41-2008.html
build/PP-41-2011.html
build/PP-42-1990.html
build/PP-42-1993.html
build/PP-42-2002.html
build/PP-42-2006.html
build/PP-42-2007.html
build/PP-42-2008.html
build/PP-42-2009.html
build/PP-43-2004.html
build/PP-43-2006.html
build/PP-43-2007.html
build/PP-43-2008.html
build/PP-43-2009.html
build/PP-43-2010.html
build/PP-43-2011.html
build/PP-44-2004.html
build/PP-44-2005.html
build/PP-44-2008.html
build/PP-44-2010.html
build/PP-45-1992.html
build/PP-45-2001.html
build/PP-45-2003.html
build/PP-45-2004.html
build/PP-45-2005.html
build/PP-45-2007.html
build/PP-45-2010.html
build/PP-46-1981.html
build/PP-46-1991.html
build/PP-46-2008.html
build/PP-46-2010.html
build/PP-48-1980.html
build/PP-48-2005.html
build/PP-48-2008.html
build/PP-48-2009.html
build/PP-48-2011.html
build/PP-49-2008.html
build/PP-49-2009.html
build/PP-5-1982.html
build/PP-5-1985.html
build/PP-5-1990.html
build/PP-5-1997.html
build/PP-5-2001.html
build/PP-5-2007.html
build/PP-5-2010.html
build/PP-50-1980.html
build/PP-50-1981.html
build/PP-50-2005.html
build/PP-50-2011.html
build/PP-51-1981.html
build/PP-51-2001.html
build/PP-51-2002.html
build/PP-51-2005.html
build/PP-51-2007.html
build/PP-51-2011.html
build/PP-52-2005.html
build/PP-53-1999.html
build/PP-53-2000.html
build/PP-53-2001.html
build/PP-53-2003.html
build/PP-53-2005.html
build/PP-53-2010.html
build/PP-54-2000.html
build/PP-54-2005.html
build/PP-54-2007.html
build/PP-54-2008.html
build/PP-54-2010.html
build/PP-55-1981.html
build/PP-55-1990.html
build/PP-55-2001.html
build/PP-55-2005.html
build/PP-55-2007.html
build/PP-55-2008.html
build/PP-55-2010.html
build/PP-56-2003.html
build/PP-56-2005.html
build/PP-56-2009.html
build/PP-57-1990.html
build/PP-57-1999.html
build/PP-57-2008.html
build/PP-57-2009.html
build/PP-57-2010.html
build/PP-58-1999.html
build/PP-58-2005.html
build/PP-58-2009.html
build/PP-59-2001.html
build/PP-59-2007.html
build/PP-59-2009.html
build/PP-59-2010.html
build/PP-6-1985.html
build/PP-6-1993.html
build/PP-6-1995.html
build/PP-6-1999.html
build/PP-6-2000.html
build/PP-6-2003.html
build/PP-6-2005.html
build/PP-6-2006.html
build/PP-6-2010.html
build/PP-60-2007.html
build/PP-60-2009.html
build/PP-61-1999.html
build/PP-61-2009.html
build/PP-61-2010.html
build/PP-62-1990.html
build/PP-62-2000.html
build/PP-62-2010.html
build/PP-63-1999.html
build/PP-63-2001.html
build/PP-63-2002.html
build/PP-63-2005.html
build/PP-63-2007.html
build/PP-63-2008.html
build/PP-64-2005.html
build/PP-64-2010.html
build/PP-65-1991.html
build/PP-65-1998.html
build/PP-65-2001.html
build/PP-65-2005.html
build/PP-66-1999.html
build/PP-66-2001.html
build/PP-67-1996.html
build/PP-67-2008.html
build/PP-68-2002.html
build/PP-69-1999.html
build/PP-69-2001.html
build/PP-69-2010.html
build/PP-7-1985.html
build/PP-7-1990.html
build/PP-7-1999.html
build/PP-7-2000.html
build/PP-7-2002.html
build/PP-7-2003.html
build/PP-7-2005.html
build/PP-7-2008.html
build/PP-7-2010.html
build/PP-7-2011.html
build/PP-70-1991.html
build/PP-70-2001.html
build/PP-70-2009.html
build/PP-71-1999.html
build/PP-72-1991.html
build/PP-72-1998.html
build/PP-72-2005.html
build/PP-72-2008.html
build/PP-72-2009.html
build/PP-72-2010.html
build/PP-73-1991.html
build/PP-73-1999.html
build/PP-73-2005.html
build/PP-73-2008.html
build/PP-74-1991.html
build/PP-74-2000.html
build/PP-74-2008.html
build/PP-75-2005.html
build/PP-76-1991.html
build/PP-76-2008.html
build/PP-77-2007.html
build/PP-77-2008.html
build/PP-78-2007.html
build/PP-78-2010.html
build/PP-79-2005.html
build/PP-8-1980.html
build/PP-8-1981.html
build/PP-8-1985.html
build/PP-8-1990.html
build/PP-8-1993.html
build/PP-8-2001.html
build/PP-8-2005.html
build/PP-8-2007.html
build/PP-8-2008.html
build/PP-8-2011.html
build/PP-80-1999.html
build/PP-80-2007.html
build/PP-81-2000.html
build/PP-81-2001.html
build/PP-82-2001.html
build/PP-83-2008.html
build/PP-83-2010.html
build/PP-84-2000.html
build/PP-86-2000.html
build/PP-9-1980.html
build/PP-9-1990.html
build/PP-9-1995.html
build/PP-9-1999.html
build/PP-9-2006.html
build/PP-9-2008.html
build/PP-9-2010.html
build/PP-90-2010.html
build/PP-91-2000.html
build/PP-93-2010.html
build/PP-94-2010.html
build/PP-95-2000.html
build/PP-96-2000.html
build/PP-97-2000.html
build/PP-98-2000.html
build/PP-99-2000.html
build/UU-1-1946.html
build/UU-1-1970.html
build/UU-1-1974.html
build/UU-1-1979.html
build/UU-1-1995.html
build/UU-1-2002.html
build/UU-1-2003.html
build/UU-1-2009.html
build/UU-1-2011.html
build/UU-10-1992.html
build/UU-10-1995.html
build/UU-10-1998.html
build/UU-10-2001.html
build/UU-10-2007.html
build/UU-10-2008.html
build/UU-10-2009.html
build/UU-10-2010.html
build/UU-10-2011.html
build/UU-11-1967.html
build/UU-11-1974.html
build/UU-11-1992.html
build/UU-11-1995.html
build/UU-11-2001.html
build/UU-11-2002.html
build/UU-11-2007.html
build/UU-11-2008.html
build/UU-11-2009.html
build/UU-11-2010.html
build/UU-12-1985.html
build/UU-12-1997.html
build/UU-12-1999.html
build/UU-12-2001.html
build/UU-12-2002.html
build/UU-12-2003.html
build/UU-12-2008.html
build/UU-12-2010.html
build/UU-12-2011.html
build/UU-13-1985.html
build/UU-13-1997.html
build/UU-13-1998.html
build/UU-13-1999.html
build/UU-13-2001.html
build/UU-13-2002.html
build/UU-13-2003.html
build/UU-13-2008.html
build/UU-13-2010.html
build/UU-13-2011.html
build/UU-14-1985.html
build/UU-14-1992.html
build/UU-14-1997.html
build/UU-14-2002.html
build/UU-14-2005.html
build/UU-14-2007.html
build/UU-14-2008.html
build/UU-15-1992.html
build/UU-15-1997.html
build/UU-15-2001.html
build/UU-15-2006.html
build/UU-15-2011.html
build/UU-16-1985.html
build/UU-16-1999.html
build/UU-16-2000.html
build/UU-16-2001.html
build/UU-16-2006.html
build/UU-16-2007.html
build/UU-16-2011.html
build/UU-17-1999.html
build/UU-17-2003.html
build/UU-17-2008.html
build/UU-17-2011.html
build/UU-18-1999.html
build/UU-18-2000.html
build/UU-18-2001.html
build/UU-18-2003.html
build/UU-18-2004.html
build/UU-18-2008.html
build/UU-18-2009.html
build/UU-18-2011.html
build/UU-19-1992.html
build/UU-19-2002.html
build/UU-19-2003.html
build/UU-19-2006.html
build/UU-19-2007.html
build/UU-19-2008.html
build/UU-2-1981.html
build/UU-2-1985.html
build/UU-2-1986.html
build/UU-2-1988.html
build/UU-2-1992.html
build/UU-2-1995.html
build/UU-2-1998.html
build/UU-2-2001.html
build/UU-2-2002.html
build/UU-2-2006.html
build/UU-2-2007.html
build/UU-2-2008.html
build/UU-2-2009.html
build/UU-2-2010.html
build/UU-2-2011.html
build/UU-20-1982.html
build/UU-20-1997.html
build/UU-20-2000.html
build/UU-20-2002.html
build/UU-20-2003.html
build/UU-20-2008.html
build/UU-20-2009.html
build/UU-20-2011.html
build/UU-21-2000.html
build/UU-21-2007.html
build/UU-21-2008.html
build/UU-21-2011.html
build/UU-22-1997.html
build/UU-22-1999.html
build/UU-22-2001.html
build/UU-22-2009.html
build/UU-22-2011.html
build/UU-23-1992.html
build/UU-23-1999.html
build/UU-23-2002.html
build/UU-23-2003.html
build/UU-23-2006.html
build/UU-23-2011.html
build/UU-24-1992.html
build/UU-24-2007.html
build/UU-24-2009.html
build/UU-24-2011.html
build/UU-25-1997.html
build/UU-25-1999.html
build/UU-25-2003.html
build/UU-25-2007.html
build/UU-25-2009.html
build/UU-26-1997.html
build/UU-26-2000.html
build/UU-26-2002.html
build/UU-26-2007.html
build/UU-26-2008.html
build/UU-27-2002.html
build/UU-27-2003.html
build/UU-27-2007.html
build/UU-27-2009.html
build/UU-28-1997.html
build/UU-28-1999.html
build/UU-28-2002.html
build/UU-28-2007.html
build/UU-28-2009.html
build/UU-29-2000.html
build/UU-29-2004.html
build/UU-29-2007.html
build/UU-29-2009.html
build/UU-3-1966.html
build/UU-3-1985.html
build/UU-3-1989.html
build/UU-3-1996.html
build/UU-3-1998.html
build/UU-3-1999.html
build/UU-3-2001.html
build/UU-3-2002.html
build/UU-3-2004.html
build/UU-3-2005.html
build/UU-3-2007.html
build/UU-3-2008.html
build/UU-3-2009.html
build/UU-30-1999.html
build/UU-30-2007.html
build/UU-30-2009.html
build/UU-31-2002.html
build/UU-31-2007.html
build/UU-31-2009.html
build/UU-32-1997.html
build/UU-32-2000.html
build/UU-32-2002.html
build/UU-32-2003.html
build/UU-32-2007.html
build/UU-32-2009.html
build/UU-33-2003.html
build/UU-33-2004.html
build/UU-33-2009.html
build/UU-34-1999.html
build/UU-34-2000.html
build/UU-34-2003.html
build/UU-34-2004.html
build/UU-34-2007.html
build/UU-35-2003.html
build/UU-35-2009.html
build/UU-36-1999.html
build/UU-36-2003.html
build/UU-36-2007.html
build/UU-36-2008.html
build/UU-36-2009.html
build/UU-37-2008.html
build/UU-38-1999.html
build/UU-38-2000.html
build/UU-38-2004.html
build/UU-38-2009.html
build/UU-39-1999.html
build/UU-39-2003.html
build/UU-39-2008.html
build/UU-39-2009.html
build/UU-4-1994.html
build/UU-4-1995.html
build/UU-4-1996.html
build/UU-4-1999.html
build/UU-4-2000.html
build/UU-4-2002.html
build/UU-4-2008.html
build/UU-4-2009.html
build/UU-40-1999.html
build/UU-40-2003.html
build/UU-40-2007.html
build/UU-40-2009.html
build/UU-41-1999.html
build/UU-41-2004.html
build/UU-42-1999.html
build/UU-42-2008.html
build/UU-42-2009.html
build/UU-43-2009.html
build/UU-44-2008.html
build/UU-44-2009.html
build/UU-45-1999.html
build/UU-45-2008.html
build/UU-45-2009.html
build/UU-46-2008.html
build/UU-47-1999.html
build/UU-47-2008.html
build/UU-48-1999.html
build/UU-49-2009.html
build/UU-5-1960.html
build/UU-5-1979.html
build/UU-5-1991.html
build/UU-5-1992.html
build/UU-5-1996.html
build/UU-5-1997.html
build/UU-5-1999.html
build/UU-5-2002.html
build/UU-5-2003.html
build/UU-5-2004.html
build/UU-5-2008.html
build/UU-5-2011.html
build/UU-50-2009.html
build/UU-51-1999.html
build/UU-51-2009.html
build/UU-52-2009.html
build/UU-53-1999.html
build/UU-54-1999.html
build/UU-54-2008.html
build/UU-55-1999.html
build/UU-55-2008.html
build/UU-56-2008.html
build/UU-6-1984.html
build/UU-6-1989.html
build/UU-6-1993.html
build/UU-6-2001.html
build/UU-6-2008.html
build/UU-6-2011.html
build/UU-7-1981.html
build/UU-7-1983.html
build/UU-7-1987.html
build/UU-7-1996.html
build/UU-7-2001.html
build/UU-7-2007.html
build/UU-7-2008.html
build/UU-7-2011.html
build/UU-8-1974.html
build/UU-8-1990.html
build/UU-8-1999.html
build/UU-8-2001.html
build/UU-8-2003.html
build/UU-8-2007.html
build/UU-8-2008.html
build/UU-8-2010.html
build/UU-8-2011.html
build/UU-9-1998.html
build/UU-9-2001.html
build/UU-9-2006.html
build/UU-9-2008.html
build/UU-9-2009.html
build/UU-9-2010.html
build/UU-9-2011.html
