build/KEPPRES-107-2004.html
build/KEPPRES-114-1999.html
build/KEPPRES-14-2007.html
build/KEPPRES-18-2000.html
build/KEPPRES-46-1984.html
build/KEPPRES-61-1984.html
build/KEPPRES-68-2004.html
build/KEPPRES-70-2002.html
build/KEPPRES-76-2004.html
build/KEPPRES-77-2004.html
build/KEPPRES-78-2004.html
build/KP-16-2005.html
build/PBI-11-1-2009.html
build/PBI-11-10-2009.html
build/PBI-11-11-2009.html
build/PBI-11-12-2009.html
build/PBI-11-33-2009.html
build/PBI-12-20-2010.html
build/PBI-12-22-2010.html
build/PBI-12-9-2010.html
build/PBI-13-26-2011.html
build/PBI-13-27-2011.html
build/PBI-14-15-2012.html
build/PBI-14-23-2012.html
build/PBI-14-3-2012.html
build/PBI-9-12-2007.html
build/PERPRES-101-2006.html
build/PERPRES-12-2008.html
build/PERPRES-13-2009.html
build/PERPRES-23-2010.html
build/PERPRES-25-2008.html
build/PERPRES-35-2008.html
build/PERPRES-49-2008.html
build/PERPRES-54-2008.html
build/PERPRES-54-2010.html
build/PERPRES-65-2005.html
build/PERPRES-8-2008.html
build/PERPRES-84-2007.html
build/PERPRES-88-2011.html
build/PERPRES-97-2006.html
build/PP-1-2001.html
build/PP-1-2011.html
build/PP-10-2010.html
build/PP-10-2011.html
build/PP-10-2012.html
build/PP-12-2012.html
build/PP-14-2012.html
build/PP-15-2004.html
build/PP-15-2010.html
build/PP-16-2010.html
build/PP-17-1990.html
build/PP-17-2010.html
build/PP-17-2013.html
build/PP-2-2011.html
build/PP-20-2005.html
build/PP-20-2010.html
build/PP-21-2008.html
build/PP-23-2010.html
build/PP-25-2012.html
build/PP-26-1985.html
build/PP-27-1991.html
build/PP-28-2011-BT.html
build/PP-28-2012.html
build/PP-30-2006.html
build/PP-31-1999.html
build/PP-31-2013.html
build/PP-32-2011-BT.html
build/PP-34-2002.html
build/PP-35-2010.html
build/PP-36-2007.html
build/PP-37-2010.html
build/PP-37-2012.html
build/PP-38-2010.html
build/PP-39-2007.html
build/PP-4-1988.html
build/PP-40-2007.html
build/PP-40-2013.html
build/PP-41-2007.html
build/PP-41-2008.html
build/PP-42-2006.html
build/PP-42-2008.html
build/PP-43-2004.html
build/PP-43-2008.html
build/PP-43-2009.html
build/PP-44-2004.html
build/PP-45-2004.html
build/PP-46-2010.html
build/PP-48-2008.html
build/PP-48-2011.html
build/PP-5-1980.html
build/PP-50-2005.html
build/PP-50-2012.html
build/PP-51-1999.html
build/PP-51-2012.html
build/PP-53-2010.html
build/PP-55-2005.html
build/PP-55-2007.html
build/PP-55-2012.html
build/PP-56-2003.html
build/PP-56-2009.html
build/PP-58-1999.html
build/PP-58-2009.html
build/PP-59-2007.html
build/PP-6-2010.html
build/PP-61-2009.html
build/PP-63-2002.html
build/PP-67-1996.html
build/PP-7-2010.html
build/PP-7-2011.html
build/PP-72-2005.html
build/PP-72-2009.html
build/PP-72-2010.html
build/PP-72-2012.html
build/PP-76-2008.html
build/PP-77-2012.html
build/PP-79-2012.html
build/PP-8-1990.html
build/PP-8-2005.html
build/PP-8-2007.html
build/PP-8-2008.html
build/PP-8-2013.html
build/PP-80-1999.html
build/PP-80-2012.html
build/PP-9-2011.html
build/PP-9-2012.html
build/PP-95-2012.html
build/PS-13-2012.html
build/PS-2-2011.html
build/PS-28-2012.html
build/PS-3-2012.html
build/PS-4-2013.html
build/PS-52-2010.html
build/PS-62-2013.html
build/PS-79-2012.html
build/UU-1-2001.html
build/UU-1-2009.html
build/UU-1-2011.html
build/UU-10-1995.html
build/UU-10-2008.html
build/UU-11-1995.html
build/UU-11-2010.html
build/UU-11-2012.html
build/UU-12-2003.html
build/UU-12-2012.html
build/UU-13-2003.html
build/UU-13-2010.html
build/UU-13-2011.html
build/UU-14-1985.html
build/UU-15-2011.html
build/UU-16-2012.html
build/UU-17-2008.html
build/UU-17-2011.html
build/UU-18-2008.html
build/UU-18-2012.html
build/UU-18-2013.html
build/UU-19-2013.html
build/UU-2-1986.html
build/UU-2-2012.html
build/UU-20-2011.html
build/UU-20-2013.html
build/UU-21-2013.html
build/UU-22-2009.html
build/UU-23-2003.html
build/UU-23-2006.html
build/UU-24-2007.html
build/UU-24-2011.html
build/UU-25-1997.html
build/UU-26-2000.html
build/UU-26-2007.html
build/UU-27-2003.html
build/UU-27-2007.html
build/UU-27-2009.html
build/UU-28-2002.html
build/UU-29-2004.html
build/UU-32-1997.html
build/UU-32-2004.html
build/UU-32-2009.html
build/UU-36-2009.html
build/UU-38-1999.html
build/UU-4-1950.html
build/UU-4-2009.html
build/UU-40-2007.html
build/UU-42-2008.html
build/UU-43-2009.html
build/UU-52-2009.html
build/UU-7-2012.html
build/UU-8-2010.html
build/UU-8-2012.html
build/UU-9-2013.html
