renaming ps1-2012.html to PS-1-2012.html
renaming ips14-1983.html to IPS-14-1983.html
renaming ps23-2012.html to PS-23-2012.html
renaming ps33-2012.html to PS-33-2012.html
renaming ps72-2013.html to PS-72-2013.html
renaming ps60-2013.html to PS-60-2013.html
renaming ps81-2012.html to PS-81-2012.html
renaming perpu2-2000.html to PERPU-2-2000.html
renaming pp4-2010.html to PP-4-2010.html
renaming PP2-2002.html to PP-2-2002.html
renaming uu8-2013.html to UU-8-2013.html
renaming inp5-1984.html to INP-5-1984.html
renaming uu16-2013.html to UU-16-2013.html
renaming pp58-2012.html to PP-58-2012.html
renaming PP46-1994.html to PP-46-1994.html
renaming kp42-1990.html to KP-42-1990.html
renaming ps6-2012.html to PS-6-2012.html
renaming ps120-2012.html to PS-120-2012.html
renaming ps51-2010.html to PS-51-2010.html
renaming Kp27-1983.html to KP-27-1983.html
renaming ps52-2013.html to PS-52-2013.html
renaming ps121-2012.html to PS-121-2012.html
renaming pp36-1984.html to PP-36-1984.html
renaming ps51-2012.html to PS-51-2012.html
renaming pp10-1984.html to PP-10-1984.html
renaming ps15-2012.html to PS-15-2012.html
renaming kp38-1990.html to KP-38-1990.html
renaming ips8-1982.html to IPS-8-1982.html
renaming kp12-2005.html to KP-12-2005.html
renaming ps125-2012.html to PS-125-2012.html
renaming ps44-2013.html to PS-44-2013.html
renaming kp41-1990.html to KP-41-1990.html
renaming uu13-2013.html to UU-13-2013.html
renaming kp10-1999.html to KP-10-1999.html
renaming pp96-2012.html to PP-96-2012.html
renaming Kp21-1983.html to KP-21-1983.html
renaming pp4-2013.html to PP-4-2013.html
renaming pp40-1982.html to PP-40-1982.html
renaming uu15-2013.html to UU-15-2013.html
renaming kp44-1990.html to KP-44-1990.html
renaming ips5-2011.html to IPS-5-2011.html
renaming ps76-2012.html to PS-76-2012.html
renaming ps58-2012.html to PS-58-2012.html
renaming pp29-2013.html to PP-29-2013.html
renaming pp63-2012.html to PP-63-2012.html
renaming uu22-1957.html to UU-22-1957.html
renaming ps30-2012.html to PS-30-2012.html
renaming pp33-1982.html to PP-33-1982.html
renaming pp102-2012.html to PP-102-2012.html
renaming Kp9-1983.html to KP-9-1983.html
renaming kp10-1990.html to KP-10-1990.html
renaming Keppres7-1985.html to KEPPRES-7-1985.html
renaming ps3-2013.html to PS-3-2013.html
renaming ps55-2012.html to PS-55-2012.html
renaming Perpres23-2010.html to PERPRES-23-2010.html
renaming bpk1-2011.html to BPK-1-2011.html
renaming kp28-1984.html to KP-28-1984.html
renaming ps101-2012.html to PS-101-2012.html
renaming ips9-2011.html to IPS-9-2011.html
renaming ips2-2010.html to IPS-2-2010.html
renaming kp21-2004.html to KP-21-2004.html
renaming pp20-1984.html to PP-20-1984.html
renaming uu20-2013.html to UU-20-2013.html
renaming pp22-2013.html to PP-22-2013.html
renaming pp88-2012.html to PP-88-2012.html
renaming pp27-1982.html to PP-27-1982.html
renaming uu18-2013.html to UU-18-2013.html
renaming pp65-2009.html to PP-65-2009.html
renaming pp7-2013.html to PP-7-2013.html
renaming Kp45-1996.html to KP-45-1996.html
renaming kp4-1983.html to KP-4-1983.html
renaming uu9-2013.html to UU-9-2013.html
renaming kp15-1981.html to KP-15-1981.html
renaming ps102-2012.html to PS-102-2012.html
renaming ips1-2011.html to IPS-1-2011.html
renaming uu2-2013.html to UU-2-2013.html
renaming kp33-1984.html to KP-33-1984.html
renaming pp110-2012.html to PP-110-2012.html
renaming Kp59-1998.html to KP-59-1998.html
renaming ps108-2012.html to PS-108-2012.html
renaming inp9-1984.html to INP-9-1984.html
renaming ps126-2012.html to PS-126-2012.html
renaming ps70-2013.html to PS-70-2013.html
renaming pp93-2012.html to PP-93-2012.html
renaming pp1-2010.html to PP-1-2010.html
renaming perpres38-2009.html to PERPRES-38-2009.html
renaming pp52-2009.html to PP-52-2009.html
renaming pp8-1984.html to PP-8-1984.html
renaming ips12-1982.html to IPS-12-1982.html
renaming pp51-2013.html to PP-51-2013.html
renaming kp35-1984.html to KP-35-1984.html
renaming Kp38-1983.html to KP-38-1983.html
renaming Perpres15-2010.html to PERPRES-15-2010.html
renaming kp14-2005.html to KP-14-2005.html
renaming pp104-2012.html to PP-104-2012.html
renaming ps116-2012.html to PS-116-2012.html
renaming keppres22-2005.html to KEPPRES-22-2005.html
renaming uu3-2013.html to UU-3-2013.html
renaming pp1-2005.html to PP-1-2005.html
renaming ps73-2012.html to PS-73-2012.html
renaming ps47-2013.html to PS-47-2013.html
renaming pp10-2013.html to PP-10-2013.html
renaming pp98-2012.html to PP-98-2012.html
renaming ps69-2012.html to PS-69-2012.html
renaming pp27-2013.html to PP-27-2013.html
renaming ps55-2013.html to PS-55-2013.html
renaming ips13-1983.html to IPS-13-1983.html
renaming ps99-2012.html to PS-99-2012.html
renaming Perpres25-2010.html to PERPRES-25-2010.html
renaming pp109-2012.html to PP-109-2012.html
renaming ps77-2012.html to PS-77-2012.html
renaming ps111-2012.html to PS-111-2012.html
renaming ips2-2011.html to IPS-2-2011.html
renaming ps68-2012.html to PS-68-2012.html
renaming ps31-2012.html to PS-31-2012.html
renaming pp43-1982.html to PP-43-1982.html
renaming pp18-1984.html to PP-18-1984.html
renaming ips6-1981.html to IPS-6-1981.html
renaming kp2-2005.html to KP-2-2005.html
renaming ips16-1983.html to IPS-16-1983.html
renaming pp1-1945.html to PP-1-1945.html
renaming ps64-2012.html to PS-64-2012.html
renaming pp100-2012.html to PP-100-2012.html
renaming kp34-1984.html to KP-34-1984.html
renaming ps28-2012.html to PS-28-2012.html
renaming pp80-2012.html to PP-80-2012.html
renaming ps118-2012.html to PS-118-2012.html
renaming uu18-2012.html to UU-18-2012.html
renaming uu8-1980.html to UU-8-1980.html
renaming kp6-1984.html to KP-6-1984.html
renaming pp70-2009.html to PP-70-2009.html
renaming Kp46-1996.html to KP-46-1996.html
renaming pp14-2013.html to PP-14-2013.html
renaming ps105-2013.html to PS-105-2013.html
renaming pp54-2009.html to PP-54-2009.html
renaming ips12-1983.html to IPS-12-1983.html
renaming ips2-1983.html to IPS-2-1983.html
renaming pp33-1984.html to PP-33-1984.html
renaming ps40-2012.html to PS-40-2012.html
renaming ps43-2013.html to PS-43-2013.html
renaming ips1-1983.html to IPS-1-1983.html
renaming pp8-2013.html to PP-8-2013.html
renaming pp37-1982.html to PP-37-1982.html
renaming uu6-2013.html to UU-6-2013.html
renaming ps96-2012.html to PS-96-2012.html
renaming ps52-2012.html to PS-52-2012.html
renaming kp18-1990.html to KP-18-1990.html
renaming ps22-2012.html to PS-22-2012.html
renaming ps119-2012.html to PS-119-2012.html
renaming uu11-2013.html to UU-11-2013.html
renaming pp3-2010.html to PP-3-2010.html
renaming kp7-2005.html to KP-7-2005.html
renaming uu22-2013.html to UU-22-2013.html
renaming ps65-2012.html to PS-65-2012.html
renaming pp19-1984.html to PP-19-1984.html
renaming ips15-1983.html to IPS-15-1983.html
renaming ps117-2012.html to PS-117-2012.html
renaming ps83-2012.html to PS-83-2012.html
renaming ips4-2011.html to IPS-4-2011.html
renaming kp25-1984.html to KP-25-1984.html
renaming pp19-2013.html to PP-19-2013.html
renaming uu17-2013.html to UU-17-2013.html
renaming ips5-1982.html to IPS-5-1982.html
renaming Kp50-1990.html to KP-50-1990.html
renaming ps21-2012.html to PS-21-2012.html
renaming kp10-1984.html to KP-10-1984.html
renaming kp52-1990.html to KP-52-1990.html
renaming ips8-2011.html to IPS-8-2011.html
renaming Kp58-1998.html to KP-58-1998.html
renaming ips2-1982.html to IPS-2-1982.html
renaming ips5-1981.html to IPS-5-1981.html
renaming kp29-1984.html to KP-29-1984.html
renaming pbi4-2002.html to PBI-4-2002.html
renaming pp73-2012.html to PP-73-2012.html
renaming kp7-1984.html to KP-7-1984.html
renaming pp25-2013.html to PP-25-2013.html
renaming ips13-1981.html to IPS-13-1981.html
renaming kp42-2001.html to KP-42-2001.html
renaming pp34-1982.html to PP-34-1982.html
renaming pp42-2013.html to PP-42-2013.html
renaming ips4-1982.html to IPS-4-1982.html
renaming ps68-2013.html to PS-68-2013.html
renaming ps72-2012.html to PS-72-2012.html
renaming pp62-2009.html to PP-62-2009.html
renaming ips3-1982.html to IPS-3-1982.html
renaming uu20-2012.html to UU-20-2012.html
renaming ps104-2012.html to PS-104-2012.html
renaming ps58-2013.html to PS-58-2013.html
renaming kp13-1985.html to KP-13-1985.html
renaming kp38-1984.html to KP-38-1984.html
renaming kp1-1983.html to KP-1-1983.html
renaming ps56-2012.html to PS-56-2012.html
renaming pp99-2012.html to PP-99-2012.html
renaming ips13-2011.html to IPS-13-2011.html
renaming ps57-2012.html to PS-57-2012.html
renaming ps24-2013.html to PS-24-2013.html
renaming ips6-1982.html to IPS-6-1982.html
renaming Perpres13-2010.html to PERPRES-13-2010.html
renaming pp6-1984.html to PP-6-1984.html
renaming ps44-2012.html to PS-44-2012.html
renaming ps16-2012.html to PS-16-2012.html
renaming ps29-2012.html to PS-29-2012.html
renaming ps46-2012.html to PS-46-2012.html
renaming Perpres29-2010.html to PERPRES-29-2010.html
renaming ips9-1982.html to IPS-9-1982.html
renaming pp65-2010.html to PP-65-2010.html
renaming ps87-2012.html to PS-87-2012.html
renaming kp23-1984.html to KP-23-1984.html
renaming kp35-1990.html to KP-35-1990.html
renaming pp36-1982.html to PP-36-1982.html
renaming kp21-1984.html to KP-21-1984.html
renaming kp7-1990.html to KP-7-1990.html
renaming ps51-2013.html to PS-51-2013.html
renaming ps35-2012.html to PS-35-2012.html
renaming ps90-2012.html to PS-90-2012.html
renaming ps59-2012.html to PS-59-2012.html
renaming ps19-2013.html to PS-19-2013.html
renaming kp23-1990.html to KP-23-1990.html
renaming ps8-2012.html to PS-8-2012.html
renaming ips4-1983.html to IPS-4-1983.html
renaming ps71-2012.html to PS-71-2012.html
renaming ips10-1983.html to IPS-10-1983.html
renaming Kp60-1996.html to KP-60-1996.html
renaming pp23-2011.html to PP-23-2011.html
renaming ips4-1981.html to IPS-4-1981.html
renaming ps43-2012.html to PS-43-2012.html
renaming kp4-2005.html to KP-4-2005.html
renaming ps38-2012.html to PS-38-2012.html
renaming pbi10-2013.html to PBI-10-2013.html
renaming kp5-1990.html to KP-5-1990.html
renaming pp17-1984.html to PP-17-1984.html
renaming Kp48-1984.html to KP-48-1984.html
renaming kp3-2005.html to KP-3-2005.html
renaming bpk4-2010.html to BPK-4-2010.html
renaming kp13-1984.html to KP-13-1984.html
renaming pp27-2011.html to PP-27-2011.html
renaming pp14-1984.html to PP-14-1984.html
renaming Keppres18-1985.html to KEPPRES-18-1985.html
renaming kp40-1984.html to KP-40-1984.html
renaming uu14-2013.html to UU-14-2013.html
renaming Keppres27-1985.html to KEPPRES-27-1985.html
renaming Perpres4-2010.html to PERPRES-4-2010.html
renaming Ps6-2010.html to PS-6-2010.html
renaming kp20-1990.html to KP-20-1990.html
renaming ps110-2012.html to PS-110-2012.html
renaming ps63-2013.html to PS-63-2013.html
renaming ps123-2012.html to PS-123-2012.html
renaming ips8-1983.html to IPS-8-1983.html
renaming ips13-1982.html to IPS-13-1982.html
renaming Kp56-1998.html to KP-56-1998.html
renaming pp16-2013.html to PP-16-2013.html
renaming pp89-2012.html to PP-89-2012.html
renaming ps114-2012.html to PS-114-2012.html
renaming ps57-2013.html to PS-57-2013.html
renaming pp51-2009.html to PP-51-2009.html
renaming kp16-1990.html to KP-16-1990.html
renaming pp68-2012.html to PP-68-2012.html
renaming kp6-2005.html to KP-6-2005.html
renaming ps62-2013.html to PS-62-2013.html
renaming ps15-2013.html to PS-15-2013.html
renaming ips1-2010.html to IPS-1-2010.html
renaming kp2-1983.html to KP-2-1983.html
renaming kp58-1981.html to KP-58-1981.html
renaming ps19-2012.html to PS-19-2012.html
renaming kp1-1990.html to KP-1-1990.html
renaming ps30-2013.html to PS-30-2013.html
renaming kp37-1990.html to KP-37-1990.html
renaming ps37-2012.html to PS-37-2012.html
renaming ps69-2013.html to PS-69-2013.html
renaming kp36-1990.html to KP-36-1990.html
renaming pp26-2011.html to PP-26-2011.html
renaming ps82-2012.html to PS-82-2012.html
renaming ps13-2012.html to PS-13-2012.html
renaming ips14-1982.html to IPS-14-1982.html
renaming ps54-2012.html to PS-54-2012.html
renaming ps39-2012.html to PS-39-2012.html
renaming kp9-1990.html to KP-9-1990.html
renaming ps61-2012.html to PS-61-2012.html
renaming KP21-2005.html to KP-21-2005.html
renaming kp14-1990.html to KP-14-1990.html
renaming kp11-2005.html to KP-11-2005.html
renaming kp3-1983.html to KP-3-1983.html
renaming kp18-1984.html to KP-18-1984.html
renaming ps109-2012.html to PS-109-2012.html
renaming ips7-1981.html to IPS-7-1981.html
renaming ps66-2012.html to PS-66-2012.html
renaming pp44-1982.html to PP-44-1982.html
renaming ips11-1982.html to IPS-11-1982.html
renaming ps42-2012.html to PS-42-2012.html
renaming ps107-2012.html to PS-107-2012.html
renaming ps11-2013.html to PS-11-2013.html
renaming kp93-2004.html to KP-93-2004.html
renaming ps48-2013.html to PS-48-2013.html
renaming uu21-2013.html to UU-21-2013.html
renaming kp11-1984.html to KP-11-1984.html
renaming ps74-2012.html to PS-74-2012.html
renaming ps55-2009.html to PS-55-2009.html
renaming kp39-1990.html to KP-39-1990.html
renaming ips1-1982.html to IPS-1-1982.html
renaming pp52-2013.html to PP-52-2013.html
renaming kp16-2005.html to KP-16-2005.html
renaming ps10-2013.html to PS-10-2013.html
renaming kp12-1990.html to KP-12-1990.html
renaming ips7-2011.html to IPS-7-2011.html
renaming ips3-1983.html to IPS-3-1983.html
renaming ps13-2013.html to PS-13-2013.html
renaming kp15-2005.html to KP-15-2005.html
renaming ps106-2012.html to PS-106-2012.html
renaming pp34-1984.html to PP-34-1984.html
renaming kp8-1990.html to KP-8-1990.html
renaming pp65-2012.html to PP-65-2012.html
renaming pp11-1984.html to PP-11-1984.html
renaming kp10-2005.html to KP-10-2005.html
renaming pp94-2012.html to PP-94-2012.html
renaming kp5-2005.html to KP-5-2005.html
renaming ps12-2013.html to PS-12-2013.html
renaming pp66-2012.html to PP-66-2012.html
renaming ips12-1981.html to IPS-12-1981.html
renaming UU25-2004.html to UU-25-2004.html
renaming pp57-2009.html to PP-57-2009.html
renaming pp21-2011.html to PP-21-2011.html
renaming kp36-1984.html to KP-36-1984.html
renaming kp43-1990.html to KP-43-1990.html
renaming Kp57-1998.html to KP-57-1998.html
renaming kp2-1990.html to KP-2-1990.html
renaming ps71-2013.html to PS-71-2013.html
renaming pp16-1984.html to PP-16-1984.html
renaming ps34-2012.html to PS-34-2012.html
renaming kp39-1984.html to KP-39-1984.html
renaming ps25-2012.html to PS-25-2012.html
renaming kp33-1990.html to KP-33-1990.html
renaming pp4-1984.html to PP-4-1984.html
renaming kp3-1990.html to KP-3-1990.html
renaming ps75-2012.html to PS-75-2012.html
renaming pp16-2011.html to PP-16-2011.html
renaming kp51-1981.html to KP-51-1981.html
renaming inp8-1984.html to INP-8-1984.html
renaming pp69-2012.html to PP-69-2012.html
renaming kp6-1990.html to KP-6-1990.html
renaming ips8-1981.html to IPS-8-1981.html
renaming pp111-2012.html to PP-111-2012.html
renaming uu10-2013.html to UU-10-2013.html
renaming pp15-2013.html to PP-15-2013.html
renaming ps40-2013.html to PS-40-2013.html
renaming ps67-2013.html to PS-67-2013.html
renaming kp4-1984.html to KP-4-1984.html
renaming pp13-1984.html to PP-13-1984.html
renaming Keppres24-1985.html to KEPPRES-24-1985.html
renaming Perpres5-2010.html to PERPRES-5-2010.html
renaming ps122-2012.html to PS-122-2012.html
renaming ps91-2012.html to PS-91-2012.html
renaming pp84-2012.html to PP-84-2012.html
renaming ps61-2013.html to PS-61-2013.html
renaming kp12-1984.html to KP-12-1984.html
renaming ips2-1981.html to IPS-2-1981.html
renaming ps65-2013.html to PS-65-2013.html
renaming ps103-2012.html to PS-103-2012.html
renaming kp8-1984.html to KP-8-1984.html
renaming ps93-2012.html to PS-93-2012.html
renaming kp47-1984.html to KP-47-1984.html
renaming Keppres16-1985.html to KEPPRES-16-1985.html
renaming pp13-2010.html to PP-13-2010.html
renaming Kp48-1990.html to KP-48-1990.html
renaming inp3-1984.html to INP-3-1984.html
renaming kp22-1990.html to KP-22-1990.html
renaming kp15-1984.html to KP-15-1984.html
renaming ps12-2012.html to PS-12-2012.html
renaming ips6-2011.html to IPS-6-2011.html
renaming pp103-2012.html to PP-103-2012.html
renaming Kp47-1990.html to KP-47-1990.html
renaming kp43-1981.html to KP-43-1981.html
renaming ps10-2012.html to PS-10-2012.html
renaming kp14-1984.html to KP-14-1984.html
renaming Kp45-1984.html to KP-45-1984.html
renaming pp29-1982.html to PP-29-1982.html
renaming pp7-1984.html to PP-7-1984.html
renaming ps7-2012.html to PS-7-2012.html
renaming kp29-2009.html to KP-29-2009.html
renaming pp24-2013.html to PP-24-2013.html
renaming pp50-2013.html to PP-50-2013.html
renaming pp30-2011.html to PP-30-2011.html
renaming Keppres29-1985.html to KEPPRES-29-1985.html
renaming pp29-2011.html to PP-29-2011.html
renaming inp6-1984.html to INP-6-1984.html
renaming kp9-1984.html to KP-9-1984.html
renaming pp85-2012.html to PP-85-2012.html
renaming kp1-1984.html to KP-1-1984.html
renaming kp53-1990.html to KP-53-1990.html
renaming ips3-2011.html to IPS-3-2011.html
renaming pp32-2011.html to PP-32-2011.html
renaming uu7-2013.html to UU-7-2013.html
renaming ps14-2012.html to PS-14-2012.html
renaming UU20-2004.html to UU-20-2004.html
renaming pp24-2011.html to PP-24-2011.html
renaming ps88-2012.html to PS-88-2012.html
renaming kp49-1984.html to KP-49-1984.html
renaming Ps16-2010.html to PS-16-2010.html
renaming pp26-1982.html to PP-26-1982.html
renaming kp15-1990.html to KP-15-1990.html
renaming pp40-2013.html to PP-40-2013.html
renaming kp32-1984.html to KP-32-1984.html
renaming ps84-2012.html to PS-84-2012.html
renaming pp23-2013.html to PP-23-2013.html
renaming ps9-2012.html to PS-9-2012.html
renaming ips11-1981.html to IPS-11-1981.html
renaming pp13-2012.html to PP-13-2012.html
renaming ps62-2012.html to PS-62-2012.html
renaming ps20-2013.html to PS-20-2013.html
renaming kp1-1982.html to KP-1-1982.html
renaming ps18-2013.html to PS-18-2013.html
renaming perpu3-2000.html to PERPU-3-2000.html
renaming ps32-2013.html to PS-32-2013.html
renaming pp11-2013.html to PP-11-2013.html
renaming Keppres25-1985.html to KEPPRES-25-1985.html
renaming kp51-1990.html to KP-51-1990.html
renaming pp32-1982.html to PP-32-1982.html
renaming kp11-1990.html to KP-11-1990.html
renaming ps115-2012.html to PS-115-2012.html
renaming bpk3-2011.html to BPK-3-2011.html
renaming ps34-2013.html to PS-34-2013.html
renaming ps89-2012.html to PS-89-2012.html
renaming kp17-1990.html to KP-17-1990.html
renaming pp101-2012.html to PP-101-2012.html
renaming pp39-2005.html to PP-39-2005.html
renaming Keppres28-1985.html to KEPPRES-28-1985.html
renaming ps5-2012.html to PS-5-2012.html
renaming pp6-2013.html to PP-6-2013.html
renaming ps59-2013.html to PS-59-2013.html
renaming ps56-2013.html to PS-56-2013.html
renaming ps41-2012.html to PS-41-2012.html
renaming pp97-2012.html to PP-97-2012.html
renaming pp42-1982.html to PP-42-1982.html
renaming pp28-1982.html to PP-28-1982.html
renaming ips6-1983.html to IPS-6-1983.html
renaming ps94-2012.html to PS-94-2012.html
renaming pp26-2013.html to PP-26-2013.html
renaming kp32-1990.html to KP-32-1990.html
renaming pp31-2011.html to PP-31-2011.html
renaming pp77-2012.html to PP-77-2012.html
renaming ips9-1981.html to IPS-9-1981.html
renaming ips14-1981.html to IPS-14-1981.html
renaming pp91-2012.html to PP-91-2012.html
renaming ps9-2013.html to PS-9-2013.html
renaming ps112-2013.html to PS-112-2013.html
renaming pp30-1982.html to PP-30-1982.html
renaming pp1-2013.html to PP-1-2013.html
renaming ips10-2011.html to IPS-10-2011.html
renaming pp9-2012.html to PP-9-2012.html
renaming ps100-2012.html to PS-100-2012.html
renaming ps17-2013.html to PS-17-2013.html
renaming kp5-1984.html to KP-5-1984.html
renaming ips7-1982.html to IPS-7-1982.html
renaming ips15-1981.html to IPS-15-1981.html
renaming kp20-1984.html to KP-20-1984.html
renaming ps112-2012.html to PS-112-2012.html
renaming inp7-1984.html to INP-7-1984.html
renaming perpu1-2000.html to PERPU-1-2000.html
renaming ps98-2012.html to PS-98-2012.html
renaming uu5-2013.html to UU-5-2013.html
renaming ps50-2012.html to PS-50-2012.html
renaming ps63-2012.html to PS-63-2012.html
renaming bpk2-2010.html to BPK-2-2010.html
renaming ps85-2012.html to PS-85-2012.html
renaming pp78-2012.html to PP-78-2012.html
renaming pp76-2012.html to PP-76-2012.html
renaming ps79-2012.html to PS-79-2012.html
renaming ps22-2013.html to PS-22-2013.html
renaming kp19-1984.html to KP-19-1984.html
renaming pp87-2012.html to PP-87-2012.html
renaming kp31-2009.html to KP-31-2009.html
renaming pp67-2012.html to PP-67-2012.html
renaming Perpres20-2011.html to PERPRES-20-2011.html
renaming ps20-2012.html to PS-20-2012.html
renaming pp5-2010.html to PP-5-2010.html
renaming ps46-2013.html to PS-46-2013.html
renaming ps17-2012.html to PS-17-2012.html
renaming pp26-2010.html to PP-26-2010.html
renaming ps39-2013.html to PS-39-2013.html
renaming ips1-1981.html to IPS-1-1981.html
renaming ps54-2013.html to PS-54-2013.html
renaming pp25-2010.html to PP-25-2010.html
renaming ips7-1983.html to IPS-7-1983.html
renaming inp10-1984.html to INP-10-1984.html
renaming ips11-2011.html to IPS-11-2011.html
renaming ps27-2012.html to PS-27-2012.html
renaming kp37-1984.html to KP-37-1984.html
renaming kp30-1990.html to KP-30-1990.html
renaming ps53-2012.html to PS-53-2012.html
renaming kp5-2011.html to KP-5-2011.html
renaming kp31-1990.html to KP-31-1990.html
renaming kp19-1990.html to KP-19-1990.html
renaming ps95-2012.html to PS-95-2012.html
renaming ps53-2013.html to PS-53-2013.html
renaming pp9-1984.html to PP-9-1984.html
renaming ps33-2013.html to PS-33-2013.html
renaming kp21-1990.html to KP-21-1990.html
renaming kp34-1990.html to KP-34-1990.html
renaming bpk1-2010.html to BPK-1-2010.html
renaming pp72-2012.html to PP-72-2012.html
renaming pp31-1982.html to PP-31-1982.html
renaming pp75-2012.html to PP-75-2012.html
renaming inp4-1984.html to INP-4-1984.html
renaming ps105-2012.html to PS-105-2012.html
renaming ips10-1982.html to IPS-10-1982.html
renaming pp1-1978.html to PP-1-1978.html
renaming ps60-2012.html to PS-60-2012.html
renaming ps47-2012.html to PS-47-2012.html
renaming ps24-2012.html to PS-24-2012.html
renaming ps97-2012.html to PS-97-2012.html
renaming ps67-2012.html to PS-67-2012.html
renaming pp3-1984.html to PP-3-1984.html
renaming ps36-2012.html to PS-36-2012.html
renaming kp17-1984.html to KP-17-1984.html
renaming ps45-2012.html to PS-45-2012.html
renaming ps26-2012.html to PS-26-2012.html
renaming pp90-2012.html to PP-90-2012.html
renaming ps106-2013.html to PS-106-2013.html
renaming ips10-1981.html to IPS-10-1981.html
renaming pp28-2011.html to PP-28-2011.html
renaming kp13-1990.html to KP-13-1990.html
renaming ps92-2012.html to PS-92-2012.html
renaming ps124-2012.html to PS-124-2012.html
renaming ps49-2012.html to PS-49-2012.html
renaming pp53-2009.html to PP-53-2009.html
renaming kp30-1984.html to KP-30-1984.html
renaming pp86-2012.html to PP-86-2012.html
renaming pp3-2013.html to PP-3-2013.html
renaming uu12-2013.html to UU-12-2013.html
renaming ps31-2013.html to PS-31-2013.html
renaming ps4-2013.html to PS-4-2013.html
renaming ps11-2012.html to PS-11-2012.html
renaming kp4-1990.html to KP-4-1990.html
renaming pp70-2012.html to PP-70-2012.html
renaming Perpres12-2010.html to PERPRES-12-2010.html
renaming ps73-2013.html to PS-73-2013.html
renaming pp95-2012.html to PP-95-2012.html
renaming ps45-2013.html to PS-45-2013.html
renaming Kp49-1990.html to KP-49-1990.html
renaming ips5-1983.html to IPS-5-1983.html
renaming inp11-1984.html to INP-11-1984.html
renaming Perpres9-2010.html to PERPRES-9-2010.html
renaming pp92-2012.html to PP-92-2012.html
renaming ips3-1981.html to IPS-3-1981.html
renaming ps86-2012.html to PS-86-2012.html
renaming uu19-2013.html to UU-19-2013.html
renaming ips11-1983.html to IPS-11-1983.html
renaming bpk3-2010.html to BPK-3-2010.html
renaming kp13-2005.html to KP-13-2005.html
renaming pp35-1984.html to PP-35-1984.html
renaming ps14-2013.html to PS-14-2013.html
renaming ps32-2012.html to PS-32-2012.html
renaming pp12-2013.html to PP-12-2013.html
renaming ps21-2013.html to PS-21-2013.html
renaming kp16-1984.html to KP-16-1984.html
renaming Keppres5-1985.html to KEPPRES-5-1985.html
renaming ps18-2012.html to PS-18-2012.html
renaming ips5-1980.html to IPS-5-1980.html
renaming ps113-2012.html to PS-113-2012.html
renaming Kp10-1996.html to KP-10-1996.html
renaming inp12-1984.html to INP-12-1984.html
renaming ps46-2009.html to PS-46-2009.html
renaming ps64-2013.html to PS-64-2013.html
renaming ps48-2012.html to PS-48-2012.html
