build/KEPPRES-14-2007.html
build/KEPPRES-46-1984.html
build/KEPPRES-61-1984.html
build/KEPPRES-68-2004.html
build/KEPPRES-76-2004.html
build/KEPPRES-77-2004.html
build/KEPPRES-78-2004.html
build/KP-1-1990.html
build/KP-16-2005.html
build/PBI-12-9-2010.html
build/PBI-9-12-2007.html
build/PERPRES-101-2006.html
build/PERPRES-84-2007.html
build/PERPRES-97-2006.html
build/PP-1-1995.html
build/PP-11-1984.html
build/PP-12-1983.html
build/PP-13-1995.html
build/PP-15-2010.html
build/PP-16-2010.html
build/PP-16-2011.html
build/PP-21-2011.html
build/PP-24-2010.html
build/PP-25-2013.html
build/PP-30-2011.html
build/PP-41-2010.html
build/PP-44-2010.html
build/PP-5-2013-BT.html
build/PP-51-2009.html
build/PP-52-2009.html
build/PP-53-2009.html
build/PP-6-1984.html
build/PP-7-1984.html
build/PS-46-2013.html
build/PS-52-2012.html
build/PS-52-2013.html
build/PS-53-2013.html
build/UU-1-2001.html
build/UU-1-2005.html
build/UU-1-2010.html
build/UU-11-2004.html
build/UU-15-2011.html
build/UU-16-2004.html
build/UU-20-2004.html
build/UU-9-2013.html
