build/KEPPRES-126-2000.html
build/KEPPRES-17-2003.html
build/KEPPRES-171-2000.html
build/KEPPRES-2-2002.html
build/KEPPRES-20-2010.html
build/KEPPRES-23-2010.html
build/KEPPRES-28-2010.html
build/KEPPRES-3-2002.html
build/KEPPRES-37-2001.html
build/KEPPRES-38-2001.html
build/KEPPRES-4-2002.html
build/KEPPRES-40-2002.html
build/KEPPRES-46-2002.html
build/KEPPRES-47-2002.html
build/KEPPRES-47-2003.html
build/KEPPRES-48-2002.html
build/KEPPRES-48-2003.html
build/KEPPRES-52-2001.html
build/KEPPRES-53-2003.html
build/KEPPRES-57-2001.html
build/KEPPRES-58-2001.html
build/KEPPRES-60-2001.html
build/KEPPRES-61-2003.html
build/KEPPRES-62-2003.html
build/KEPPRES-67-2002.html
build/KEPPRES-7-2002.html
build/KEPPRES-8-2002.html
build/KEPPRES-95-2004.html
build/KP-5-2002.html
build/PBI-11-25-2009.html
build/PBI-12-12-2010.html
build/PBI-12-13-2010.html
build/PBI-12-2-2010.html
build/PBI-12-26-2010.html
build/PBI-12-5-2010.html
build/PBI-12-8-2010.html
build/PBI-13-10-2011.html
build/PBI-13-12-2011.html
build/PBI-13-16-2011.html
build/PBI-13-17-2011.html
build/PBI-13-18-2011.html
build/PBI-13-19-2011.html
build/PBI-13-26-2011.html
build/PBI-13-27-2011.html
build/PBI-13-7-2011.html
build/PBI-13-9-2011.html
build/PBI-14-1-2012.html
build/PBI-14-10-2012.html
build/PBI-14-11-2012.html
build/PBI-14-2-2012.html
build/PERPRES-1-2008.html
build/PERPRES-12-2011.html
build/PERPRES-13-2010.html
build/PERPRES-43-2011.html
build/PERPRES-68-2011.html
build/PERPRES-76-2011.html
build/PERPRES-77-2011.html
build/PERPRES-91-2011.html
build/PERPRES-92-2011.html
build/PERPU-1-2006.html
build/PP-12-1995.html
build/PP-13-1980.html
build/PP-14-1990.html
build/PP-15-2006.html
build/PP-16-1993.html
build/PP-17-1993.html
build/PP-17-2011.html
build/PP-18-2011.html
build/PP-19-2011.html
build/PP-19-2013.html
build/PP-2-2013.html
build/PP-20-1995.html
build/PP-21-1993.html
build/PP-22-1993.html
build/PP-22-2011-BT.html
build/PP-23-1985.html
build/PP-23-2011-BT.html
build/PP-24-2002.html
build/PP-3-1990.html
build/PP-31-2010.html
build/PP-32-2010.html
build/PP-33-2010.html
build/PP-38-1993.html
build/PP-38-1998.html
build/PP-39-1993.html
build/PP-4-2002.html
build/PP-4-2010.html
build/PP-40-2010.html
build/PP-41-1997.html
build/PP-44-1980.html
build/PP-44-2011.html
build/PP-45-1980.html
build/PP-45-1990.html
build/PP-45-2011.html
build/PP-46-1980.html
build/PP-47-1980.html
build/PP-48-1980.html
build/PP-49-2011.html
build/PP-49-2012.html
build/PP-5-2011.html
build/PP-50-1990.html
build/PP-51-1990.html
build/PP-52-2011.html
build/PP-55-1981.html
build/PP-56-2012.html
build/PP-58-2010.html
build/PP-59-2010.html
build/PP-60-2009.html
build/PP-60-2012.html
build/PP-61-2012.html
build/PP-64-2005.html
build/PP-65-2010.html
build/PP-66-2010.html
build/PP-74-2012.html
build/PP-76-2007.html
build/PP-76-2010.html
build/PP-83-2000.html
build/PP-9-1993.html
build/PS-10-2012.html
build/PS-112-2013.html
build/PS-12-2012.html
build/PS-22-2012.html
build/PS-3-2013.html
build/PS-33-2013.html
build/PS-4-2013.html
build/UU-1-1988.html
build/UU-10-1998.html
build/UU-10-2011.html
build/UU-11-2000.html
build/UU-11-2011.html
build/UU-12-1997.html
build/UU-12-2000.html
build/UU-13-2000.html
build/UU-14-1997.html
build/UU-14-2000.html
build/UU-14-2006.html
build/UU-15-2000.html
build/UU-18-2011.html
build/UU-2-2010.html
build/UU-20-2001.html
build/UU-4-2012.html
build/UU-42-2009.html
build/UU-45-2009.html
build/UU-49-2009.html
build/UU-5-2010.html
build/UU-50-2009.html
build/UU-51-2009.html
build/UU-7-1987.html
build/UU-8-2011.html
build/UU-9-2011.html
