build/BPK-3-2010.html
build/BPK-4-2010.html
build/INP-11-1984.html
build/IPS-10-1981.html
build/IPS-10-2011.html
build/IPS-12-1981.html
build/IPS-13-1981.html
build/IPS-13-1982.html
build/IPS-14-1981.html
build/IPS-14-1982.html
build/IPS-7-1982.html
build/IPS-8-1981.html
build/KEPPRES-1-2004.html
build/KEPPRES-10-2004.html
build/KEPPRES-10-2010.html
build/KEPPRES-101-2001.html
build/KEPPRES-107-2000.html
build/KEPPRES-107-2004.html
build/KEPPRES-108-2003.html
build/KEPPRES-11-2004.html
build/KEPPRES-116-2001.html
build/KEPPRES-124-2001.html
build/KEPPRES-127-2001.html
build/KEPPRES-128-2001.html
build/KEPPRES-129-2001.html
build/KEPPRES-13-2001.html
build/KEPPRES-134-1999.html
build/KEPPRES-147-2000.html
build/KEPPRES-15-1980.html
build/KEPPRES-151-2000.html
build/KEPPRES-159-2000.html
build/KEPPRES-16-2002.html
build/KEPPRES-163-2000.html
build/KEPPRES-166-2000.html
build/KEPPRES-17-2002.html
build/KEPPRES-171-2000.html
build/KEPPRES-18-2000.html
build/KEPPRES-18-2001.html
build/KEPPRES-18-2003.html
build/KEPPRES-19-2007.html
build/KEPPRES-2-1999.html
build/KEPPRES-20-2010.html
build/KEPPRES-22-2007.html
build/KEPPRES-23-2001.html
build/KEPPRES-25-1983.html
build/KEPPRES-27-2010.html
build/KEPPRES-28-1982.html
build/KEPPRES-29-2010.html
build/KEPPRES-3-1985.html
build/KEPPRES-3-2001.html
build/KEPPRES-3-2010.html
build/KEPPRES-36-1985.html
build/KEPPRES-36-2001.html
build/KEPPRES-38-1981.html
build/KEPPRES-40-2001.html
build/KEPPRES-43-2001.html
build/KEPPRES-58-2004.html
build/KEPPRES-59-2002.html
build/KEPPRES-6-2001.html
build/KEPPRES-6-2002.html
build/KEPPRES-61-2001.html
build/KEPPRES-62-2000.html
build/KEPPRES-63-2003.html
build/KEPPRES-65-2002.html
build/KEPPRES-66-2000.html
build/KEPPRES-68-2004.html
build/KEPPRES-69-2001.html
build/KEPPRES-73-2003.html
build/KEPPRES-74-2001.html
build/KEPPRES-75-1980.html
build/KEPPRES-75-1984.html
build/KEPPRES-78-2004.html
build/KEPPRES-8-2010.html
build/KEPPRES-84-2002.html
build/KEPPRES-89-1999.html
build/KEPPRES-9-1982.html
build/KEPPRES-9-2007.html
build/KP-16-2005.html
build/KP-17-2000.html
build/KP-42-2001.html
build/PBI-10-11-2008.html
build/PBI-10-15-2008.html
build/PBI-10-17-2008.html
build/PBI-10-21-2008.html
build/PBI-10-28-2008.html
build/PBI-10-7-2008.html
build/PBI-10-9-2008.html
build/PBI-11-1-2009.html
build/PBI-11-11-2009.html
build/PBI-11-13-2009.html
build/PBI-11-19-2009.html
build/PBI-11-26-2009.html
build/PBI-11-30-2009.html
build/PBI-12-1-2010.html
build/PBI-12-12-2010.html
build/PBI-12-20-2010.html
build/PBI-12-21-2010.html
build/PBI-12-23-2010.html
build/PBI-12-7-2010.html
build/PBI-13-1-2011.html
build/PBI-13-2-2011.html
build/PBI-13-20-2011.html
build/PBI-13-22-2011.html
build/PBI-13-25-2011.html
build/PBI-13-27-2011.html
build/PBI-13-3-2011.html
build/PBI-13-5-2011.html
build/PBI-13-7-2011.html
build/PBI-14-14-2012.html
build/PBI-14-15-2012.html
build/PBI-14-16-2012.html
build/PBI-14-19-2012.html
build/PBI-14-21-2012.html
build/PBI-14-23-2012.html
build/PBI-14-8-2012.html
build/PBI-6-10-2004.html
build/PBI-8-3-2006.html
build/PBI-8-4-2006.html
build/PBI-8-5-2006.html
build/PBI-8-7-2006.html
build/PBI-8-9-2006.html
build/PBI-9-1-2007.html
build/PBI-9-15-2007.html
build/PBI-9-17-2007.html
build/PBI-9-5-2007.html
build/PBI-9-8-2007.html
build/PERPRES-1-2007.html
build/PERPRES-1-2008.html
build/PERPRES-100-2006.html
build/PERPRES-101-2006.html
build/PERPRES-12-2005.html
build/PERPRES-12-2008.html
build/PERPRES-19-2005.html
build/PERPRES-2-2008.html
build/PERPRES-2-2011.html
build/PERPRES-20-2007.html
build/PERPRES-25-2008.html
build/PERPRES-3-2009.html
build/PERPRES-30-2005.html
build/PERPRES-31-2005.html
build/PERPRES-36-2005.html
build/PERPRES-37-2005.html
build/PERPRES-4-2010.html
build/PERPRES-42-2005.html
build/PERPRES-45-2011.html
build/PERPRES-47-2008.html
build/PERPRES-50-2005.html
build/PERPRES-50-2011.html
build/PERPRES-52-2005.html
build/PERPRES-54-2008.html
build/PERPRES-58-2006.html
build/PERPRES-61-2011.html
build/PERPRES-62-2005.html
build/PERPRES-63-2005.html
build/PERPRES-67-2005.html
build/PERPRES-7-2008.html
build/PERPRES-70-2006.html
build/PERPRES-71-2011.html
build/PERPRES-76-2007.html
build/PERPRES-8-2006.html
build/PERPRES-84-2005.html
build/PERPRES-84-2007.html
build/PERPRES-87-2011.html
build/PERPRES-88-2011.html
build/PERPRES-92-2011.html
build/PERPU-1-2000.html
build/PERPU-2-1998.html
build/PERPU-23-1959.html
build/PERPU-24-1960.html
build/PP-09-2003.html
build/PP-10-1983.html
build/PP-10-1990.html
build/PP-10-2011.html
build/PP-10-2012.html
build/PP-100-2000.html
build/PP-101-2012.html
build/PP-102-2000.html
build/PP-11-2001.html
build/PP-11-2010.html
build/PP-110-2000.html
build/PP-116-2000.html
build/PP-117-2000.html
build/PP-118-2000.html
build/PP-119-2000.html
build/PP-12-2000.html
build/PP-12-2002.html
build/PP-12-2012.html
build/PP-120-2000.html
build/PP-121-2000.html
build/PP-122-2000.html
build/PP-123-2000.html
build/PP-124-2000.html
build/PP-125-2000.html
build/PP-126-2000.html
build/PP-127-2000.html
build/PP-129-2000.html
build/PP-135-2000.html
build/PP-137-2000.html
build/PP-14-2009.html
build/PP-14-2010.html
build/PP-14-2012.html
build/PP-141-2000.html
build/PP-143-2000.html
build/PP-146-2000.html
build/PP-15-1990.html
build/PP-15-1991.html
build/PP-15-2009.html
build/PP-15-2010.html
build/PP-15-2013-PJL.html
build/PP-150-2000.html
build/PP-152-2000.html
build/PP-155-2000.html
build/PP-16-2010.html
build/PP-17-1990.html
build/PP-17-1999.html
build/PP-17-2005.html
build/PP-17-2010.html
build/PP-17-2013.html
build/PP-18-1980.html
build/PP-18-1984.html
build/PP-18-2007.html
build/PP-18-2013-BT.html
build/PP-2-1985.html
build/PP-2-1990.html
build/PP-2-2007.html
build/PP-2-2009.html
build/PP-20-1990.html
build/PP-20-1991.html
build/PP-21-1996.html
build/PP-22-1985.html
build/PP-22-1990.html
build/PP-22-1997.html
build/PP-22-2005.html
build/PP-22-2011.html
build/PP-23-2005.html
build/PP-23-2010.html
build/PP-25-1996.html
build/PP-25-2000.html
build/PP-25-2005.html
build/PP-25-2006.html
build/PP-26-1985.html
build/PP-26-2009.html
build/PP-27-1990.html
build/PP-27-2004.html
build/PP-27-2008.html
build/PP-27-2009.html
build/PP-27-2012.html
build/PP-28-1982.html
build/PP-28-1985.html
build/PP-28-1990.html
build/PP-28-2000.html
build/PP-28-2003.html
build/PP-28-2008.html
build/PP-28-2012.html
build/PP-29-1980.html
build/PP-29-1990.html
build/PP-29-2000.html
build/PP-29-2008.html
build/PP-29-2009.html
build/PP-3-2001.html
build/PP-3-2008.html
build/PP-3-2009.html
build/PP-3-2013.html
build/PP-30-1980.html
build/PP-30-1990.html
build/PP-30-2000.html
build/PP-30-2006.html
build/PP-31-1980.html
build/PP-31-1995.html
build/PP-31-2000.html
build/PP-31-2002.html
build/PP-31-2009.html
build/PP-31-2010.html
build/PP-31-2013.html
build/PP-32-1995.html
build/PP-32-2003.html
build/PP-32-2004.html
build/PP-32-2009.html
build/PP-32-2010.html
build/PP-33-1999.html
build/PP-33-2010.html
build/PP-33-2011.html
build/PP-33-2012.html
build/PP-34-2002.html
build/PP-34-2007.html
build/PP-34-2009.html
build/PP-34-2011.html
build/PP-35-1991.html
build/PP-35-2008.html
build/PP-35-2010.html
build/PP-37-1991.html
build/PP-37-2007.html
build/PP-37-2009.html
build/PP-38-1992.html
build/PP-38-2001.html
build/PP-38-2010.html
build/PP-38-2013.html
build/PP-39-1995.html
build/PP-39-2012.html
build/PP-4-1985.html
build/PP-4-1992.html
build/PP-4-1993.html
build/PP-4-2010.html
build/PP-4-2013.html
build/PP-40-1991.html
build/PP-40-1993.html
build/PP-40-1995.html
build/PP-40-1996.html
build/PP-40-2005.html
build/PP-40-2012.html
build/PP-41-1990.html
build/PP-41-2004.html
build/PP-41-2007.html
build/PP-41-2009.html
build/PP-41-2011.html
build/PP-42-1981.html
build/PP-42-1990.html
build/PP-42-2006.html
build/PP-42-2008.html
build/PP-42-2009.html
build/PP-42-2013.html
build/PP-43-1980.html
build/PP-43-2004.html
build/PP-43-2007.html
build/PP-44-1982.html
build/PP-44-2004.html
build/PP-44-2005.html
build/PP-44-2008.html
build/PP-44-2010.html
build/PP-45-2004.html
build/PP-46-2011.html
build/PP-46-2012.html
build/PP-47-2008.html
build/PP-48-1981.html
build/PP-48-2008.html
build/PP-49-2009.html
build/PP-49-2011.html
build/PP-5-1985.html
build/PP-5-1990.html
build/PP-5-1997.html
build/PP-5-2009.html
build/PP-50-2005.html
build/PP-50-2012.html
build/PP-51-2002.html
build/PP-51-2005.html
build/PP-51-2007.html
build/PP-51-2010.html
build/PP-52-2001.html
build/PP-52-2005.html
build/PP-53-1999.html
build/PP-53-2003.html
build/PP-53-2010.html
build/PP-54-2000.html
build/PP-54-2003.html
build/PP-54-2010.html
build/PP-55-2008.html
build/PP-55-2012.html
build/PP-56-1996.html
build/PP-56-2003.html
build/PP-56-2007.html
build/PP-56-2008.html
build/PP-56-2012.html
build/PP-57-1990.html
build/PP-57-2001.html
build/PP-57-2003.html
build/PP-57-2008.html
build/PP-58-2012.html
build/PP-6-1985.html
build/PP-6-1995.html
build/PP-6-1999.html
build/PP-6-2010.html
build/PP-6-2013.html
build/PP-60-2001.html
build/PP-60-2007.html
build/PP-61-1990.html
build/PP-61-1999.html
build/PP-62-2012.html
build/PP-63-2001.html
build/PP-63-2002.html
build/PP-63-2008.html
build/PP-64-2005.html
build/PP-64-2012.html
build/PP-65-2005.html
build/PP-66-2010.html
build/PP-67-1996.html
build/PP-67-2002.html
build/PP-67-2008.html
build/PP-68-2005.html
build/PP-68-2010.html
build/PP-69-1991.html
build/PP-7-1985.html
build/PP-7-1990.html
build/PP-7-1999.html
build/PP-7-2000.html
build/PP-7-2005.html
build/PP-70-2005.html
build/PP-70-2009.html
build/PP-72-1991.html
build/PP-72-1998.html
build/PP-72-2008.html
build/PP-72-2009.html
build/PP-72-2012.html
build/PP-73-1991.html
build/PP-73-1999.html
build/PP-73-2005.html
build/PP-74-1991.html
build/PP-74-2008.html
build/PP-76-2005.html
build/PP-76-2007.html
build/PP-77-2000.html
build/PP-77-2001.html
build/PP-77-2007.html
build/PP-77-2012.html
build/PP-78-2007.html
build/PP-79-2010.html
build/PP-8-1981.html
build/PP-8-1985.html
build/PP-8-1995.html
build/PP-8-2000.html
build/PP-8-2004.html
build/PP-8-2005.html
build/PP-8-2007.html
build/PP-8-2008.html
build/PP-8-2013.html
build/PP-80-1999.html
build/PP-81-2001.html
build/PP-81-2007.html
build/PP-81-2012.html
build/PP-82-2001.html
build/PP-83-2008.html
build/PP-84-2010.html
build/PP-84-2012.html
build/PP-86-2000.html
build/PP-9-1995.html
build/PP-9-2006.html
build/PP-9-2008.html
build/PP-9-2011.html
build/PP-9-2012.html
build/PP-91-2000.html
build/PP-95-2012.html
build/PP-96-2000.html
build/PP-96-2012.html
build/PP-97-2000.html
build/PP-97-2012.html
build/PS-12-2013.html
build/PS-122-2012.html
build/PS-28-2012.html
build/PS-3-2013.html
build/PS-33-2012.html
build/PS-45-2013.html
build/PS-62-2013.html
build/PS-64-2012.html
build/PS-71-2012.html
build/PS-8-2012-BT.html
build/UU-1-1946.html
build/UU-1-1950.html
build/UU-1-1967.html
build/UU-1-1970.html
build/UU-1-1979.html
build/UU-1-1995.html
build/UU-1-2000.html
build/UU-1-2013-BT.html
build/UU-10-1992.html
build/UU-10-1995.html
build/UU-10-1998.html
build/UU-10-2004.html
build/UU-10-2010.html
build/UU-10-2011.html
build/UU-11-1967.html
build/UU-11-1995.html
build/UU-11-2011.html
build/UU-11-2012.html
build/UU-12-1992.html
build/UU-12-2003.html
build/UU-12-2006.html
build/UU-12-2010.html
build/UU-13-1992.html
build/UU-13-2008.html
build/UU-14-1992.html
build/UU-14-2005.html
build/UU-14-2008.html
build/UU-15-1992.html
build/UU-15-1997.html
build/UU-15-2001.html
build/UU-15-2008.html
build/UU-15-2011.html
build/UU-16-1997.html
build/UU-16-2000.html
build/UU-16-2001.html
build/UU-16-2006.html
build/UU-16-2011.html
build/UU-16-2012.html
build/UU-17-1947.html
build/UU-17-1997.html
build/UU-17-2003.html
build/UU-17-2004.html
build/UU-17-2006.html
build/UU-17-2007.html
build/UU-17-2011.html
build/UU-17-2012.html
build/UU-17-2013.html
build/UU-18-2000.html
build/UU-18-2003.html
build/UU-18-2004.html
build/UU-18-2008.html
build/UU-18-2009.html
build/UU-18-2012.html
build/UU-18-2013.html
build/UU-19-1997.html
build/UU-19-2000.html
build/UU-19-2002.html
build/UU-19-2013.html
build/UU-2-1966.html
build/UU-2-1987.html
build/UU-2-1992.html
build/UU-2-1995.html
build/UU-2-2008.html
build/UU-2-2009.html
build/UU-2-2010.html
build/UU-2-2011.html
build/UU-20-1997.html
build/UU-20-1999.html
build/UU-20-2002.html
build/UU-20-2003.html
build/UU-20-2006.html
build/UU-20-2009.html
build/UU-20-2013.html
build/UU-21-2000.html
build/UU-21-2003.html
build/UU-21-2004.html
build/UU-21-2006.html
build/UU-21-2011.html
build/UU-21-2013.html
build/UU-22-1952.html
build/UU-22-1997.html
build/UU-22-1999.html
build/UU-22-2001.html
build/UU-22-2002.html
build/UU-22-2004.html
build/UU-22-2009.html
build/UU-23-1992.html
build/UU-23-1999.html
build/UU-23-2006.html
build/UU-23-2011.html
build/UU-24-1992.html
build/UU-24-2002.html
build/UU-24-2009.html
build/UU-25-1997.html
build/UU-25-2003.html
build/UU-26-2000.html
build/UU-26-2007.html
build/UU-27-1997.html
build/UU-27-2007.html
build/UU-27-2009.html
build/UU-28-1999-PJL.html
build/UU-28-2002.html
build/UU-28-2007.html
build/UU-29-2000.html
build/UU-29-2007.html
build/UU-29-2009.html
build/UU-3-1998.html
build/UU-3-2006.html
build/UU-3-2009.html
build/UU-30-2007.html
build/UU-30-2009.html
build/UU-32-1997.html
build/UU-32-2000.html
build/UU-32-2009.html
build/UU-33-2009.html
build/UU-34-2000.html
build/UU-34-2004.html
build/UU-36-2008.html
build/UU-36-2009.html
build/UU-37-1999.html
build/UU-38-1999.html
build/UU-38-2004.html
build/UU-38-2009.html
build/UU-39-2008.html
build/UU-39-2009.html
build/UU-4-1950.html
build/UU-4-1979.html
build/UU-4-1999.html
build/UU-40-1999.html
build/UU-40-2008.html
build/UU-41-1999.html
build/UU-41-2004.html
build/UU-41-2008.html
build/UU-41-2009.html
build/UU-42-1999.html
build/UU-42-2009.html
build/UU-43-2009.html
build/UU-44-1999.html
build/UU-44-2008.html
build/UU-45-2009.html
build/UU-48-2009.html
build/UU-49-2009.html
build/UU-5-1984.html
build/UU-5-1999.html
build/UU-5-2006.html
build/UU-5-2009.html
build/UU-5-2011.html
build/UU-50-2009.html
build/UU-51-2009.html
build/UU-6-1953.html
build/UU-6-1984.html
build/UU-6-2011.html
build/UU-7-1987.html
build/UU-7-1989.html
build/UU-7-1992.html
build/UU-7-1997.html
build/UU-7-2011.html
build/UU-8-1999.html
build/UU-8-2006.html
build/UU-8-2010.html
build/UU-9-1985.html
build/UU-9-1990.html
build/UU-9-1998.html
build/UU-9-2011.html
build/UU-9-2013-PJL.html
