build/KP-11-1984.html
build/KP-23-1990.html
build/PBI-11-33-2009.html
build/PBI-14-14-2012.html
build/PBI-14-15-2012.html
build/PBI-14-18-2012.html
build/PBI-14-23-2012.html
build/PBI-14-3-2012.html
build/PBI-14-6-2012.html
build/PBI-14-7-2012.html
build/PBI-15-1-2013.html
build/PERPRES-13-2005.html
build/PERPRES-16-2005.html
build/PERPRES-18-2005.html
build/PERPRES-54-2010.html
build/PERPRES-9-2005.html
build/PP-1-2005.html
build/PP-10-2011.html
build/PP-105-2012.html
build/PP-109-2012.html
build/PP-14-2012.html
build/PP-15-2010.html
build/PP-15-2013.html
build/PP-16-2010.html
build/PP-17-2013.html
build/PP-20-1984.html
build/PP-21-2011.html
build/PP-23-2011.html
build/PP-24-2011.html
build/PP-27-2011.html
build/PP-28-2011-BT.html
build/PP-28-2011.html
build/PP-31-2011.html
build/PP-31-2013.html
build/PP-32-2011.html
build/PP-33-1984.html
build/PP-33-2012.html
build/PP-36-1984.html
build/PP-38-2013.html
build/PP-4-2013.html
build/PP-40-2013.html
build/PP-41-2012.html
build/PP-42-2013.html
build/PP-44-2010.html
build/PP-44-2012.html
build/PP-46-2012.html
build/PP-5-2013-BT.html
build/PP-51-2012.html
build/PP-52-2012.html
build/PP-55-2012.html
build/PP-6-2004.html
build/PP-6-2013.html
build/PP-64-2012.html
build/PP-7-2003.html
build/PP-72-2009.html
build/PP-72-2012.html
build/PP-77-2012.html
build/PP-79-2012.html
build/PP-8-2013.html
build/PP-80-2012.html
build/PP-81-2012.html
build/PP-9-2011.html
build/PP-9-2012.html
build/PP-95-2012.html
build/PS-12-2013.html
build/PS-13-2012.html
build/PS-2-2011.html
build/PS-27-2012.html
build/PS-28-2012.html
build/PS-3-2012.html
build/PS-4-2013.html
build/PS-45-2013.html
build/PS-46-2013.html
build/PS-48-2012.html
build/PS-49-2012.html
build/PS-52-2010.html
build/PS-57-2013.html
build/PS-58-2013.html
build/PS-59-2012.html
build/PS-60-2013.html
build/PS-63-2013.html
build/PS-67-2013.html
build/PS-71-2012.html
build/PS-79-2012.html
build/PS-90-2012.html
build/UU-1-2013-BT.html
build/UU-11-2012.html
build/UU-12-2012.html
build/UU-16-2012.html
build/UU-17-2012.html
build/UU-17-2013.html
build/UU-18-2012.html
build/UU-18-2013.html
build/UU-19-2013.html
build/UU-2-2012.html
build/UU-20-2012.html
build/UU-20-2013.html
build/UU-21-2012.html
build/UU-21-2013.html
build/UU-22-2012.html
build/UU-23-2012.html
build/UU-24-2011.html
build/UU-24-2012.html
build/UU-52-2009.html
build/UU-7-2012.html
build/UU-8-2012.html
build/UU-9-2013.html
