build/BPK-1-2011.html
build/BPK-3-2007.html
build/INP-6-1984.html
build/KEPPRES-1-2006.html
build/KEPPRES-100-2001.html
build/KEPPRES-101-1999.html
build/KEPPRES-101-2001.html
build/KEPPRES-103-2001.html
build/KEPPRES-105-2004.html
build/KEPPRES-134-1999.html
build/KEPPRES-135-1999.html
build/KEPPRES-15-2008.html
build/KEPPRES-15-2009.html
build/KEPPRES-16-1999.html
build/KEPPRES-163-2000.html
build/KEPPRES-164-2000.html
build/KEPPRES-165-2000.html
build/KEPPRES-166-2000.html
build/KEPPRES-19-1981.html
build/KEPPRES-20-2005.html
build/KEPPRES-20-2009.html
build/KEPPRES-21-2010.html
build/KEPPRES-24-1999.html
build/KEPPRES-26-2008.html
build/KEPPRES-27-2001.html
build/KEPPRES-29-1999.html
build/KEPPRES-30-2002.html
build/KEPPRES-35-2001.html
build/KEPPRES-4-2006.html
build/KEPPRES-44-2000.html
build/KEPPRES-51-2004.html
build/KEPPRES-52-2001.html
build/KEPPRES-54-2001.html
build/KEPPRES-54-2003.html
build/KEPPRES-62-2002.html
build/KEPPRES-72-1980.html
build/KEPPRES-76-1998.html
build/KEPPRES-8-1999.html
build/KEPPRES-80-1982.html
build/KEPPRES-81-2003.html
build/KEPPRES-83-1999.html
build/KEPPRES-86-2002.html
build/KEPPRES-87-1998.html
build/KEPPRES-88-1999.html
build/KEPPRES-89-2003.html
build/KEPPRES-96-2004.html
build/KP-11-1984.html
build/KP-14-2005.html
build/KP-15-1981.html
build/KP-16-1990.html
build/KP-20-1984.html
build/KP-23-1984.html
build/KP-23-1990.html
build/KP-29-1984.html
build/KP-30-1984.html
build/KP-32-1990.html
build/KP-35-1984.html
build/KP-5-2011.html
build/KP-53-1990.html
build/PBI-10-11-2008.html
build/PBI-10-36-2008.html
build/PBI-11-10-2009.html
build/PBI-11-23-2009.html
build/PBI-11-3-2009.html
build/PBI-12-21-2010.html
build/PBI-13-3-2011.html
build/PBI-14-13-2012.html
build/PBI-14-15-2012.html
build/PBI-14-18-2012.html
build/PBI-14-2-2012.html
build/PBI-14-3-2012.html
build/PBI-14-7-2012.html
build/PBI-15-1-2013.html
build/PBI-8-4-2006.html
build/PBI-9-13-2007.html
build/PERPRES-10-2007.html
build/PERPRES-106-2007.html
build/PERPRES-12-2010.html
build/PERPRES-14-2005.html
build/PERPRES-17-2011.html
build/PERPRES-2-2008.html
build/PERPRES-20-2009.html
build/PERPRES-27-2009.html
build/PERPRES-50-2011.html
build/PERPRES-51-2005.html
build/PERPRES-54-2010.html
build/PERPRES-61-2011.html
build/PERPRES-62-2005.html
build/PERPRES-65-2005.html
build/PERPRES-67-2006.html
build/PERPRES-75-2005.html
build/PERPRES-83-2005.html
build/PERPRES-83-2007.html
build/PERPRES-89-2006.html
build/PERPRES-9-2005.html
build/PERPRES-91-2011.html
build/PERPU-2-2004.html
build/PP-10-2010.html
build/PP-101-2000.html
build/PP-101-2012.html
build/PP-105-2012.html
build/PP-13-1981.html
build/PP-14-1981.html
build/PP-14-2012.html
build/PP-15-2007.html
build/PP-15-2013.html
build/PP-153-2000.html
build/PP-16-1994.html
build/PP-16-2005.html
build/PP-16-2010.html
build/PP-17-2010.html
build/PP-2-1984.html
build/PP-2-2003.html
build/PP-2-2006.html
build/PP-2-2011.html
build/PP-20-1990.html
build/PP-23-1980.html
build/PP-23-2004.html
build/PP-24-1980.html
build/PP-27-2011.html
build/PP-28-1981.html
build/PP-28-1982.html
build/PP-28-2006.html
build/PP-28-2011.html
build/PP-28-2012.html
build/PP-29-1981.html
build/PP-29-2006.html
build/PP-3-2007.html
build/PP-30-2003.html
build/PP-30-2006.html
build/PP-31-1999.html
build/PP-31-2011.html
build/PP-31-2013.html
build/PP-32-1981.html
build/PP-32-2004.html
build/PP-33-1980.html
build/PP-33-1984.html
build/PP-33-2005.html
build/PP-34-1982.html
build/PP-34-1984.html
build/PP-34-2009.html
build/PP-35-2010.html
build/PP-36-1984.html
build/PP-36-2006.html
build/PP-36-2007.html
build/PP-37-2007.html
build/PP-38-1980.html
build/PP-38-2010.html
build/PP-39-2012.html
build/PP-4-2010.html
build/PP-4-2013.html
build/PP-40-1996.html
build/PP-41-1980.html
build/PP-41-1981.html
build/PP-41-2012.html
build/PP-42-2006.html
build/PP-42-2007.html
build/PP-42-2010.html
build/PP-43-2008.html
build/PP-44-1982.html
build/PP-44-2008.html
build/PP-45-1982.html
build/PP-45-2005.html
build/PP-46-1982.html
build/PP-46-2012.html
build/PP-48-1981.html
build/PP-48-2011.html
build/PP-49-1982.html
build/PP-50-1981.html
build/PP-51-1999.html
build/PP-51-2002.html
build/PP-52-2012.html
build/PP-54-2008.html
build/PP-55-2001.html
build/PP-55-2012.html
build/PP-56-2008.html
build/PP-56-2009.html
build/PP-58-2012.html
build/PP-6-1980.html
build/PP-6-2000.html
build/PP-6-2004.html
build/PP-6-2005.html
build/PP-6-2006.html
build/PP-6-2010.html
build/PP-63-2002.html
build/PP-65-2001.html
build/PP-67-2002.html
build/PP-7-1982.html
build/PP-7-1984.html
build/PP-7-2000.html
build/PP-7-2008.html
build/PP-7-2011.html
build/PP-71-2010.html
build/PP-72-2005.html
build/PP-72-2009.html
build/PP-72-2012.html
build/PP-76-2008.html
build/PP-77-2012.html
build/PP-79-2012.html
build/PP-8-2004.html
build/PP-8-2005.html
build/PP-8-2008.html
build/PP-8-2011.html
build/PP-81-2012.html
build/PP-9-2011.html
build/PP-9-2012.html
build/PP-90-2010.html
build/PP-97-2012.html
build/PS-11-2013.html
build/PS-12-2012.html
build/PS-12-2013.html
build/PS-122-2012.html
build/PS-124-2012.html
build/PS-16-2012.html
build/PS-17-2012.html
build/PS-2-2011.html
build/PS-25-2012.html
build/PS-3-2012.html
build/PS-32-2010.html
build/PS-43-2013.html
build/PS-46-2013.html
build/PS-48-2012.html
build/PS-49-2012.html
build/PS-52-2010.html
build/PS-57-2013.html
build/PS-58-2013.html
build/PS-59-2013.html
build/PS-6-2012.html
build/PS-62-2013.html
build/PS-63-2013.html
build/PS-64-2012.html
build/PS-67-2013.html
build/PS-68-2012.html
build/PS-71-2012.html
build/PS-79-2012.html
build/PS-8-2012-BT.html
build/PS-83-2012.html
build/PS-85-2012.html
build/PS-86-2012.html
build/PS-9-2013.html
build/PS-90-2012.html
build/UU-1-1995.html
build/UU-1-2003.html
build/UU-1-2004.html
build/UU-1-2009.html
build/UU-1-2011.html
build/UU-10-1995.html
build/UU-10-2004-LMP.html
build/UU-10-2008.html
build/UU-11-2012.html
build/UU-12-1969.html
build/UU-12-2003.html
build/UU-12-2010.html
build/UU-12-2012.html
build/UU-13-2010.html
build/UU-14-1970.html
build/UU-14-2008.html
build/UU-15-2006.html
build/UU-15-2011.html
build/UU-15-2012.html
build/UU-16-1997-BT.html
build/UU-16-2000.html
build/UU-16-2012.html
build/UU-17-1982.html
build/UU-17-2008.html
build/UU-17-2011.html
build/UU-17-2012.html
build/UU-17-2013.html
build/UU-18-2011.html
build/UU-18-2012.html
build/UU-18-2013.html
build/UU-19-2013.html
build/UU-2-2003.html
build/UU-2-2012.html
build/UU-20-2002.html
build/UU-20-2009.html
build/UU-20-2013.html
build/UU-21-2013.html
build/UU-22-1999.html
build/UU-22-2009.html
build/UU-23-2003.html
build/UU-23-2004.html
build/UU-23-2011.html
build/UU-24-2011.html
build/UU-25-1997.html
build/UU-25-2004.html
build/UU-26-2002.html
build/UU-27-2009.html
build/UU-28-2007.html
build/UU-28-2009.html
build/UU-29-2000.html
build/UU-29-2007.html
build/UU-3-2003.html
build/UU-30-1999.html
build/UU-30-2007.html
build/UU-33-2004.html
build/UU-33-2009.html
build/UU-34-1999.html
build/UU-34-2000.html
build/UU-34-2003.html
build/UU-34-2004.html
build/UU-34-2008.html
build/UU-36-2003.html
build/UU-37-1999.html
build/UU-38-2003.html
build/UU-39-1999.html
build/UU-4-1965.html
build/UU-4-2000.html
build/UU-4-2002.html
build/UU-40-1999.html
build/UU-40-2003.html
build/UU-40-2007.html
build/UU-41-1999.html
build/UU-42-2008.html
build/UU-42-2009.html
build/UU-43-2009.html
build/UU-45-1999.html
build/UU-46-1999.html
build/UU-47-1999.html
build/UU-48-1999.html
build/UU-48-2009.html
build/UU-5-1985.html
build/UU-5-2002.html
build/UU-5-2003.html
build/UU-51-1999.html
build/UU-52-2009.html
build/UU-53-1999.html
build/UU-54-1999.html
build/UU-6-1960.html
build/UU-6-1984.html
build/UU-6-2003.html
build/UU-6-2011.html
build/UU-7-1983.html
build/UU-7-2003.html
build/UU-7-2011.html
build/UU-7-2012.html
build/UU-8-1983.html
build/UU-8-2010.html
build/UU-8-2012.html
build/UU-9-2003.html
build/UU-9-2013.html
