build/KEPPRES-1-2002.html
build/KEPPRES-10-2004.html
build/KEPPRES-101-2003.html
build/KEPPRES-102-1999.html
build/KEPPRES-102-2003.html
build/KEPPRES-104-2001.html
build/KEPPRES-106-2000.html
build/KEPPRES-11-1982.html
build/KEPPRES-11-2002.html
build/KEPPRES-11-2004.html
build/KEPPRES-111-2001.html
build/KEPPRES-113-2000.html
build/KEPPRES-118-2000.html
build/KEPPRES-12-2009.html
build/KEPPRES-126-2000.html
build/KEPPRES-13-2009.html
build/KEPPRES-133-2000.html
build/KEPPRES-143-2000.html
build/KEPPRES-146-1999.html
build/KEPPRES-147-1999.html
build/KEPPRES-147-2000.html
build/KEPPRES-15-1982.html
build/KEPPRES-151-2000.html
build/KEPPRES-16-1981.html
build/KEPPRES-16-2001.html
build/KEPPRES-17-1981.html
build/KEPPRES-17-1999.html
build/KEPPRES-17-2001.html
build/KEPPRES-17-2003.html
build/KEPPRES-17-2004.html
build/KEPPRES-17-2008.html
build/KEPPRES-170-2000.html
build/KEPPRES-171-2000.html
build/KEPPRES-172-2000.html
build/KEPPRES-18-1981.html
build/KEPPRES-18-2002.html
build/KEPPRES-2-1999.html
build/KEPPRES-2-2002.html
build/KEPPRES-20-1980.html
build/KEPPRES-20-2010.html
build/KEPPRES-21-1980.html
build/KEPPRES-22-1980.html
build/KEPPRES-22-2004.html
build/KEPPRES-22-2007.html
build/KEPPRES-23-2004.html
build/KEPPRES-23-2010.html
build/KEPPRES-24-2005.html
build/KEPPRES-24-2006.html
build/KEPPRES-25-2005.html
build/KEPPRES-27-1981.html
build/KEPPRES-27-2002.html
build/KEPPRES-28-2004.html
build/KEPPRES-28-2010.html
build/KEPPRES-29-1982.html
build/KEPPRES-29-2004.html
build/KEPPRES-3-2002.html
build/KEPPRES-3-2009.html
build/KEPPRES-30-1982.html
build/KEPPRES-30-1999.html
build/KEPPRES-33-2011.html
build/KEPPRES-34-2002.html
build/KEPPRES-35-2001.html
build/KEPPRES-35-2004.html
build/KEPPRES-36-2001.html
build/KEPPRES-36-2004.html
build/KEPPRES-37-1980.html
build/KEPPRES-37-1999.html
build/KEPPRES-37-2001.html
build/KEPPRES-37-2004.html
build/KEPPRES-38-2001.html
build/KEPPRES-4-1982.html
build/KEPPRES-4-2002.html
build/KEPPRES-40-2002.html
build/KEPPRES-41-1999.html
build/KEPPRES-42-1984.html
build/KEPPRES-42-1999.html
build/KEPPRES-43-2001.html
build/KEPPRES-45-2002.html
build/KEPPRES-46-2002.html
build/KEPPRES-47-2002.html
build/KEPPRES-47-2003.html
build/KEPPRES-48-2002.html
build/KEPPRES-48-2003.html
build/KEPPRES-5-2009.html
build/KEPPRES-52-2001.html
build/KEPPRES-53-2003.html
build/KEPPRES-57-1980.html
build/KEPPRES-57-2001.html
build/KEPPRES-58-2001.html
build/KEPPRES-6-1999.html
build/KEPPRES-6-2007.html
build/KEPPRES-60-2001.html
build/KEPPRES-61-2003.html
build/KEPPRES-61-2004.html
build/KEPPRES-62-2001.html
build/KEPPRES-62-2003.html
build/KEPPRES-67-2002.html
build/KEPPRES-7-2002.html
build/KEPPRES-72-1984.html
build/KEPPRES-72-2004.html
build/KEPPRES-73-1984.html
build/KEPPRES-75-1980.html
build/KEPPRES-75-1984.html
build/KEPPRES-78-1982.html
build/KEPPRES-8-2002.html
build/KEPPRES-8-2004.html
build/KEPPRES-8-2008.html
build/KEPPRES-81-1982.html
build/KEPPRES-82-1999.html
build/KEPPRES-82-2000.html
build/KEPPRES-83-2002.html
build/KEPPRES-9-2004.html
build/KEPPRES-95-2004.html
build/KP-1-1984.html
build/KP-10-1984.html
build/KP-12-2005.html
build/KP-2-2005.html
build/KP-25-1984.html
build/KP-3-1990.html
build/KP-34-1984.html
build/KP-4-1990.html
build/KP-42-2001.html
build/KP-5-2002.html
build/KP-50-1990.html
build/KP-57-2002.html
build/KP-6-1984.html
build/KP-88-2003.html
build/PBI-10-1-2008.html
build/PBI-10-10-2008.html
build/PBI-10-14-2008.html
build/PBI-10-16-2008.html
build/PBI-10-20-2008.html
build/PBI-10-21-2008.html
build/PBI-10-23-2008.html
build/PBI-10-24-2008.html
build/PBI-10-25-2008.html
build/PBI-10-27-2008.html
build/PBI-10-30-2008.html
build/PBI-10-5-2008.html
build/PBI-10-8-2008.html
build/PBI-11-14-2009.html
build/PBI-11-16-2009.html
build/PBI-11-17-2009.html
build/PBI-11-18-2009.html
build/PBI-11-2-2009.html
build/PBI-11-25-2009.html
build/PBI-11-27-2009.html
build/PBI-11-5-2009.html
build/PBI-11-6-2009.html
build/PBI-11-7-2009.html
build/PBI-11-8-2009.html
build/PBI-11-9-2009.html
build/PBI-12-10-2010.html
build/PBI-12-12-2010.html
build/PBI-12-13-2010.html
build/PBI-12-15-2010.html
build/PBI-12-17-2010.html
build/PBI-12-18-2010.html
build/PBI-12-2-2010.html
build/PBI-12-25-2010.html
build/PBI-12-26-2010.html
build/PBI-12-5-2010.html
build/PBI-12-7-2010.html
build/PBI-12-8-2010.html
build/PBI-13-10-2011.html
build/PBI-13-12-2011.html
build/PBI-13-16-2011.html
build/PBI-13-17-2011.html
build/PBI-13-18-2011.html
build/PBI-13-19-2011.html
build/PBI-13-24-2011.html
build/PBI-13-26-2011.html
build/PBI-13-27-2011.html
build/PBI-13-7-2011.html
build/PBI-13-9-2011.html
build/PBI-14-1-2012.html
build/PBI-14-10-2012.html
build/PBI-14-11-2012.html
build/PBI-14-19-2012.html
build/PBI-14-2-2012.html
build/PBI-14-20-2012.html
build/PBI-14-5-2012.html
build/PBI-4-2012.html
build/PBI-8-2-2006.html
build/PBI-8-7-2006.html
build/PBI-8-9-2006.html
build/PBI-9-10-2007.html
build/PBI-9-12-2007.html
build/PBI-9-16-2007.html
build/PBI-9-6-2007.html
build/PBI-9-7-2007.html
build/PBI-9-9-2007.html
build/PERPRES-1-2008.html
build/PERPRES-1-2009.html
build/PERPRES-100-2006.html
build/PERPRES-11-2005.html
build/PERPRES-111-2007.html
build/PERPRES-12-2005.html
build/PERPRES-12-2011.html
build/PERPRES-13-2010.html
build/PERPRES-15-2005.html
build/PERPRES-15-2011.html
build/PERPRES-16-2008.html
build/PERPRES-17-2007.html
build/PERPRES-19-2007.html
build/PERPRES-20-2008.html
build/PERPRES-20-2011.html
build/PERPRES-21-2008.html
build/PERPRES-22-2007.html
build/PERPRES-23-2009.html
build/PERPRES-27-2007.html
build/PERPRES-3-2007.html
build/PERPRES-32-2005.html
build/PERPRES-35-2011.html
build/PERPRES-40-2009.html
build/PERPRES-41-2009.html
build/PERPRES-43-2011.html
build/PERPRES-47-2008.html
build/PERPRES-47-2011.html
build/PERPRES-48-2008.html
build/PERPRES-48-2011.html
build/PERPRES-50-2008.html
build/PERPRES-52-2005.html
build/PERPRES-61-2007.html
build/PERPRES-62-2005.html
build/PERPRES-62-2007.html
build/PERPRES-63-2005.html
build/PERPRES-64-2005.html
build/PERPRES-65-2006.html
build/PERPRES-66-2006.html
build/PERPRES-67-2011.html
build/PERPRES-68-2011.html
build/PERPRES-7-2007.html
build/PERPRES-70-2005.html
build/PERPRES-74-2006.html
build/PERPRES-76-2006.html
build/PERPRES-76-2011.html
build/PERPRES-77-2011.html
build/PERPRES-79-2006.html
build/PERPRES-8-2006.html
build/PERPRES-80-2005.html
build/PERPRES-85-2006.html
build/PERPRES-88-2007.html
build/PERPRES-9-2006.html
build/PERPRES-9-2008.html
build/PERPRES-90-2006.html
build/PERPRES-91-2006.html
build/PERPRES-91-2007.html
build/PERPRES-91-2011.html
build/PERPRES-92-2011.html
build/PERPRES-94-2006.html
build/PERPRES-96-2007.html
build/PERPRES-97-2007.html
build/PERPU-1-1960.html
build/PERPU-1-2004.html
build/PERPU-1-2006.html
build/PERPU-1-2007.html
build/PERPU-1-2008.html
build/PERPU-1-2009.html
build/PERPU-16-1960.html
build/PERPU-2-2004.html
build/PERPU-2-2008.html
build/PERPU-2-2009.html
build/PERPU-21-1959.html
build/PERPU-3-1998.html
build/PERPU-3-2000.html
build/PERPU-3-2005.html
build/PERPU-3-2008.html
build/PERPU-3-2009.html
build/PERPU-4-2009.html
build/PERPU-5-2008.html
build/PP-1-1978.html
build/PP-1-2000.html
build/PP-1-2009.html
build/PP-10-1984.html
build/PP-10-2007.html
build/PP-10-2009.html
build/PP-100-2012.html
build/PP-102-2012.html
build/PP-103-2012.html
build/PP-11-2002.html
build/PP-11-2003.html
build/PP-11-2007.html
build/PP-11-2009.html
build/PP-11-2011.html
build/PP-12-1985.html
build/PP-12-1995.html
build/PP-12-1999.html
build/PP-12-2002.html
build/PP-12-2003.html
build/PP-12-2006.html
build/PP-12-2007.html
build/PP-12-2009.html
build/PP-12-2011.html
build/PP-13-1980.html
build/PP-13-1985.html
build/PP-13-2000.html
build/PP-13-2002.html
build/PP-13-2011.html
build/PP-14-1990.html
build/PP-14-2003.html
build/PP-141-2000.html
build/PP-147-2000.html
build/PP-15-1985.html
build/PP-15-1993.html
build/PP-15-2006.html
build/PP-15-2012.html
build/PP-16-1993.html
build/PP-16-2006.html
build/PP-16-2012.html
build/PP-17-1993.html
build/PP-17-2005.html
build/PP-17-2006.html
build/PP-17-2011.html
build/PP-17-2012.html
build/PP-18-1990.html
build/PP-18-1993.html
build/PP-18-2000.html
build/PP-18-2005.html
build/PP-18-2006.html
build/PP-18-2011.html
build/PP-19-1991.html
build/PP-19-1993.html
build/PP-19-2006.html
build/PP-19-2007.html
build/PP-19-2011.html
build/PP-19-2013.html
build/PP-2-2013.html
build/PP-20-1980.html
build/PP-20-1985.html
build/PP-20-1995.html
build/PP-20-2013-BT.html
build/PP-21-1980.html
build/PP-21-1985.html
build/PP-21-1993.html
build/PP-21-2002.html
build/PP-21-2007.html
build/PP-21-2012.html
build/PP-22-1993.html
build/PP-22-2011-BT.html
build/PP-22-2012.html
build/PP-22-2013.html
build/PP-23-1985.html
build/PP-23-1993.html
build/PP-23-2011-BT.html
build/PP-23-2012.html
build/PP-23-2013.html
build/PP-24-1985.html
build/PP-24-2002.html
build/PP-24-2012.html
build/PP-24-2013.html
build/PP-25-1980.html
build/PP-25-1982.html
build/PP-25-1985.html
build/PP-25-2001.html
build/PP-25-2007.html
build/PP-25-2010.html
build/PP-26-2001.html
build/PP-26-2006.html
build/PP-26-2010.html
build/PP-27-2001.html
build/PP-27-2005.html
build/PP-27-2010.html
build/PP-28-2002.html
build/PP-28-2006.html
build/PP-28-2007.html
build/PP-29-2007.html
build/PP-29-2013.html
build/PP-3-1990.html
build/PP-3-2000.html
build/PP-3-2008.html
build/PP-30-1982.html
build/PP-30-2005.html
build/PP-30-2007.html
build/PP-30-2009.html
build/PP-31-1991.html
build/PP-31-2005.html
build/PP-31-2007.html
build/PP-31-2010.html
build/PP-32-2008.html
build/PP-32-2010.html
build/PP-33-2006.html
build/PP-33-2008.html
build/PP-33-2009.html
build/PP-33-2010.html
build/PP-34-2001.html
build/PP-34-2005.html
build/PP-34-2008.html
build/PP-35-1980.html
build/PP-36-1991.html
build/PP-36-1993.html
build/PP-36-2001.html
build/PP-36-2009.html
build/PP-37-1990.html
build/PP-37-2005.html
build/PP-37-2006.html
build/PP-37-2008.html
build/PP-38-1982.html
build/PP-38-1993.html
build/PP-38-1998.html
build/PP-38-2000.html
build/PP-38-2005.html
build/PP-38-2008.html
build/PP-39-1993.html
build/PP-39-2000.html
build/PP-39-2008.html
build/PP-4-2002.html
build/PP-4-2010.html
build/PP-40-1958.html
build/PP-40-2001.html
build/PP-40-2009.html
build/PP-40-2010.html
build/PP-41-1997.html
build/PP-41-2001.html
build/PP-41-2005.html
build/PP-43-2000.html
build/PP-43-2003.html
build/PP-43-2007.html
build/PP-44-1980.html
build/PP-44-2009.html
build/PP-44-2011.html
build/PP-45-1980.html
build/PP-45-1990.html
build/PP-45-2001.html
build/PP-45-2011.html
build/PP-46-1980.html
build/PP-46-2003.html
build/PP-46-2005.html
build/PP-46-2008.html
build/PP-47-1980.html
build/PP-47-2001.html
build/PP-47-2005.html
build/PP-48-1980.html
build/PP-48-2000.html
build/PP-48-2001.html
build/PP-49-2008.html
build/PP-49-2011.html
build/PP-49-2012.html
build/PP-5-2011.html
build/PP-50-1990.html
build/PP-50-2001.html
build/PP-51-1990.html
build/PP-52-1990.html
build/PP-52-1998.html
build/PP-52-2011.html
build/PP-53-1980.html
build/PP-53-2005.html
build/PP-53-2012.html
build/PP-54-1980.html
build/PP-54-1981.html
build/PP-54-1990.html
build/PP-54-2003.html
build/PP-55-1981.html
build/PP-55-2009.html
build/PP-56-2012.html
build/PP-57-1996.html
build/PP-58-2007.html
build/PP-58-2010.html
build/PP-59-1999.html
build/PP-59-2009.html
build/PP-59-2010.html
build/PP-6-2003.html
build/PP-60-2001.html
build/PP-60-2009.html
build/PP-60-2012.html
build/PP-61-2003.html
build/PP-61-2008.html
build/PP-61-2012.html
build/PP-62-2008.html
build/PP-63-1999.html
build/PP-64-1999.html
build/PP-64-2000.html
build/PP-64-2005.html
build/PP-65-1991.html
build/PP-65-2008.html
build/PP-65-2010.html
build/PP-66-2005.html
build/PP-66-2010.html
build/PP-67-2005.html
build/PP-68-2005.html
build/PP-7-1993.html
build/PP-7-2002.html
build/PP-7-2004.html
build/PP-7-2007.html
build/PP-70-2005.html
build/PP-70-2010.html
build/PP-71-2008.html
build/PP-73-2012.html
build/PP-74-1999.html
build/PP-74-2012.html
build/PP-75-2001.html
build/PP-75-2008.html
build/PP-75-2011.html
build/PP-76-1991.html
build/PP-76-2007.html
build/PP-76-2010.html
build/PP-77-1991.html
build/PP-78-1999.html
build/PP-78-2012.html
build/PP-79-1999.html
build/PP-8-1984.html
build/PP-8-2004.html
build/PP-8-2010.html
build/PP-82-2007.html
build/PP-83-2000.html
build/PP-83-2012.html
build/PP-84-2001.html
build/PP-84-2010.html
build/PP-85-2012.html
build/PP-87-2000.html
build/PP-9-1984.html
build/PP-9-1985.html
build/PP-9-1990.html
build/PP-9-1993.html
build/PP-9-2007.html
build/PP-99-2012.html
build/PS-10-2012.html
build/PS-112-2013.html
build/PS-12-2012.html
build/PS-124-2012.html
build/PS-126-2012.html
build/PS-14-2013.html
build/PS-22-2012.html
build/PS-25-2012.html
build/PS-3-2013.html
build/PS-33-2013.html
build/PS-37-2012.html
build/PS-38-2012.html
build/PS-4-2013.html
build/PS-45-2012.html
build/PS-55-2013.html
build/PS-56-2013.html
build/PS-6-2010.html
build/PS-73-2013.html
build/PS-8-2012-BT.html
build/PS-81-2012.html
build/PS-85-2012.html
build/PS-86-2012.html
build/PS-97-2012.html
build/UU-1-1946.html
build/UU-1-1974.html
build/UU-1-1985.html
build/UU-1-1988.html
build/UU-1-2002.html
build/UU-1-2005.html
build/UU-10-1998.html
build/UU-10-2000.html
build/UU-10-2004-LMP.html
build/UU-10-2011.html
build/UU-11-1998.html
build/UU-11-1999.html
build/UU-11-2000.html
build/UU-11-2003.html
build/UU-11-2011.html
build/UU-12-1997.html
build/UU-12-2000.html
build/UU-12-2008.html
build/UU-13-1997.html
build/UU-13-2000.html
build/UU-14-1997.html
build/UU-14-2000.html
build/UU-14-2006.html
build/UU-14-2013.html
build/UU-15-2000.html
build/UU-15-2013.html
build/UU-16-2000.html
build/UU-16-2008.html
build/UU-18-2000.html
build/UU-18-2011.html
build/UU-2-1950.html
build/UU-2-1980.html
build/UU-2-1985.html
build/UU-2-2001.html
build/UU-2-2010.html
build/UU-20-2000.html
build/UU-20-2001.html
build/UU-21-1982.html
build/UU-22-1992.html
build/UU-22-1999.html
build/UU-25-2003.html
build/UU-26-1999.html
build/UU-26-2003.html
build/UU-26-2009.html
build/UU-27-1999.html
build/UU-28-2007.html
build/UU-29-2009.html
build/UU-3-1985.html
build/UU-3-1988.html
build/UU-3-2004.html
build/UU-3-2009.html
build/UU-30-1953.html
build/UU-33-2000.html
build/UU-34-1999.html
build/UU-34-2000.html
build/UU-34-2008.html
build/UU-35-1999.html
build/UU-35-2004.html
build/UU-36-2008.html
build/UU-4-2000.html
build/UU-4-2012.html
build/UU-41-2007.html
build/UU-42-2009.html
build/UU-45-2009.html
build/UU-49-2009.html
build/UU-5-1950.html
build/UU-5-1960.html
build/UU-5-1995.html
build/UU-5-2000.html
build/UU-5-2004.html
build/UU-5-2010.html
build/UU-50-2009.html
build/UU-51-2009.html
build/UU-6-1950.html
build/UU-6-1989.html
build/UU-6-1999.html
build/UU-6-2000.html
build/UU-7-1987.html
build/UU-7-1991.html
build/UU-7-2000.html
build/UU-8-1958.html
build/UU-8-1984.html
build/UU-8-2000.html
build/UU-8-2011.html
build/UU-9-1955.html
build/UU-9-2005.html
build/UU-9-2011.html
