LN180-2012perpres079-2012.html
	renaming LN180-2012perpres079-2012.html to LN-180-2012.html
UU-30-2007---Energi.html
	renaming UU-30-2007---Energi.html to UU-30-2007.html
pp6-2005-baru.html
	renaming pp6-2005-baru.html to PP-6-2005.html
PP-23-2011-BT.html
	file PP-23-2011.html exists
Perpres-70-2011-PERPRES-PROTOKOL-PENETAPAN-RUTE-RUTE-DAN-FASILITAS-ANGKUTAN-TRANSIT.html
	renaming Perpres-70-2011-PERPRES-PROTOKOL-PENETAPAN-RUTE-RUTE-DAN-FASILITAS-ANGKUTAN-TRANSIT.html to PERPRES-70-2011.html
ips16-1980-INSTRUKSI-PRESIDEN-REPUBLIK-INDONESIA-NOMOR-16-TAHUN-1980.html
	renaming ips16-1980-INSTRUKSI-PRESIDEN-REPUBLIK-INDONESIA-NOMOR-16-TAHUN-1980.html to IPS-16-1980.html
PP-1-2013-PJL.html
	file PP-1-2013.html exists
PP-15-2013-PJL.html
	file PP-15-2013.html exists
PP-31-2013-PJL.html
	file PP-31-2013.html exists
PP-7-2013-PJL.html
	file PP-7-2013.html exists
Penpres-1-1965-tentang-Penodaan-Agama.html
	renaming Penpres-1-1965-tentang-Penodaan-Agama.html to PENPRES-1-1965.html
PP-54-2007---Pengangkatan-Anak.html
	renaming PP-54-2007---Pengangkatan-Anak.html to PP-54-2007.html
UU-7-2013-PJL.html
	file UU-7-2013.html exists
UU-40-2007-tentang-Perseroan-Terbatas-.html
	file UU-40-2007.html exists
UU-25-2007---Penanaman-Modal.html
	renaming UU-25-2007---Penanaman-Modal.html to UU-25-2007.html
PP-21-2011-BT.html
	file PP-21-2011.html exists
UU-28-1999-PJL.html
	file UU-28-1999.html exists
PP-31-2011-BT.html
	file PP-31-2011.html exists
PP-40-2013-PJL.html
	file PP-40-2013.html exists
UU-13-2003---Tenagakerja.html
	file UU-13-2003.html exists
PP-28-2011-BT.html
	file PP-28-2011.html exists
UU-3-2013-PJL.html
	file UU-3-2013.html exists
PP-20-2013-BT.html
	file PP-20-2013.html exists
UU-9-2013-PJL.html
	file UU-9-2013.html exists
PP-13-2012-BT.html
	file PP-13-2012.html exists
PP-24-2011-BT.html
	file PP-24-2011.html exists
UU-5-2013-PJL.html
	file UU-5-2013.html exists
UU-8-2013-PJL.html
	file UU-8-2013.html exists
ips9-1980-INSTRUKSI-PRESIDEN-REPUBLIK-INDONESIA-NOMOR-9-TAHUN-1980.html
	renaming ips9-1980-INSTRUKSI-PRESIDEN-REPUBLIK-INDONESIA-NOMOR-9-TAHUN-1980.html to IPS-9-1980.html
UU-7-1971-Kearsipan.html
	renaming UU-7-1971-Kearsipan.html to UU-7-1971.html
PP-32-2011-BT.html
	file PP-32-2011.html exists
UU-2-2013-PJL.html
	file UU-2-2013.html exists
UU-10-2013-PJL.html
	file UU-10-2013.html exists
PP-21-2013-PJL.html
	file PP-21-2013.html exists
ips7-1980-INSTRUKSI-PRESIDEN-REPUBLIK-INDONESIA-NOMOR-7-TAHUN-1980.html
	renaming ips7-1980-INSTRUKSI-PRESIDEN-REPUBLIK-INDONESIA-NOMOR-7-TAHUN-1980.html to IPS-7-1980.html
ips13-1980-INSTRUKSI-PRESIDEN-REPUBLIK-INDONESIA-NOMOR-13-TAHUN-1980.html
	renaming ips13-1980-INSTRUKSI-PRESIDEN-REPUBLIK-INDONESIA-NOMOR-13-TAHUN-1980.html to IPS-13-1980.html
ips12-1980-INSTRUKSI-PRESIDEN-REPUBLIK-INDONESIA-NOMOR-12-TAHUN-1980.html
	renaming ips12-1980-INSTRUKSI-PRESIDEN-REPUBLIK-INDONESIA-NOMOR-12-TAHUN-1980.html to IPS-12-1980.html
UU-1-2013-BT.html
	file UU-1-2013.html exists
PP-22-2011-BT.html
	file PP-22-2011.html exists
ips6-1980-INSTRUKSI-PRESIDEN-REPUBLIK-INDONESIA-NOMOR-6-TAHUN-1980.html
	renaming ips6-1980-INSTRUKSI-PRESIDEN-REPUBLIK-INDONESIA-NOMOR-6-TAHUN-1980.html to IPS-6-1980.html
PP-26-2011-BT.html
	file PP-26-2011.html exists
PP-3-2013-PJL.html
	file PP-3-2013.html exists
UU-27-2003-PJL.html
	file UU-27-2003.html exists
ips11-1980-INSTRUKSI-PRESIDEN-REPUBLIK-INDONESIA-NOMOR-11-TAHUN-1980.html
	renaming ips11-1980-INSTRUKSI-PRESIDEN-REPUBLIK-INDONESIA-NOMOR-11-TAHUN-1980.html to IPS-11-1980.html
UU-4-2013-PJL.html
	file UU-4-2013.html exists
ips14-1980-INSTRUKSI-PRESIDEN-REPUBLIK-INDONESIA-NOMOR-14-TAHUN-1980.html
	renaming ips14-1980-INSTRUKSI-PRESIDEN-REPUBLIK-INDONESIA-NOMOR-14-TAHUN-1980.html to IPS-14-1980.html
PP-2-2013-PJL.html
	file PP-2-2013.html exists
PP-8-2013-PJL.html
	file PP-8-2013.html exists
PP-18-2013-BT.html
	file PP-18-2013.html exists
PP-27-2011-BT.html
	file PP-27-2011.html exists
UU-20-2011bt-Rumah-Susun.html
	renaming UU-20-2011bt-Rumah-Susun.html to UU-20-2011.html
PP-5-2013-BT.html
	file PP-5-2013.html exists
PS-8-2012-BT.html
	file PS-8-2012.html exists
PP-9-2012-BT.html
	file PP-9-2012.html exists
pp-6-2005-baru.html
	file PP-6-2005.html exists
PP-42-2013-PJL.html
	file PP-42-2013.html exists
PP-4-2013-PJL.html
	file PP-4-2013.html exists
ips4-1980-INSTRUKSI-PRESIDEN-REPUBLIK-INDONESIA-NOMOR-4-TAHUN-1980.html
	renaming ips4-1980-INSTRUKSI-PRESIDEN-REPUBLIK-INDONESIA-NOMOR-4-TAHUN-1980.html to IPS-4-1980.html
UU-16-1997-BT.html
	file UU-16-1997.html exists
PP-30-2011-BT.html
	file PP-30-2011.html exists
UU-11-2011-ttg-Perubahan-UU-10-2010-ttg-APBN-TA-2011.html
	renaming UU-11-2011-ttg-Perubahan-UU-10-2010-ttg-APBN-TA-2011.html to UU-11-2011.html
Perpres-82-2007---Bappenas.html
	renaming Perpres-82-2007---Bappenas.html to PERPRES-82-2007.html
ips15-1980-INSTRUKSI-PRESIDEN-REPUBLIK-INDONESIA-NOMOR-15-TAHUN-1980.html
	renaming ips15-1980-INSTRUKSI-PRESIDEN-REPUBLIK-INDONESIA-NOMOR-15-TAHUN-1980.html to IPS-15-1980.html
inp2-1984-INSTRUKSI-PRESIDEN-REPUBLIK-INDONESIA-NOMOR-2-TAHUN-1964.html
	renaming inp2-1984-INSTRUKSI-PRESIDEN-REPUBLIK-INDONESIA-NOMOR-2-TAHUN-1964.html to INP-2-1984.html
ips10-1980-INSTRUKSI-PRESIDEN-REPUBLIK-INDONESIA-NOMOR-10-TAHUN-1980.html
	renaming ips10-1980-INSTRUKSI-PRESIDEN-REPUBLIK-INDONESIA-NOMOR-10-TAHUN-1980.html to IPS-10-1980.html
PP-17-2013-PJL.html
	file PP-17-2013.html exists
ips3-1980-INSTRUKSI-PRESIDEN-REPUBLIK-INDONESIA-NOMOR-3-TAHUN-1980.html
	renaming ips3-1980-INSTRUKSI-PRESIDEN-REPUBLIK-INDONESIA-NOMOR-3-TAHUN-1980.html to IPS-3-1980.html
ips1-1980-INSTRUKSI-PRESIDEN-REPUBLIK-INDONESIA-NOMOR-1-TAHUN-1980.html
	renaming ips1-1980-INSTRUKSI-PRESIDEN-REPUBLIK-INDONESIA-NOMOR-1-TAHUN-1980.html to IPS-1-1980.html
UU-6-2013-PJL.html
	file UU-6-2013.html exists
ips2-1980-INSTRUKSI-PRESIDEN-REPUBLIK-INDONESIA-NOMOR-2-TAHUN-1980.html
	renaming ips2-1980-INSTRUKSI-PRESIDEN-REPUBLIK-INDONESIA-NOMOR-2-TAHUN-1980.html to IPS-2-1980.html
PP-6-2013-PJL.html
	file PP-6-2013.html exists
PP-29-2011-BT.html
	file PP-29-2011.html exists
PP-43-2011bt-PP-TATA-CARA-PENGAJUAN-DAN-PEMAKAIAN-NAMA-PT.html
	renaming PP-43-2011bt-PP-TATA-CARA-PENGAJUAN-DAN-PEMAKAIAN-NAMA-PT.html to PP-43-2011.html
ips8-1980-INSTRUKSI-PRESIDEN-REPUBLIK-INDONESIA-NOMOR-8-TAHUN-1980.html
	renaming ips8-1980-INSTRUKSI-PRESIDEN-REPUBLIK-INDONESIA-NOMOR-8-TAHUN-1980.html to IPS-8-1980.html
