build/PBI-11-25-2009.html
build/PBI-12-2-2010.html
build/PBI-12-7-2010.html
build/PBI-13-12-2011.html
build/PBI-13-26-2011.html
build/PBI-13-27-2011.html
build/PBI-13-9-2011.html
build/PBI-14-11-2012.html
build/PERPRES-76-2011.html
build/PERPRES-92-2011.html
build/PP-2-2013.html
build/PP-23-2011-BT.html
build/PP-4-2010.html
build/PP-40-2010.html
build/PP-52-2011.html
build/PP-58-2010.html
build/PP-75-2011.html
build/PS-112-2013.html
build/UU-10-1998.html
build/UU-11-2011.html
build/UU-18-2011.html
build/UU-45-2009.html
build/UU-5-2010.html
build/UU-7-1987.html
build/UU-8-2011.html
build/UU-9-2011.html
