build/BPK-1-2011.html
build/BPK-2-2007.html
build/BPK-3-2010.html
build/BPK-4-2010.html
build/KEPPRES-100-2001.html
build/KEPPRES-101-2001.html
build/KEPPRES-103-2001.html
build/KEPPRES-106-2004.html
build/KEPPRES-107-2004.html
build/KEPPRES-109-2000.html
build/KEPPRES-117-1998.html
build/KEPPRES-13-2002.html
build/KEPPRES-132-2001.html
build/KEPPRES-134-1999.html
build/KEPPRES-135-1999.html
build/KEPPRES-136-1999.html
build/KEPPRES-14-1980.html
build/KEPPRES-14-1999.html
build/KEPPRES-150-2000.html
build/KEPPRES-152-1999.html
build/KEPPRES-153-1999.html
build/KEPPRES-159-2000.html
build/KEPPRES-16-1985.html
build/KEPPRES-163-2000.html
build/KEPPRES-164-2000.html
build/KEPPRES-165-2000.html
build/KEPPRES-166-2000.html
build/KEPPRES-17-2006.html
build/KEPPRES-170-2000.html
build/KEPPRES-19-1981.html
build/KEPPRES-21-2010.html
build/KEPPRES-24-1999.html
build/KEPPRES-31-1982.html
build/KEPPRES-32-2001.html
build/KEPPRES-35-2001.html
build/KEPPRES-37-1999.html
build/KEPPRES-4-2006.html
build/KEPPRES-42-2002.html
build/KEPPRES-42-2003.html
build/KEPPRES-43-1991.html
build/KEPPRES-49-1999.html
build/KEPPRES-49-2000.html
build/KEPPRES-5-2000.html
build/KEPPRES-52-2001.html
build/KEPPRES-52-2004.html
build/KEPPRES-54-2001.html
build/KEPPRES-54-2003.html
build/KEPPRES-6-2009.html
build/KEPPRES-64-2002.html
build/KEPPRES-72-1980.html
build/KEPPRES-8-2007.html
build/KEPPRES-80-1982.html
build/KEPPRES-81-1999.html
build/KEPPRES-84-2002.html
build/KEPPRES-85-2001.html
build/KEPPRES-86-1982.html
build/KEPPRES-86-1999.html
build/KEPPRES-86-2002.html
build/KEPPRES-87-1998.html
build/KEPPRES-88-1999.html
build/KEPPRES-92-2004.html
build/KEPPRES-94-1999.html
build/KEPPRES-94-2004.html
build/KEPPRES-95-1999.html
build/KEPPRES-95-2001.html
build/KP-11-1984.html
build/KP-17-2000.html
build/KP-20-1984.html
build/KP-29-1984.html
build/KP-39-1984.html
build/PBI-10-11-2008.html
build/PBI-10-19-2008.html
build/PBI-10-2-2008.html
build/PBI-10-20-2008.html
build/PBI-10-24-2008.html
build/PBI-10-25-2008.html
build/PBI-10-26-2008.html
build/PBI-10-32-2008.html
build/PBI-10-34-2008.html
build/PBI-10-35-2008.html
build/PBI-10-36-2008.html
build/PBI-11-1-2009.html
build/PBI-11-10-2009.html
build/PBI-11-12-2009.html
build/PBI-11-13-2009.html
build/PBI-11-19-2009.html
build/PBI-11-23-2009.html
build/PBI-11-24-2009.html
build/PBI-11-25-2009.html
build/PBI-11-26-2009.html
build/PBI-11-28-2009.html
build/PBI-11-29-2009.html
build/PBI-11-3-2009.html
build/PBI-11-4-2009.html
build/PBI-12-12-2010.html
build/PBI-12-16-2010.html
build/PBI-12-19-2010.html
build/PBI-12-20-2010.html
build/PBI-12-21-2010.html
build/PBI-12-22-2010.html
build/PBI-12-3-2010.html
build/PBI-13-13-2011.html
build/PBI-13-14-2011.html
build/PBI-13-2-2011.html
build/PBI-13-20-2011.html
build/PBI-13-23-2011.html
build/PBI-13-25-2011.html
build/PBI-13-26-2011.html
build/PBI-13-27-2011.html
build/PBI-13-5-2011.html
build/PBI-13-8-2011.html
build/PBI-14-11-2012.html
build/PBI-14-13-2012.html
build/PBI-14-15-2012.html
build/PBI-14-16-2012.html
build/PBI-14-17-2012.html
build/PBI-14-18-2012.html
build/PBI-14-19-2012.html
build/PBI-14-21-2012.html
build/PBI-14-22-2012.html
build/PBI-14-23-2012.html
build/PBI-14-24-2012.html
build/PBI-14-3-2012.html
build/PBI-14-7-2012.html
build/PBI-14-9-2012.html
build/PBI-15-1-2013.html
build/PBI-8-1-2006.html
build/PBI-8-4-2006.html
build/PBI-9-11-2007.html
build/PBI-9-13-2007.html
build/PBI-9-2-2007.html
build/PBI-9-5-2007.html
build/PERPRES-10-2006.html
build/PERPRES-106-2006.html
build/PERPRES-11-2008.html
build/PERPRES-12-2008.html
build/PERPRES-13-2007.html
build/PERPRES-14-2009.html
build/PERPRES-16-2005.html
build/PERPRES-17-2011.html
build/PERPRES-18-2011.html
build/PERPRES-2-2008.html
build/PERPRES-23-2010.html
build/PERPRES-26-2008.html
build/PERPRES-27-2008.html
build/PERPRES-27-2009.html
build/PERPRES-28-2005.html
build/PERPRES-28-2008.html
build/PERPRES-3-2011.html
build/PERPRES-32-2011.html
build/PERPRES-4-2008.html
build/PERPRES-40-2011.html
build/PERPRES-54-2010.html
build/PERPRES-59-2006.html
build/PERPRES-66-2011.html
build/PERPRES-67-2006.html
build/PERPRES-76-2005.html
build/PERPRES-76-2011.html
build/PERPRES-78-2006.html
build/PERPRES-81-2005.html
build/PERPRES-81-2006.html
build/PERPRES-83-2006.html
build/PERPRES-83-2007.html
build/PERPRES-86-2007.html
build/PERPRES-88-2011.html
build/PERPRES-9-2005.html
build/PERPRES-90-2007.html
build/PERPU-2-2000.html
build/PERPU-2-2007.html
build/PERPU-3-2005.html
build/PNPERPRES-2-1964.html
build/PP-1-2001.html
build/PP-1-2010.html
build/PP-10-1989.html
build/PP-10-1990.html
build/PP-10-2010.html
build/PP-100-2012.html
build/PP-101-2000.html
build/PP-102-2000.html
build/PP-103-2000.html
build/PP-105-2000.html
build/PP-105-2012.html
build/PP-107-2000.html
build/PP-108-2000.html
build/PP-109-2012.html
build/PP-11-2010.html
build/PP-110-2000.html
build/PP-116-2000.html
build/PP-117-2000.html
build/PP-118-2000.html
build/PP-119-2000.html
build/PP-12-1990.html
build/PP-12-1995.html
build/PP-12-2000.html
build/PP-120-2000.html
build/PP-121-2000.html
build/PP-122-2000.html
build/PP-123-2000.html
build/PP-124-2000.html
build/PP-125-2000.html
build/PP-126-2000.html
build/PP-127-2000.html
build/PP-128-2000.html
build/PP-13-1995.html
build/PP-135-2000.html
build/PP-14-2010.html
build/PP-14-2012.html
build/PP-15-2002.html
build/PP-15-2007.html
build/PP-15-2010.html
build/PP-15-2013.html
build/PP-153-2000.html
build/PP-154-2000.html
build/PP-155-2000.html
build/PP-16-2010.html
build/PP-17-1981.html
build/PP-17-1990.html
build/PP-17-1999.html
build/PP-17-2005.html
build/PP-17-2010.html
build/PP-17-2013.html
build/PP-18-1999.html
build/PP-18-2013-BT.html
build/PP-19-2000.html
build/PP-19-2003.html
build/PP-19-2008.html
build/PP-2-1990.html
build/PP-2-2003.html
build/PP-20-1981.html
build/PP-20-1990.html
build/PP-20-2001.html
build/PP-20-2005.html
build/PP-20-2006.html
build/PP-20-2007.html
build/PP-20-2010.html
build/PP-21-1996.html
build/PP-21-2005.html
build/PP-21-2010.html
build/PP-21-2011-BT.html
build/PP-22-1982.html
build/PP-22-2005.html
build/PP-23-2010.html
build/PP-24-1981.html
build/PP-24-1991.html
build/PP-24-2005.html
build/PP-24-2009.html
build/PP-24-2012.html
build/PP-25-1996.html
build/PP-25-1999.html
build/PP-27-1985.html
build/PP-27-1991.html
build/PP-28-1985.html
build/PP-28-1999.html
build/PP-28-2001.html
build/PP-28-2006.html
build/PP-28-2011-BT.html
build/PP-28-2011.html
build/PP-28-2012.html
build/PP-29-2001.html
build/PP-29-2008.html
build/PP-3-1982.html
build/PP-3-2001.html
build/PP-3-2007.html
build/PP-3-2008.html
build/PP-3-2009.html
build/PP-3-2013.html
build/PP-30-1982.html
build/PP-30-1985.html
build/PP-30-2003.html
build/PP-30-2006.html
build/PP-30-2011-BT.html
build/PP-31-1995.html
build/PP-31-1999.html
build/PP-31-2002.html
build/PP-31-2005.html
build/PP-31-2009.html
build/PP-31-2011.html
build/PP-31-2013.html
build/PP-32-1995.html
build/PP-32-1999.html
build/PP-32-2006.html
build/PP-33-1984.html
build/PP-33-1985.html
build/PP-33-2005.html
build/PP-33-2007.html
build/PP-33-2012.html
build/PP-35-1991.html
build/PP-35-2002.html
build/PP-35-2010.html
build/PP-36-1984.html
build/PP-36-2000.html
build/PP-36-2006.html
build/PP-36-2007.html
build/PP-36-2013.html
build/PP-37-2000.html
build/PP-37-2006.html
build/PP-37-2007.html
build/PP-37-2010.html
build/PP-37-2012.html
build/PP-38-1990.html
build/PP-38-2010.html
build/PP-38-2011.html
build/PP-38-2013.html
build/PP-39-2006.html
build/PP-39-2007.html
build/PP-39-2010.html
build/PP-4-1985.html
build/PP-4-2013.html
build/PP-40-1958.html
build/PP-40-1991.html
build/PP-40-1996.html
build/PP-40-2007.html
build/PP-40-2012.html
build/PP-40-2013.html
build/PP-41-1980.html
build/PP-41-2007.html
build/PP-41-2008.html
build/PP-41-2011.html
build/PP-41-2012.html
build/PP-42-1981.html
build/PP-42-1982.html
build/PP-42-1990.html
build/PP-42-2002.html
build/PP-42-2006.html
build/PP-42-2007.html
build/PP-42-2010.html
build/PP-42-2012.html
build/PP-42-2013.html
build/PP-43-1981.html
build/PP-43-2009.html
build/PP-43-2011.html
build/PP-43-2012.html
build/PP-44-1990.html
build/PP-44-2004.html
build/PP-44-2008.html
build/PP-44-2012.html
build/PP-45-2004.html
build/PP-45-2005.html
build/PP-46-1981.html
build/PP-46-1991.html
build/PP-46-1995.html
build/PP-46-2010.html
build/PP-46-2012.html
build/PP-47-2005.html
build/PP-48-2005.html
build/PP-48-2008.html
build/PP-48-2011.html
build/PP-49-2008.html
build/PP-49-2012.html
build/PP-5-1980.html
build/PP-5-1985.html
build/PP-5-1990.html
build/PP-5-1996.html
build/PP-5-2010.html
build/PP-5-2013-BT.html
build/PP-50-1980.html
build/PP-50-2005.html
build/PP-50-2007.html
build/PP-50-2011.html
build/PP-50-2012.html
build/PP-51-1981.html
build/PP-51-1999.html
build/PP-51-2002.html
build/PP-51-2005.html
build/PP-51-2012.html
build/PP-52-2001.html
build/PP-52-2012.html
build/PP-53-1999.html
build/PP-53-2003.html
build/PP-53-2005.html
build/PP-54-2005.html
build/PP-54-2008.html
build/PP-55-1981.html
build/PP-55-1990.html
build/PP-55-2003.html
build/PP-55-2005.html
build/PP-55-2007.html
build/PP-55-2008.html
build/PP-55-2012.html
build/PP-56-2008.html
build/PP-56-2009.html
build/PP-57-1990.html
build/PP-58-1999.html
build/PP-58-2005.html
build/PP-58-2012.html
build/PP-6-1985.html
build/PP-6-2000.html
build/PP-6-2004.html
build/PP-6-2005.html
build/PP-6-2010.html
build/PP-6-2013.html
build/PP-60-2007.html
build/PP-61-2009.html
build/PP-62-1990.html
build/PP-62-2010.html
build/PP-62-2012.html
build/PP-63-2002.html
build/PP-63-2008.html
build/PP-64-2007.html
build/PP-64-2012.html
build/PP-65-2001.html
build/PP-67-2002.html
build/PP-68-2002.html
build/PP-68-2012.html
build/PP-69-2001.html
build/PP-7-1985.html
build/PP-7-2003.html
build/PP-7-2008.html
build/PP-7-2010.html
build/PP-7-2011.html
build/PP-71-1991.html
build/PP-71-2010.html
build/PP-72-2005.html
build/PP-72-2009.html
build/PP-72-2010.html
build/PP-72-2012.html
build/PP-73-2005.html
build/PP-74-2008.html
build/PP-74-2012.html
build/PP-76-2008.html
build/PP-77-2001.html
build/PP-77-2007.html
build/PP-77-2012.html
build/PP-78-2010.html
build/PP-79-2012.html
build/PP-8-1981.html
build/PP-8-1985.html
build/PP-8-1990.html
build/PP-8-1993.html
build/PP-8-2000.html
build/PP-8-2005.html
build/PP-8-2008.html
build/PP-8-2013.html
build/PP-80-1999.html
build/PP-81-2000.html
build/PP-81-2012.html
build/PP-82-2001.html
build/PP-83-2008.html
build/PP-83-2010.html
build/PP-84-2000.html
build/PP-84-2012.html
build/PP-86-2000.html
build/PP-9-1985.html
build/PP-9-1995.html
build/PP-9-2011.html
build/PP-9-2012.html
build/PP-90-2010.html
build/PP-91-2000.html
build/PP-94-2012.html
build/PP-95-2000.html
build/PP-95-2012.html
build/PP-96-2012.html
build/PP-99-2012.html
build/PS-100-2012.html
build/PS-102-2012.html
build/PS-103-2012.html
build/PS-104-2012.html
build/PS-105-2012.html
build/PS-107-2012.html
build/PS-108-2012.html
build/PS-109-2012.html
build/PS-110-2012.html
build/PS-111-2012.html
build/PS-112-2012.html
build/PS-113-2012.html
build/PS-114-2012.html
build/PS-115-2012.html
build/PS-117-2012.html
build/PS-118-2012.html
build/PS-119-2012.html
build/PS-12-2013.html
build/PS-120-2012.html
build/PS-122-2012.html
build/PS-123-2012.html
build/PS-124-2012.html
build/PS-13-2012.html
build/PS-17-2012.html
build/PS-27-2012.html
build/PS-28-2012.html
build/PS-3-2012.html
build/PS-3-2013.html
build/PS-44-2012.html
build/PS-45-2013.html
build/PS-46-2013.html
build/PS-47-2012.html
build/PS-48-2012.html
build/PS-48-2013.html
build/PS-49-2012.html
build/PS-50-2012.html
build/PS-52-2010.html
build/PS-53-2012.html
build/PS-57-2013.html
build/PS-58-2013.html
build/PS-59-2013.html
build/PS-6-2012.html
build/PS-60-2012.html
build/PS-60-2013.html
build/PS-62-2013.html
build/PS-63-2013.html
build/PS-64-2012.html
build/PS-68-2012.html
build/PS-71-2012.html
build/PS-72-2012.html
build/PS-79-2012.html
build/PS-85-2012.html
build/PS-9-2013.html
build/PS-90-2012.html
build/UU-1-1974.html
build/UU-1-1979.html
build/UU-1-1995.html
build/UU-1-1996.html
build/UU-1-2009.html
build/UU-1-2011.html
build/UU-1-2013-BT.html
build/UU-10-1995.html
build/UU-10-1998.html
build/UU-10-2008.html
build/UU-10-2009.html
build/UU-10-2011.html
build/UU-11-1967.html
build/UU-11-1990.html
build/UU-11-1992.html
build/UU-11-1995.html
build/UU-11-2008.html
build/UU-11-2009.html
build/UU-11-2012.html
build/UU-12-1985.html
build/UU-12-1992.html
build/UU-12-1998.html
build/UU-12-2003.html
build/UU-12-2008.html
build/UU-12-2010.html
build/UU-12-2011.html
build/UU-12-2012.html
build/UU-12-2013.html
build/UU-13-1982.html
build/UU-13-1992.html
build/UU-13-1997.html
build/UU-13-2008.html
build/UU-13-2010.html
build/UU-13-2013.html
build/UU-14-1970.html
build/UU-14-1982.html
build/UU-14-1985.html
build/UU-14-1992.html
build/UU-14-2002.html
build/UU-14-2005.html
build/UU-14-2008.html
build/UU-15-1982.html
build/UU-15-1992.html
build/UU-15-1997.html
build/UU-15-2006.html
build/UU-15-2011.html
build/UU-15-2012.html
build/UU-16-1985.html
build/UU-16-1997-BT.html
build/UU-16-2001.html
build/UU-16-2012.html
build/UU-16-2013.html
build/UU-17-2008.html
build/UU-17-2012.html
build/UU-17-2013.html
build/UU-18-1982.html
build/UU-18-1999.html
build/UU-18-2003.html
build/UU-18-2008.html
build/UU-18-2009.html
build/UU-18-2011.html
build/UU-18-2012.html
build/UU-18-2013.html
build/UU-19-2002.html
build/UU-19-2003.html
build/UU-19-2008.html
build/UU-19-2013.html
build/UU-2-1986.html
build/UU-2-1988.html
build/UU-2-1999.html
build/UU-2-2002.html
build/UU-2-2008.html
build/UU-2-2009.html
build/UU-2-2012.html
build/UU-2-2013.html
build/UU-20-2000.html
build/UU-20-2002.html
build/UU-20-2003.html
build/UU-20-2009.html
build/UU-20-2011.html
build/UU-20-2012.html
build/UU-20-2013.html
build/UU-21-2000.html
build/UU-21-2011.html
build/UU-21-2012.html
build/UU-21-2013.html
build/UU-22-1999.html
build/UU-22-2001.html
build/UU-22-2009.html
build/UU-22-2012.html
build/UU-23-1992.html
build/UU-23-1999.html
build/UU-23-2002.html
build/UU-23-2003.html
build/UU-23-2004.html
build/UU-23-2006.html
build/UU-23-2011.html
build/UU-23-2012.html
build/UU-24-1992.html
build/UU-24-2002.html
build/UU-24-2009.html
build/UU-24-2011.html
build/UU-24-2012.html
build/UU-25-1997.html
build/UU-25-1999.html
build/UU-25-2003.html
build/UU-25-2009.html
build/UU-26-1997.html
build/UU-26-2007.html
build/UU-27-1997.html
build/UU-27-2003.html
build/UU-27-2007.html
build/UU-27-2009.html
build/UU-28-1999.html
build/UU-28-2009.html
build/UU-29-2000.html
build/UU-29-2007.html
build/UU-29-2009.html
build/UU-3-1999.html
build/UU-3-2002.html
build/UU-3-2004.html
build/UU-3-2005.html
build/UU-30-1999.html
build/UU-30-2007.html
build/UU-32-2002.html
build/UU-32-2009.html
build/UU-33-2004.html
build/UU-33-2009.html
build/UU-34-1999.html
build/UU-34-2004.html
build/UU-35-2009.html
build/UU-36-2009.html
build/UU-37-2008.html
build/UU-38-1999.html
build/UU-38-2004.html
build/UU-38-2009.html
build/UU-39-1999.html
build/UU-39-2008.html
build/UU-39-2009.html
build/UU-4-1982.html
build/UU-4-1996.html
build/UU-4-2009.html
build/UU-4-2011.html
build/UU-4-2013.html
build/UU-40-1999.html
build/UU-40-2007.html
build/UU-40-2009.html
build/UU-41-1999.html
build/UU-41-2004.html
build/UU-42-1999.html
build/UU-42-2008.html
build/UU-42-2009.html
build/UU-43-2007.html
build/UU-43-2009.html
build/UU-44-1999.html
build/UU-44-2008.html
build/UU-44-2009.html
build/UU-45-2009.html
build/UU-46-2009.html
build/UU-48-2009.html
build/UU-49-2009.html
build/UU-5-1960.html
build/UU-5-1979.html
build/UU-5-1985.html
build/UU-5-1992.html
build/UU-5-1997.html
build/UU-5-2011.html
build/UU-50-2009.html
build/UU-51-2009.html
build/UU-52-2009.html
build/UU-6-1954.html
build/UU-6-1984.html
build/UU-6-1989.html
build/UU-6-2011.html
build/UU-7-1980.html
build/UU-7-1996.html
build/UU-7-2011.html
build/UU-7-2012.html
build/UU-8-1974.html
build/UU-8-1985.html
build/UU-8-1990.html
build/UU-8-2010.html
build/UU-8-2012.html
build/UU-9-1985.html
build/UU-9-2006.html
build/UU-9-2009.html
build/UU-9-2013.html
