build/INP-4-1984.html
build/KEPPRES-103-2001.html
build/KEPPRES-16-1999.html
build/KEPPRES-165-2000.html
build/KEPPRES-166-2000.html
build/KEPPRES-24-1999.html
build/KEPPRES-29-1999.html
build/KEPPRES-30-2002.html
build/KEPPRES-4-2006.html
build/KEPPRES-44-2000.html
build/KEPPRES-51-2004.html
build/KEPPRES-76-1998.html
build/KEPPRES-86-2002.html
build/KEPPRES-87-1998.html
build/KP-10-1990.html
build/KP-16-1990.html
build/KP-20-1984.html
build/KP-23-1984.html
build/KP-29-1984.html
build/KP-4-1990.html
build/KP-5-2011.html
build/PBI-10-11-2008.html
build/PBI-10-36-2008.html
build/PBI-11-1-2009.html
build/PBI-11-23-2009.html
build/PBI-11-26-2009.html
build/PBI-11-3-2009.html
build/PBI-13-23-2011.html
build/PBI-14-15-2012.html
build/PBI-14-17-2012.html
build/PBI-14-18-2012.html
build/PBI-14-7-2012.html
build/PBI-15-1-2013.html
build/PERPRES-12-2010.html
build/PERPRES-18-2005.html
build/PERPRES-65-2005.html
build/PERPRES-83-2007.html
build/PERPRES-9-2005.html
build/PP-1-1945.html
build/PP-101-2012.html
build/PP-15-2013.html
build/PP-16-2010.html
build/PP-2-2006.html
build/PP-20-1990.html
build/PP-23-2004.html
build/PP-27-2011.html
build/PP-28-1981.html
build/PP-29-1981.html
build/PP-30-2003.html
build/PP-31-2011.html
build/PP-32-1981.html
build/PP-33-1980.html
build/PP-33-1984.html
build/PP-38-1980.html
build/PP-41-2012.html
build/PP-45-2005.html
build/PP-52-2012.html
build/PP-55-2012.html
build/PP-58-2012.html
build/PP-6-2000.html
build/PP-63-2002.html
build/PP-67-2002.html
build/PP-7-2001.html
build/PP-7-2011.html
build/PP-71-2010.html
build/PP-72-2012.html
build/PP-76-2008.html
build/PP-77-2012.html
build/PP-8-2005.html
build/PP-9-2012.html
build/PP-97-2012.html
build/PS-122-2012.html
build/PS-13-2012.html
build/PS-17-2012.html
build/PS-2-2011.html
build/PS-28-2012.html
build/PS-3-2012.html
build/PS-46-2013.html
build/PS-48-2012.html
build/PS-52-2010.html
build/PS-58-2013.html
build/PS-59-2013.html
build/PS-6-2012.html
build/PS-63-2013.html
build/PS-71-2012.html
build/PS-79-2012.html
build/PS-9-2013.html
build/PS-90-2012.html
build/UU-1-2009.html
build/UU-10-2004-LMP.html
build/UU-11-2012.html
build/UU-12-2003.html
build/UU-15-2012.html
build/UU-16-1997-BT.html
build/UU-17-2012.html
build/UU-17-2013.html
build/UU-19-2013.html
build/UU-2-2003.html
build/UU-2-2012.html
build/UU-20-2013.html
build/UU-21-2013.html
build/UU-23-2003.html
build/UU-25-2004.html
build/UU-27-2009.html
build/UU-28-2009.html
build/UU-34-2003.html
build/UU-36-2003.html
build/UU-4-1965.html
build/UU-40-1999.html
build/UU-41-1999.html
build/UU-48-1999.html
build/UU-48-2009.html
build/UU-5-1985.html
build/UU-52-2009.html
build/UU-6-1960.html
build/UU-6-2003.html
build/UU-7-1983.html
build/UU-7-2003.html
build/UU-8-2010.html
build/UU-8-2012.html
