build/INP-8-1984.html
build/INP-9-1984.html
build/IPS-2-1982.html
build/KEPPRES-103-1999.html
build/KEPPRES-127-2001.html
build/KEPPRES-14-1980.html
build/KEPPRES-14-2007.html
build/KEPPRES-15-1980.html
build/KEPPRES-18-1982.html
build/KEPPRES-180-2000.html
build/KEPPRES-181-2000.html
build/KEPPRES-26-1983.html
build/KEPPRES-27-1980.html
build/KEPPRES-31-1982.html
build/KEPPRES-45-1981.html
build/KEPPRES-46-1984.html
build/KEPPRES-50-1983.html
build/KEPPRES-51-1983.html
build/KEPPRES-57-1983.html
build/KEPPRES-59-2002.html
build/KEPPRES-59-2002.html
build/KEPPRES-59-2002.html
build/KEPPRES-59-2002.html
build/KEPPRES-61-1983.html
build/KEPPRES-61-1984.html
build/KEPPRES-61-1984.html
build/KEPPRES-61-1984.html
build/KEPPRES-68-2004.html
build/KEPPRES-76-2004.html
build/KEPPRES-77-2004.html
build/KEPPRES-78-2004.html
build/KEPPRES-90-2002.html
build/KP-1-1982.html
build/KP-11-1990.html
build/KP-11-1990.html
build/KP-11-1990.html
build/KP-11-1990.html
build/KP-11-1990.html
build/KP-11-1990.html
build/KP-11-1990.html
build/KP-11-1990.html
build/KP-11-1990.html
build/KP-11-1990.html
build/KP-11-1990.html
build/KP-11-1990.html
build/KP-11-1990.html
build/KP-11-1990.html
build/KP-11-1990.html
build/KP-11-1990.html
build/KP-11-1990.html
build/KP-11-1990.html
build/KP-11-1990.html
build/KP-11-1990.html
build/KP-11-1990.html
build/KP-11-1990.html
build/KP-16-2005.html
build/KP-23-1990.html
build/KP-23-1990.html
build/KP-23-1990.html
build/KP-23-1990.html
build/KP-32-1990.html
build/KP-32-1990.html
build/KP-32-1990.html
build/KP-32-1990.html
build/KP-32-1990.html
build/KP-32-1990.html
build/KP-32-1990.html
build/KP-36-1990.html
build/KP-43-1990.html
build/KP-43-1990.html
build/KP-43-1990.html
build/KP-5-1990.html
build/KP-5-1990.html
build/KP-5-1990.html
build/KP-5-1990.html
build/KP-5-1990.html
build/KP-5-1990.html
build/KP-53-1990.html
build/PBI-12-1-2010.html
build/PBI-12-25-2010.html
build/PBI-12-9-2010.html
build/PBI-13-26-2011.html
build/PBI-9-12-2007.html
build/PBI-9-7-2007.html
build/PERPRES-10-2005.html
build/PERPRES-101-2006.html
build/PERPRES-13-2010.html
build/PERPRES-20-2010.html
build/PERPRES-24-2005.html
build/PERPRES-8-2006.html
build/PERPRES-84-2007.html
build/PERPRES-97-2006.html
build/PP-13-1985.html
build/PP-14-2000.html
build/PP-14-2011.html
build/PP-16-2010.html
build/PP-2-1983.html
build/PP-21-2005.html
build/PP-22-1985.html
build/PP-23-1982.html
build/PP-23-2010.html
build/PP-25-1981.html
build/PP-27-1983.html
build/PP-27-1983.html
build/PP-27-1983.html
build/PP-27-1983.html
build/PP-31-2011-BT.html
build/PP-37-2008.html
build/PP-4-1985.html
build/PP-55-2003.html
build/PP-59-2010.html
build/PP-6-1980.html
build/PP-66-2010.html
build/PP-71-2010.html
build/PP-75-2001.html
build/UU-1-1945.html
build/UU-1-2001.html
build/UU-10-1998.html
build/UU-10-2004-LMP.html
build/UU-10-2004-LMP.html
build/UU-10-2004-LMP.html
build/UU-10-2011.html
build/UU-18-2000.html
build/UU-18-2011.html
build/UU-23-2004.html
build/UU-23-2004.html
build/UU-23-2004.html
build/UU-23-2004.html
build/UU-23-2004.html
build/UU-23-2004.html
build/UU-24-2011.html
build/UU-26-2004.html
build/UU-26-2004.html
build/UU-26-2004.html
build/UU-26-2004.html
build/UU-26-2004.html
build/UU-26-2004.html
build/UU-26-2004.html
build/UU-26-2004.html
build/UU-26-2004.html
build/UU-28-2007.html
build/UU-32-2004.html
build/UU-32-2004.html
build/UU-32-2004.html
build/UU-32-2004.html
build/UU-32-2004.html
build/UU-32-2004.html
build/UU-32-2004.html
build/UU-32-2004.html
build/UU-32-2004.html
build/UU-32-2004.html
build/UU-32-2004.html
build/UU-32-2004.html
build/UU-32-2004.html
build/UU-32-2004.html
build/UU-32-2004.html
build/UU-32-2004.html
build/UU-4-1950.html
build/UU-43-2009.html
build/UU-5-2006.html
build/UU-7-1987.html
build/UU-7-1997.html
build/UU-7-2006.html
build/UU-7-2011.html
build/UU-8-2011.html
