build/INP-11-1984.html
build/IPS-10-1981.html
build/IPS-10-2011.html
build/IPS-7-1982.html
build/IPS-8-1981.html
build/KEPPRES-10-2004.html
build/KEPPRES-10-2010.html
build/KEPPRES-101-2001.html
build/KEPPRES-107-2004.html
build/KEPPRES-11-2004.html
build/KEPPRES-116-2001.html
build/KEPPRES-124-2001.html
build/KEPPRES-127-2001.html
build/KEPPRES-134-1999.html
build/KEPPRES-159-2000.html
build/KEPPRES-163-2000.html
build/KEPPRES-25-1983.html
build/KEPPRES-36-2001.html
build/KEPPRES-38-1981.html
build/KEPPRES-43-2001.html
build/KEPPRES-58-2004.html
build/KEPPRES-6-2001.html
build/KEPPRES-6-2002.html
build/KEPPRES-65-2002.html
build/KEPPRES-75-1980.html
build/KEPPRES-75-1984.html
build/KEPPRES-8-2010.html
build/KP-16-2005.html
build/KP-17-2000.html
build/KP-42-2001.html
build/PBI-10-11-2008.html
build/PBI-10-17-2008.html
build/PBI-12-12-2010.html
build/PBI-12-7-2010.html
build/PBI-13-22-2011.html
build/PBI-14-21-2012.html
build/PBI-14-8-2012.html
build/PERPRES-1-2007.html
build/PERPRES-30-2005.html
build/PERPRES-37-2005.html
build/PERPRES-4-2010.html
build/PERPRES-42-2005.html
build/PERPRES-47-2008.html
build/PERPRES-52-2005.html
build/PERPRES-58-2006.html
build/PERPRES-62-2005.html
build/PERPRES-63-2005.html
build/PERPRES-76-2007.html
build/PERPRES-8-2006.html
build/PERPRES-92-2011.html
build/PERPU-1-2000.html
build/PERPU-2-1998.html
build/PERPU-23-1959.html
build/PP-101-2012.html
build/PP-102-2000.html
build/PP-12-2002.html
build/PP-12-2012.html
build/PP-120-2000.html
build/PP-129-2000.html
build/PP-14-2009.html
build/PP-14-2012.html
build/PP-15-1991.html
build/PP-15-2013-PJL.html
build/PP-16-2010.html
build/PP-18-1980.html
build/PP-18-1984.html
build/PP-18-2007.html
build/PP-2-1985.html
build/PP-20-1990.html
build/PP-21-1996.html
build/PP-25-1996.html
build/PP-27-2004.html
build/PP-28-1985.html
build/PP-29-1980.html
build/PP-29-1990.html
build/PP-29-2000.html
build/PP-3-2013.html
build/PP-30-2000.html
build/PP-31-2000.html
build/PP-31-2009.html
build/PP-31-2010.html
build/PP-32-2003.html
build/PP-32-2010.html
build/PP-33-2010.html
build/PP-33-2012.html
build/PP-35-1991.html
build/PP-37-1991.html
build/PP-39-1995.html
build/PP-39-2012.html
build/PP-4-1993.html
build/PP-4-2010.html
build/PP-4-2013.html
build/PP-40-1991.html
build/PP-40-1993.html
build/PP-40-1995.html
build/PP-40-1996.html
build/PP-40-2012.html
build/PP-41-1990.html
build/PP-41-2004.html
build/PP-41-2009.html
build/PP-42-1981.html
build/PP-43-2007.html
build/PP-44-2008.html
build/PP-5-1997.html
build/PP-50-2012.html
build/PP-51-2010.html
build/PP-54-2000.html
build/PP-55-2008.html
build/PP-56-2003.html
build/PP-56-2008.html
build/PP-56-2012.html
build/PP-57-2008.html
build/PP-58-2012.html
build/PP-6-1995.html
build/PP-61-1999.html
build/PP-62-2012.html
build/PP-63-2008.html
build/PP-67-1996.html
build/PP-67-2008.html
build/PP-68-2005.html
build/PP-68-2010.html
build/PP-69-1991.html
build/PP-7-1990.html
build/PP-7-1999.html
build/PP-7-2000.html
build/PP-70-2005.html
build/PP-70-2009.html
build/PP-72-1991.html
build/PP-72-1998.html
build/PP-73-1999.html
build/PP-73-2005.html
build/PP-76-2005.html
build/PP-77-2000.html
build/PP-8-1995.html
build/PP-8-2004.html
build/PP-8-2005.html
build/PP-81-2001.html
build/PP-83-2008.html
build/PP-84-2012.html
build/PP-86-2000.html
build/PP-9-1995.html
build/PP-9-2008.html
build/PP-9-2011.html
build/PP-96-2012.html
build/PP-97-2000.html
build/PS-28-2012.html
build/PS-3-2013.html
build/PS-33-2012.html
build/PS-45-2013.html
build/PS-64-2012.html
build/PS-8-2012-BT.html
build/UU-1-1950.html
build/UU-1-1970.html
build/UU-1-1995.html
build/UU-10-1998.html
build/UU-12-2006.html
build/UU-15-1997.html
build/UU-16-2001.html
build/UU-16-2012.html
build/UU-17-1947.html
build/UU-17-2013.html
build/UU-18-2013.html
build/UU-19-1997.html
build/UU-19-2013.html
build/UU-2-1966.html
build/UU-20-1997.html
build/UU-21-2000.html
build/UU-22-2004.html
build/UU-23-1992.html
build/UU-24-2002.html
build/UU-26-2000.html
build/UU-27-2009.html
build/UU-28-2002.html
build/UU-37-1999.html
build/UU-38-1999.html
build/UU-39-2008.html
build/UU-39-2009.html
build/UU-4-1999.html
build/UU-41-2004.html
build/UU-42-1999.html
build/UU-5-1984.html
build/UU-5-1999.html
build/UU-6-1984.html
build/UU-9-1990.html
build/UU-9-1998.html
build/UU-9-2011.html
build/UU-9-2013-PJL.html
