renaming pp-32-1983.html to PP-32-1983.html
renaming pp-7-2005.html to PP-7-2005.html
renaming pp-11-2010.html to PP-11-2010.html
renaming pp-27-1983.html to PP-27-1983.html
renaming pp-13-1983.html to PP-13-1983.html
renaming perpu-1-2002.html to PERPU-1-2002.html
renaming pp-1-1984.html to PP-1-1984.html
renaming pp-24-1983.html to PP-24-1983.html
renaming ps-42-2009.html to PS-42-2009.html
renaming pp-12-1983.html to PP-12-1983.html
renaming kp-1-2005.html to KP-1-2005.html
renaming pp-26-1983.html to PP-26-1983.html
renaming pp-11-1983.html to PP-11-1983.html
renaming pp-10-2010.html to PP-10-2010.html
renaming uu-15-2004.html to UU-15-2004.html
renaming pp-34-1983.html to PP-34-1983.html
renaming pp-37-1983.html to PP-37-1983.html
renaming ps-52-2010.html to PS-52-2010.html
renaming ps-43-2009.html to PS-43-2009.html
renaming perpu-2-2002.html to PERPU-2-2002.html
renaming pp-3-1983.html to PP-3-1983.html
renaming pp-22-1983.html to PP-22-1983.html
renaming pp-5-1983.html to PP-5-1983.html
renaming pp-5-2005.html to PP-5-2005.html
renaming ps-79-2010.html to PS-79-2010.html
renaming pp-9-2005.html to PP-9-2005.html
