build/BPK-1-2010.html
build/BPK-1-2011.html
build/BPK-2-2007.html
build/BPK-2-2010.html
build/BPK-2-2011.html
build/BPK-3-2007.html
build/BPK-3-2010.html
build/BPK-3-2011.html
build/BPK-4-2010.html
build/INP-4-1984.html
build/INP-5-1984.html
build/IPS-10-1980.html
build/IPS-10-2011.html
build/IPS-15-1981.html
build/IPS-2-2010.html
build/IPS-3-1981.html
build/IPS-4-1981.html
build/IPS-5-1980.html
build/IPS-5-1981.html
build/IPS-5-2011.html
build/IPS-6-1980.html
build/IPS-6-1981.html
build/IPS-7-1981.html
build/IPS-7-2011.html
build/KEPPRES-10-1980.html
build/KEPPRES-10-2006.html
build/KEPPRES-10-2011.html
build/KEPPRES-100-1999.html
build/KEPPRES-100-2001.html
build/KEPPRES-101-1999.html
build/KEPPRES-101-2001.html
build/KEPPRES-103-2001.html
build/KEPPRES-104-2003.html
build/KEPPRES-105-2004.html
build/KEPPRES-106-2004.html
build/KEPPRES-107-2001.html
build/KEPPRES-107-2004.html
build/KEPPRES-108-2001.html
build/KEPPRES-108-2003.html
build/KEPPRES-109-2001.html
build/KEPPRES-11-2004.html
build/KEPPRES-110-2001.html
build/KEPPRES-114-1999.html
build/KEPPRES-117-1998.html
build/KEPPRES-12-1981.html
build/KEPPRES-12-1982.html
build/KEPPRES-12-2009.html
build/KEPPRES-120-2001.html
build/KEPPRES-121-2000.html
build/KEPPRES-122-2001.html
build/KEPPRES-123-2001.html
build/KEPPRES-124-2001.html
build/KEPPRES-13-1980.html
build/KEPPRES-13-1983.html
build/KEPPRES-13-2008.html
build/KEPPRES-134-1999.html
build/KEPPRES-135-1999.html
build/KEPPRES-135-2000.html
build/KEPPRES-136-1999.html
build/KEPPRES-14-1980.html
build/KEPPRES-14-2007.html
build/KEPPRES-14-2010.html
build/KEPPRES-147-1999.html
build/KEPPRES-15-2004.html
build/KEPPRES-150-2000.html
build/KEPPRES-152-1999.html
build/KEPPRES-153-1999.html
build/KEPPRES-159-2000.html
build/KEPPRES-16-1980.html
build/KEPPRES-16-1985.html
build/KEPPRES-16-1999.html
build/KEPPRES-16-2001.html
build/KEPPRES-16-2004.html
build/KEPPRES-163-2000.html
build/KEPPRES-164-2000.html
build/KEPPRES-165-2000.html
build/KEPPRES-166-2000.html
build/KEPPRES-169-2000.html
build/KEPPRES-17-2001.html
build/KEPPRES-17-2006.html
build/KEPPRES-17-2008.html
build/KEPPRES-174-2000.html
build/KEPPRES-175-2000.html
build/KEPPRES-177-2000.html
build/KEPPRES-178-2000.html
build/KEPPRES-18-1982.html
build/KEPPRES-18-2000.html
build/KEPPRES-18-2006.html
build/KEPPRES-19-1981.html
build/KEPPRES-19-2007.html
build/KEPPRES-2-2002.html
build/KEPPRES-2-2009.html
build/KEPPRES-20-1981.html
build/KEPPRES-20-2001.html
build/KEPPRES-20-2004.html
build/KEPPRES-20-2008.html
build/KEPPRES-21-1999.html
build/KEPPRES-21-2007.html
build/KEPPRES-22-2001.html
build/KEPPRES-22-2004.html
build/KEPPRES-22-2011.html
build/KEPPRES-23-2007.html
build/KEPPRES-23-2010.html
build/KEPPRES-24-1981.html
build/KEPPRES-24-1999.html
build/KEPPRES-24-2001.html
build/KEPPRES-24-2005.html
build/KEPPRES-25-2001.html
build/KEPPRES-25-2003.html
build/KEPPRES-25-2005.html
build/KEPPRES-26-1980.html
build/KEPPRES-26-1982.html
build/KEPPRES-26-1984.html
build/KEPPRES-27-1980.html
build/KEPPRES-27-1982.html
build/KEPPRES-27-2010.html
build/KEPPRES-28-1980.html
build/KEPPRES-28-1982.html
build/KEPPRES-29-1999.html
build/KEPPRES-29-2010.html
build/KEPPRES-3-1982.html
build/KEPPRES-3-2002.html
build/KEPPRES-30-1981.html
build/KEPPRES-31-1982.html
build/KEPPRES-31-1983.html
build/KEPPRES-32-1982.html
build/KEPPRES-33-2002.html
build/KEPPRES-34-2003.html
build/KEPPRES-35-2004.html
build/KEPPRES-37-1980.html
build/KEPPRES-37-1999.html
build/KEPPRES-37-2001.html
build/KEPPRES-37-2004.html
build/KEPPRES-38-2001.html
build/KEPPRES-39-2001.html
build/KEPPRES-4-1980.html
build/KEPPRES-4-2002.html
build/KEPPRES-4-2009.html
build/KEPPRES-4-2011.html
build/KEPPRES-40-1980.html
build/KEPPRES-40-2001.html
build/KEPPRES-41-2001.html
build/KEPPRES-42-2002.html
build/KEPPRES-43-2001.html
build/KEPPRES-44-2000.html
build/KEPPRES-45-2002.html
build/KEPPRES-46-1980.html
build/KEPPRES-46-1983.html
build/KEPPRES-46-1984.html
build/KEPPRES-46-2002.html
build/KEPPRES-47-2003.html
build/KEPPRES-48-1983.html
build/KEPPRES-48-2002.html
build/KEPPRES-49-1981.html
build/KEPPRES-49-1999.html
build/KEPPRES-49-2001.html
build/KEPPRES-49-2002.html
build/KEPPRES-5-2000.html
build/KEPPRES-50-1981.html
build/KEPPRES-50-2000.html
build/KEPPRES-51-2004.html
build/KEPPRES-52-2004.html
build/KEPPRES-53-1981.html
build/KEPPRES-54-2003.html
build/KEPPRES-55-1980.html
build/KEPPRES-56-2994.html
build/KEPPRES-57-2001.html
build/KEPPRES-59-2002.html
build/KEPPRES-6-2001.html
build/KEPPRES-60-2001.html
build/KEPPRES-61-1984.html
build/KEPPRES-61-2003.html
build/KEPPRES-61-2004.html
build/KEPPRES-62-1983.html
build/KEPPRES-62-2000.html
build/KEPPRES-62-2003.html
build/KEPPRES-63-1983.html
build/KEPPRES-64-1983.html
build/KEPPRES-64-2004.html
build/KEPPRES-67-1980.html
build/KEPPRES-67-1983.html
build/KEPPRES-67-2002.html
build/KEPPRES-7-2011.html
build/KEPPRES-70-2002.html
build/KEPPRES-72-1980.html
build/KEPPRES-74-1980.html
build/KEPPRES-74-2001.html
build/KEPPRES-76-1998.html
build/KEPPRES-76-2000.html
build/KEPPRES-78-2004.html
build/KEPPRES-79-2001.html
build/KEPPRES-8-1999.html
build/KEPPRES-8-2000.html
build/KEPPRES-8-2004.html
build/KEPPRES-80-1982.html
build/KEPPRES-81-1982.html
build/KEPPRES-81-1999.html
build/KEPPRES-82-2003.html
build/KEPPRES-83-1999.html
build/KEPPRES-84-1982.html
build/KEPPRES-84-2002.html
build/KEPPRES-85-1999.html
build/KEPPRES-86-1982.html
build/KEPPRES-86-1999.html
build/KEPPRES-87-1982.html
build/KEPPRES-87-1998.html
build/KEPPRES-87-1999.html
build/KEPPRES-87-2002.html
build/KEPPRES-88-2002.html
build/KEPPRES-88-2004.html
build/KEPPRES-9-2004.html
build/KEPPRES-9-2011.html
build/KEPPRES-91-1999.html
build/KEPPRES-94-1999.html
build/KEPPRES-95-1999.html
build/KEPPRES-97-2003.html
build/KP-11-1990.html
build/KP-16-2005.html
build/KP-17-2000.html
build/KP-23-1990.html
build/KP-30-1990.html
build/KP-4-1984.html
build/KP-42-2001.html
build/KP-44-2002.html
build/KP-5-1990.html
build/KP-5-2002.html
build/KP-5-2011.html
build/KP-53-1990.html
build/KP-56-2002.html
build/KP-57-2002.html
build/PBI-10-11-2008.html
build/PBI-10-13-2008.html
build/PBI-10-15-2008.html
build/PBI-10-16-2008.html
build/PBI-10-17-2008.html
build/PBI-10-18-2008.html
build/PBI-10-2-2008.html
build/PBI-10-22-2008.html
build/PBI-10-24-2008.html
build/PBI-10-25-2008.html
build/PBI-10-26-2008.html
build/PBI-10-29-2008.html
build/PBI-10-3-2008.html
build/PBI-10-32-2008.html
build/PBI-10-34-2008.html
build/PBI-10-35-2008.html
build/PBI-10-36-2008.html
build/PBI-10-37-2008.html
build/PBI-10-6-2008.html
build/PBI-10-8-2008.html
build/PBI-10-9-2008.html
build/PBI-11-1-2009.html
build/PBI-11-10-2009.html
build/PBI-11-11-2009.html
build/PBI-11-12-2009.html
build/PBI-11-13-2009.html
build/PBI-11-14-2009.html
build/PBI-11-15-2009.html
build/PBI-11-16-2009.html
build/PBI-11-19-2009.html
build/PBI-11-2-2009.html
build/PBI-11-20-2009.html
build/PBI-11-22-2009.html
build/PBI-11-23-2009.html
build/PBI-11-24-2009.html
build/PBI-11-25-2009.html
build/PBI-11-26-2009.html
build/PBI-11-28-2009.html
build/PBI-11-29-2009.html
build/PBI-11-3-2009.html
build/PBI-11-30-2009.html
build/PBI-11-31-2009.html
build/PBI-11-33-2009.html
build/PBI-11-5-2009.html
build/PBI-11-9-2009.html
build/PBI-12-11-2010.html
build/PBI-12-13-2010.html
build/PBI-12-20-2010.html
build/PBI-12-21-2010.html
build/PBI-12-22-2010.html
build/PBI-12-23-2010.html
build/PBI-12-25-2010.html
build/PBI-12-26-2010.html
build/PBI-12-3-2010.html
build/PBI-12-5-2010.html
build/PBI-12-6-2010.html
build/PBI-12-9-2010.html
build/PBI-13-1-2011.html
build/PBI-13-12-2011.html
build/PBI-13-13-2011.html
build/PBI-13-14-2011.html
build/PBI-13-15-2011.html
build/PBI-13-16-2011.html
build/PBI-13-17-2011.html
build/PBI-13-18-2011.html
build/PBI-13-19-2011.html
build/PBI-13-2-2011.html
build/PBI-13-20-2011.html
build/PBI-13-23-2011.html
build/PBI-13-25-2011.html
build/PBI-13-27-2011.html
build/PBI-13-3-2011.html
build/PBI-13-5-2011.html
build/PBI-13-6-2011.html
build/PBI-13-8-2011.html
build/PBI-13-9-2011.html
build/PBI-14-10-2012.html
build/PBI-14-12-2012.html
build/PBI-14-14-2012.html
build/PBI-14-15-2012.html
build/PBI-14-16-2012.html
build/PBI-14-17-2012.html
build/PBI-14-18-2012.html
build/PBI-14-19-2012.html
build/PBI-14-2-2012.html
build/PBI-14-20-2012.html
build/PBI-14-22-2012.html
build/PBI-14-23-2012.html
build/PBI-14-3-2012.html
build/PBI-14-6-2012.html
build/PBI-14-7-2012.html
build/PBI-14-8-2012.html
build/PBI-14-9-2012.html
build/PBI-15-1-2013.html
build/PBI-6-10-2004.html
build/PBI-8-1-2006.html
build/PBI-8-2-2006.html
build/PBI-8-3-2006.html
build/PBI-8-4-2006.html
build/PBI-8-6-2006.html
build/PBI-8-9-2006.html
build/PBI-9-1-2007.html
build/PBI-9-11-2007.html
build/PBI-9-12-2007.html
build/PBI-9-13-2007.html
build/PBI-9-14-2007.html
build/PBI-9-15-2007.html
build/PBI-9-16-2007.html
build/PBI-9-17-2007.html
build/PBI-9-19-2007.html
build/PBI-9-2-2007.html
build/PBI-9-3-2007.html
build/PBI-9-6-2007.html
build/PBI-9-7-2007.html
build/PBI-9-8-2007.html
build/PBI-9-9-2007.html
build/PERPRES-1-2007.html
build/PERPRES-10-2005.html
build/PERPRES-10-2006.html
build/PERPRES-10-2008.html
build/PERPRES-100-2006.html
build/PERPRES-104-2007.html
build/PERPRES-106-2007.html
build/PERPRES-11-2008.html
build/PERPRES-112-2006.html
build/PERPRES-112-2007.html
build/PERPRES-12-2008.html
build/PERPRES-12-2010.html
build/PERPRES-12-2011.html
build/PERPRES-13-2005.html
build/PERPRES-13-2007.html
build/PERPRES-13-2010.html
build/PERPRES-14-2005.html
build/PERPRES-14-2007.html
build/PERPRES-16-2005.html
build/PERPRES-17-2005.html
build/PERPRES-17-2011.html
build/PERPRES-18-2005.html
build/PERPRES-18-2011.html
build/PERPRES-19-2006.html
build/PERPRES-19-2008.html
build/PERPRES-2-2008.html
build/PERPRES-2-2011.html
build/PERPRES-21-2011.html
build/PERPRES-22-2007.html
build/PERPRES-23-2009.html
build/PERPRES-23-2010.html
build/PERPRES-25-2008.html
build/PERPRES-26-2008.html
build/PERPRES-27-2005.html
build/PERPRES-27-2008.html
build/PERPRES-27-2009.html
build/PERPRES-28-2005.html
build/PERPRES-28-2008.html
build/PERPRES-28-2011.html
build/PERPRES-30-2005.html
build/PERPRES-30-2008.html
build/PERPRES-31-2005.html
build/PERPRES-33-2011.html
build/PERPRES-34-2005.html
build/PERPRES-36-2005.html
build/PERPRES-4-2008.html
build/PERPRES-4-2009.html
build/PERPRES-40-2009.html
build/PERPRES-40-2011.html
build/PERPRES-42-2005.html
build/PERPRES-45-2011.html
build/PERPRES-46-2008.html
build/PERPRES-5-2006.html
build/PERPRES-5-2008.html
build/PERPRES-5-2010.html
build/PERPRES-50-2011.html
build/PERPRES-54-2008.html
build/PERPRES-54-2010.html
build/PERPRES-58-2006.html
build/PERPRES-61-2011.html
build/PERPRES-63-2011.html
build/PERPRES-64-2005.html
build/PERPRES-64-2011.html
build/PERPRES-65-2005.html
build/PERPRES-65-2006.html
build/PERPRES-65-2011.html
build/PERPRES-66-2005.html
build/PERPRES-66-2011.html
build/PERPRES-67-2005.html
build/PERPRES-67-2006.html
build/PERPRES-68-2005.html
build/PERPRES-68-2011.html
build/PERPRES-7-2007.html
build/PERPRES-70-2005.html
build/PERPRES-71-2005.html
build/PERPRES-71-2011.html
build/PERPRES-73-2011.html
build/PERPRES-76-2006.html
build/PERPRES-76-2007.html
build/PERPRES-78-2005.html
build/PERPRES-79-2006.html
build/PERPRES-79-2011.html
build/PERPRES-8-2006.html
build/PERPRES-8-2008.html
build/PERPRES-80-2005.html
build/PERPRES-81-2006.html
build/PERPRES-82-2007.html
build/PERPRES-83-2005.html
build/PERPRES-83-2011.html
build/PERPRES-84-2007.html
build/PERPRES-85-2007.html
build/PERPRES-86-2007.html
build/PERPRES-87-2011.html
build/PERPRES-88-2006.html
build/PERPRES-88-2011.html
build/PERPRES-89-2006.html
build/PERPRES-89-2007.html
build/PERPRES-9-2005.html
build/PERPRES-9-2009.html
build/PERPRES-90-2007.html
build/PERPRES-91-2011.html
build/PERPRES-92-2011.html
build/PERPU-1-1998.html
build/PERPU-1-2008.html
build/PERPU-2-1998.html
build/PERPU-2-2008.html
build/PERPU-2-2009.html
build/PERPU-23-1959.html
build/PERPU-24-1960.html
build/PERPU-4-2008.html
build/PP-09-2003.html
build/PP-1-1989.html
build/PP-1-2001.html
build/PP-1-2003.html
build/PP-1-2005.html
build/PP-1-2007.html
build/PP-1-2010.html
build/PP-1-2011.html
build/PP-10-1979.html
build/PP-10-1983.html
build/PP-10-1989.html
build/PP-10-1990.html
build/PP-10-1999.html
build/PP-10-2000.html
build/PP-10-2010.html
build/PP-10-2011.html
build/PP-10-2012.html
build/PP-100-2000.html
build/PP-100-2012.html
build/PP-101-2000.html
build/PP-103-2000.html
build/PP-104-2000.html
build/PP-105-2000.html
build/PP-108-2000.html
build/PP-109-2012.html
build/PP-11-1983.html
build/PP-11-2002.html
build/PP-11-2010.html
build/PP-11-2012.html
build/PP-110-2000.html
build/PP-116-2000.html
build/PP-117-2000.html
build/PP-118-2000.html
build/PP-119-2000.html
build/PP-12-1981.html
build/PP-12-1995.html
build/PP-12-2000.html
build/PP-12-2001.html
build/PP-12-2002.html
build/PP-12-2006.html
build/PP-12-2009.html
build/PP-12-2012.html
build/PP-120-2000.html
build/PP-121-2000.html
build/PP-122-2000.html
build/PP-123-2000.html
build/PP-124-2000.html
build/PP-125-2000.html
build/PP-126-2000.html
build/PP-127-2000.html
build/PP-128-2000.html
build/PP-129-2000.html
build/PP-13-2010.html
build/PP-135-2000.html
build/PP-137-2000.html
build/PP-139-2000.html
build/PP-14-1983.html
build/PP-14-1986.html
build/PP-14-1992.html
build/PP-14-2002.html
build/PP-14-2010.html
build/PP-14-2012.html
build/PP-141-2000.html
build/PP-143-2000.html
build/PP-144-2000.html
build/PP-145-2000.html
build/PP-146-2000.html
build/PP-147-2000.html
build/PP-15-1983.html
build/PP-15-1990.html
build/PP-15-1991.html
build/PP-15-1992.html
build/PP-15-2001.html
build/PP-15-2002.html
build/PP-15-2007.html
build/PP-15-2010.html
build/PP-150-2000.html
build/PP-151-2000.html
build/PP-152-2000.html
build/PP-153-2000.html
build/PP-154-2000.html
build/PP-155-2000.html
build/PP-16-1983.html
build/PP-16-1994.html
build/PP-16-1999.html
build/PP-16-2005.html
build/PP-16-2006.html
build/PP-16-2010.html
build/PP-17-1983.html
build/PP-17-1985.html
build/PP-17-1990.html
build/PP-17-1999.html
build/PP-17-2000.html
build/PP-17-2005.html
build/PP-17-2007.html
build/PP-17-2010.html
build/PP-17-2013.html
build/PP-18-1980.html
build/PP-18-1983.html
build/PP-18-1999.html
build/PP-18-2000.html
build/PP-18-2003.html
build/PP-18-2009.html
build/PP-19-1999.html
build/PP-19-2000.html
build/PP-19-2003.html
build/PP-19-2007.html
build/PP-19-2008.html
build/PP-19-2010.html
build/PP-2-1985.html
build/PP-2-1990.html
build/PP-2-1999.html
build/PP-2-2002.html
build/PP-2-2003.html
build/PP-2-2006.html
build/PP-2-2009.html
build/PP-2-2011.html
build/PP-2-2012.html
build/PP-20-1981.html
build/PP-20-1990.html
build/PP-20-1995.html
build/PP-20-2000.html
build/PP-20-2001.html
build/PP-20-2005.html
build/PP-20-2006.html
build/PP-20-2007.html
build/PP-20-2008.html
build/PP-20-2010.html
build/PP-20-2013-BT.html
build/PP-21-1996.html
build/PP-21-2005.html
build/PP-21-2008.html
build/PP-21-2010.html
build/PP-21-2011-BT.html
build/PP-22-1982.html
build/PP-22-1983.html
build/PP-22-1985.html
build/PP-22-1990.html
build/PP-22-1993.html
build/PP-22-2005.html
build/PP-22-2008.html
build/PP-22-2011.html
build/PP-23-1985.html
build/PP-23-1993.html
build/PP-23-1996.html
build/PP-23-1999.html
build/PP-23-2003.html
build/PP-23-2004.html
build/PP-23-2005.html
build/PP-23-2007.html
build/PP-23-2010.html
build/PP-23-2011-BT.html
build/PP-24-1981.html
build/PP-24-1991.html
build/PP-24-2000.html
build/PP-24-2002.html
build/PP-24-2003.html
build/PP-24-2006.html
build/PP-24-2009.html
build/PP-24-2010.html
build/PP-24-2012.html
build/PP-25-1980.html
build/PP-25-1982.html
build/PP-25-1995.html
build/PP-25-1996.html
build/PP-25-1999.html
build/PP-25-2000.html
build/PP-25-2002.html
build/PP-25-2005.html
build/PP-25-2006.html
build/PP-25-2009.html
build/PP-25-2012.html
build/PP-26-1985.html
build/PP-26-1991.html
build/PP-26-2002.html
build/PP-26-2006.html
build/PP-26-2011-BT.html
build/PP-27-1981.html
build/PP-27-1982.html
build/PP-27-1985.html
build/PP-27-1999.html
build/PP-27-2002.html
build/PP-27-2004.html
build/PP-27-2011-BT.html
build/PP-27-2012.html
build/PP-28-1981.html
build/PP-28-1985.html
build/PP-28-1999.html
build/PP-28-2000.html
build/PP-28-2001.html
build/PP-28-2002.html
build/PP-28-2004.html
build/PP-28-2006.html
build/PP-28-2007.html
build/PP-28-2008.html
build/PP-28-2011-BT.html
build/PP-28-2012.html
build/PP-29-1980.html
build/PP-29-1985.html
build/PP-29-2000.html
build/PP-29-2001.html
build/PP-29-2004.html
build/PP-29-2006.html
build/PP-29-2008.html
build/PP-29-2009.html
build/PP-3-1980.html
build/PP-3-1982.html
build/PP-3-1983.html
build/PP-3-2001.html
build/PP-3-2003.html
build/PP-3-2007.html
build/PP-3-2008.html
build/PP-3-2013.html
build/PP-30-1980.html
build/PP-30-1982.html
build/PP-30-1985.html
build/PP-30-1990.html
build/PP-30-1995.html
build/PP-30-2000.html
build/PP-30-2003.html
build/PP-30-2006.html
build/PP-30-2008.html
build/PP-30-2011-BT.html
build/PP-30-2012.html
build/PP-31-1980.html
build/PP-31-1981.html
build/PP-31-1983.html
build/PP-31-1995.html
build/PP-31-1999.html
build/PP-31-2002.html
build/PP-31-2005.html
build/PP-31-2007.html
build/PP-31-2008.html
build/PP-31-2009.html
build/PP-31-2012.html
build/PP-31-2013-PJL.html
build/PP-31-2013.html
build/PP-32-1995.html
build/PP-32-1999.html
build/PP-32-2003.html
build/PP-32-2004.html
build/PP-32-2006.html
build/PP-32-2009.html
build/PP-32-2011-BT.html
build/PP-32-2012.html
build/PP-33-1985.html
build/PP-33-1991.html
build/PP-33-2005.html
build/PP-33-2007.html
build/PP-33-2011.html
build/PP-33-2012.html
build/PP-34-1991.html
build/PP-34-2002.html
build/PP-34-2005.html
build/PP-34-2006.html
build/PP-34-2007.html
build/PP-34-2009.html
build/PP-34-2010.html
build/PP-34-2011.html
build/PP-35-1980.html
build/PP-35-1982.html
build/PP-35-1991.html
build/PP-35-2002.html
build/PP-35-2004.html
build/PP-35-2008.html
build/PP-35-2010.html
build/PP-36-1993.html
build/PP-36-2000.html
build/PP-36-2002.html
build/PP-36-2004.html
build/PP-36-2007.html
build/PP-36-2010.html
build/PP-36-2011.html
build/PP-37-2000.html
build/PP-37-2005.html
build/PP-37-2007.html
build/PP-37-2009.html
build/PP-37-2010.html
build/PP-37-2011.html
build/PP-37-2012.html
build/PP-38-1983.html
build/PP-38-1992.html
build/PP-38-1999.html
build/PP-38-2008.html
build/PP-38-2009.html
build/PP-38-2010.html
build/PP-38-2011.html
build/PP-39-1981.html
build/PP-39-1982.html
build/PP-39-1995.html
build/PP-39-2001.html
build/PP-39-2003.html
build/PP-39-2006.html
build/PP-39-2007.html
build/PP-39-2008.html
build/PP-39-2009.html
build/PP-39-2010.html
build/PP-39-2011.html
build/PP-39-2012.html
build/PP-4-1985.html
build/PP-4-1988.html
build/PP-4-1992.html
build/PP-4-1995.html
build/PP-4-2001.html
build/PP-4-2010.html
build/PP-4-2012.html
build/PP-4-2013.html
build/PP-40-1958.html
build/PP-40-1991.html
build/PP-40-1995.html
build/PP-40-1996.html
build/PP-40-2005.html
build/PP-40-2006.html
build/PP-40-2007.html
build/PP-40-2011.html
build/PP-40-2012.html
build/PP-41-1980.html
build/PP-41-1993.html
build/PP-41-2002.html
build/PP-41-2004.html
build/PP-41-2005.html
build/PP-41-2006.html
build/PP-41-2007.html
build/PP-41-2008.html
build/PP-41-2011.html
build/PP-41-2012.html
build/PP-42-1990.html
build/PP-42-1993.html
build/PP-42-2002.html
build/PP-42-2004.html
build/PP-42-2006.html
build/PP-42-2007.html
build/PP-42-2008.html
build/PP-42-2009.html
build/PP-42-2013.html
build/PP-43-1958.html
build/PP-43-2003.html
build/PP-43-2004.html
build/PP-43-2005.html
build/PP-43-2006.html
build/PP-43-2008.html
build/PP-43-2009.html
build/PP-43-2010.html
build/PP-43-2011.html
build/PP-43-2012.html
build/PP-44-2004.html
build/PP-44-2005.html
build/PP-44-2008.html
build/PP-44-2010.html
build/PP-44-2011.html
build/PP-44-2012.html
build/PP-45-1992.html
build/PP-45-2003.html
build/PP-45-2004.html
build/PP-45-2005.html
build/PP-45-2007.html
build/PP-45-2008.html
build/PP-45-2010.html
build/PP-45-2012.html
build/PP-46-1981.html
build/PP-46-1991.html
build/PP-46-1995.html
build/PP-46-2003.html
build/PP-46-2005.html
build/PP-46-2008.html
build/PP-46-2010.html
build/PP-46-2012.html
build/PP-47-2008.html
build/PP-47-2010.html
build/PP-48-2008.html
build/PP-48-2009.html
build/PP-48-2011.html
build/PP-48-2012.html
build/PP-49-2008.html
build/PP-49-2009.html
build/PP-5-1980.html
build/PP-5-1985.html
build/PP-5-1990.html
build/PP-5-1992.html
build/PP-5-1996.html
build/PP-5-1997.html
build/PP-5-2007.html
build/PP-5-2009.html
build/PP-5-2010.html
build/PP-50-1980.html
build/PP-50-2005.html
build/PP-50-2007.html
build/PP-50-2010.html
build/PP-50-2011.html
build/PP-50-2012.html
build/PP-51-1981.html
build/PP-51-1999.html
build/PP-51-2002.html
build/PP-51-2005.html
build/PP-51-2007.html
build/PP-51-2009.html
build/PP-51-2010.html
build/PP-51-2011.html
build/PP-51-2012.html
build/PP-52-2001.html
build/PP-52-2005.html
build/PP-52-2011.html
build/PP-53-1999.html
build/PP-53-2000.html
build/PP-53-2003.html
build/PP-53-2005.html
build/PP-53-2010.html
build/PP-53-2012.html
build/PP-54-2000.html
build/PP-54-2005.html
build/PP-54-2007.html
build/PP-54-2008.html
build/PP-54-2009.html
build/PP-54-2010.html
build/PP-55-1980.html
build/PP-55-1990.html
build/PP-55-2001.html
build/PP-55-2003.html
build/PP-55-2005.html
build/PP-55-2007.html
build/PP-55-2008.html
build/PP-55-2010.html
build/PP-55-2012.html
build/PP-56-1991.html
build/PP-56-2001.html
build/PP-56-2003.html
build/PP-56-2005.html
build/PP-56-2009.html
build/PP-57-1990.html
build/PP-57-1991.html
build/PP-57-2001.html
build/PP-57-2003.html
build/PP-57-2008.html
build/PP-57-2009.html
build/PP-57-2010.html
build/PP-57-2012.html
build/PP-58-1991.html
build/PP-58-1999.html
build/PP-58-2001.html
build/PP-58-2005.html
build/PP-58-2009.html
build/PP-58-2010.html
build/PP-59-1991.html
build/PP-59-2001.html
build/PP-59-2007.html
build/PP-59-2010.html
build/PP-6-1980.html
build/PP-6-1982.html
build/PP-6-1985.html
build/PP-6-1990.html
build/PP-6-1995.html
build/PP-6-1996.html
build/PP-6-1999.html
build/PP-6-2000.html
build/PP-6-2003.html
build/PP-6-2005.html
build/PP-6-2006.html
build/PP-6-2007.html
build/PP-6-2010.html
build/PP-6-2011.html
build/PP-60-2001.html
build/PP-60-2007.html
build/PP-60-2009.html
build/PP-60-2012.html
build/PP-61-1990.html
build/PP-61-1999.html
build/PP-61-2009.html
build/PP-61-2010.html
build/PP-61-2012.html
build/PP-62-1990.html
build/PP-62-2000.html
build/PP-62-2010.html
build/PP-62-2012.html
build/PP-63-1999.html
build/PP-63-2002.html
build/PP-63-2003.html
build/PP-63-2005.html
build/PP-63-2007.html
build/PP-63-2008.html
build/PP-64-2000.html
build/PP-64-2001.html
build/PP-64-2005.html
build/PP-64-2007.html
build/PP-64-2010.html
build/PP-65-1991.html
build/PP-65-2001.html
build/PP-65-2005.html
build/PP-66-1999.html
build/PP-66-2001.html
build/PP-66-2010.html
build/PP-67-1996.html
build/PP-67-2000.html
build/PP-67-2002.html
build/PP-67-2008.html
build/PP-67-2009.html
build/PP-68-1999.html
build/PP-68-2002.html
build/PP-68-2008.html
build/PP-68-2010.html
build/PP-69-1991.html
build/PP-69-1999.html
build/PP-69-2001.html
build/PP-7-1985.html
build/PP-7-1990.html
build/PP-7-1995.html
build/PP-7-1999.html
build/PP-7-2000.html
build/PP-7-2001.html
build/PP-7-2002.html
build/PP-7-2003.html
build/PP-7-2005.html
build/PP-7-2007.html
build/PP-7-2008.html
build/PP-7-2010.html
build/PP-7-2011.html
build/PP-70-2001.html
build/PP-70-2009.html
build/PP-71-1991.html
build/PP-71-1999.html
build/PP-71-2008.html
build/PP-72-1998.html
build/PP-72-2005.html
build/PP-72-2008.html
build/PP-72-2009.html
build/PP-72-2010.html
build/PP-72-2012.html
build/PP-73-1999.html
build/PP-73-2005.html
build/PP-73-2008.html
build/PP-73-2009.html
build/PP-74-2000.html
build/PP-74-2008.html
build/PP-75-2001.html
build/PP-75-2005.html
build/PP-75-2007.html
build/PP-76-1991.html
build/PP-76-2005.html
build/PP-76-2007.html
build/PP-76-2008.html
build/PP-76-2010.html
build/PP-77-2005.html
build/PP-77-2007.html
build/PP-77-2008.html
build/PP-77-2012.html
build/PP-78-2007.html
build/PP-78-2010.html
build/PP-79-2005.html
build/PP-79-2010.html
build/PP-79-2012.html
build/PP-8-1980.html
build/PP-8-1981.html
build/PP-8-1985.html
build/PP-8-1990.html
build/PP-8-1993.html
build/PP-8-1995.html
build/PP-8-2001.html
build/PP-8-2005.html
build/PP-8-2007.html
build/PP-8-2008.html
build/PP-8-2011.html
build/PP-8-2013.html
build/PP-80-1999.html
build/PP-80-2007.html
build/PP-80-2008.html
build/PP-80-2012.html
build/PP-81-2000.html
build/PP-81-2001.html
build/PP-81-2012.html
build/PP-82-2001.html
build/PP-83-2000.html
build/PP-83-2008.html
build/PP-83-2010.html
build/PP-83-2012.html
build/PP-84-2000.html
build/PP-84-2012.html
build/PP-86-2000.html
build/PP-9-1980.html
build/PP-9-1987.html
build/PP-9-1995.html
build/PP-9-1999.html
build/PP-9-2006.html
build/PP-9-2008.html
build/PP-9-2010.html
build/PP-9-2012-BT.html
build/PP-9-2012.html
build/PP-90-2010.html
build/PP-91-2000.html
build/PP-93-2010.html
build/PP-94-2010.html
build/PP-95-2000.html
build/PP-95-2012.html
build/PP-96-2000.html
build/PP-96-2012.html
build/PP-97-2000.html
build/PP-97-2012.html
build/PP-98-2000.html
build/PP-99-2000.html
build/PP-99-2012.html
build/PS-10-2012.html
build/PS-12-2013.html
build/PS-122-2012.html
build/PS-123-2012.html
build/PS-125-2012.html
build/PS-13-2012.html
build/PS-16-2012.html
build/PS-17-2012.html
build/PS-28-2012.html
build/PS-3-2012.html
build/PS-3-2013.html
build/PS-33-2012.html
build/PS-36-2012.html
build/PS-43-2009.html
build/PS-45-2013.html
build/PS-46-2013.html
build/PS-48-2012.html
build/PS-57-2013.html
build/PS-58-2013.html
build/PS-59-2013.html
build/PS-60-2012.html
build/PS-60-2013.html
build/PS-62-2013.html
build/PS-63-2013.html
build/PS-64-2012.html
build/PS-71-2012.html
build/PS-74-2012.html
build/PS-79-2012.html
build/PS-9-2012.html
build/PS-9-2013.html
build/PS-90-2012.html
build/UU-1-1946.html
build/UU-1-1967.html
build/UU-1-1970.html
build/UU-1-1974.html
build/UU-1-1979.html
build/UU-1-1988.html
build/UU-1-1991.html
build/UU-1-1992.html
build/UU-1-1995.html
build/UU-1-1999.html
build/UU-1-2001.html
build/UU-1-2003.html
build/UU-1-2004.html
build/UU-1-2009.html
build/UU-1-2011.html
build/UU-1-2013-BT.html
build/UU-10-1980.html
build/UU-10-1992.html
build/UU-10-1995.html
build/UU-10-1997.html
build/UU-10-1998.html
build/UU-10-1999.html
build/UU-10-2000.html
build/UU-10-2001.html
build/UU-10-2003.html
build/UU-10-2008.html
build/UU-10-2009.html
build/UU-10-2010.html
build/UU-10-2011.html
build/UU-11-1967.html
build/UU-11-1974.html
build/UU-11-1992.html
build/UU-11-1995.html
build/UU-11-1999.html
build/UU-11-2000.html
build/UU-11-2001.html
build/UU-11-2007.html
build/UU-11-2008.html
build/UU-11-2009.html
build/UU-11-2010.html
build/UU-11-2012.html
build/UU-12-1985.html
build/UU-12-1992.html
build/UU-12-1997.html
build/UU-12-1998.html
build/UU-12-1999.html
build/UU-12-2000.html
build/UU-12-2001.html
build/UU-12-2002.html
build/UU-12-2003.html
build/UU-12-2008.html
build/UU-12-2010.html
build/UU-12-2011.html
build/UU-12-2012.html
build/UU-12-2013.html
build/UU-13-1985.html
build/UU-13-1992.html
build/UU-13-1997.html
build/UU-13-1998.html
build/UU-13-1999.html
build/UU-13-2000.html
build/UU-13-2001.html
build/UU-13-2002.html
build/UU-13-2003.html
build/UU-13-2007.html
build/UU-13-2008.html
build/UU-13-2010.html
build/UU-13-2011.html
build/UU-13-2013.html
build/UU-14-1985.html
build/UU-14-1992.html
build/UU-14-1997.html
build/UU-14-1999.html
build/UU-14-2000.html
build/UU-14-2002.html
build/UU-14-2005.html
build/UU-14-2008.html
build/UU-14-2012.html
build/UU-14-2013.html
build/UU-15-1985.html
build/UU-15-1992.html
build/UU-15-1997.html
build/UU-15-1999.html
build/UU-15-2000.html
build/UU-15-2001.html
build/UU-15-2006.html
build/UU-15-2007.html
build/UU-15-2011.html
build/UU-15-2012.html
build/UU-15-2013.html
build/UU-16-1985.html
build/UU-16-1992.html
build/UU-16-1997-BT.html
build/UU-16-1999.html
build/UU-16-2000.html
build/UU-16-2001.html
build/UU-16-2002.html
build/UU-16-2006.html
build/UU-16-2007.html
build/UU-16-2008.html
build/UU-16-2011.html
build/UU-16-2012.html
build/UU-16-2013.html
build/UU-17-1947.html
build/UU-17-1999.html
build/UU-17-2003.html
build/UU-17-2004.html
build/UU-17-2006.html
build/UU-17-2008.html
build/UU-17-2011.html
build/UU-17-2012.html
build/UU-17-2013.html
build/UU-18-1997.html
build/UU-18-1999.html
build/UU-18-2000.html
build/UU-18-2001.html
build/UU-18-2003.html
build/UU-18-2004.html
build/UU-18-2007.html
build/UU-18-2008.html
build/UU-18-2009.html
build/UU-18-2011.html
build/UU-18-2012.html
build/UU-18-2013.html
build/UU-19-1992.html
build/UU-19-1997.html
build/UU-19-1999.html
build/UU-19-2002.html
build/UU-19-2003.html
build/UU-19-2006.html
build/UU-19-2007.html
build/UU-19-2008.html
build/UU-19-2013.html
build/UU-2-1980.html
build/UU-2-1981.html
build/UU-2-1985.html
build/UU-2-1986.html
build/UU-2-1988.html
build/UU-2-1993.html
build/UU-2-1995.html
build/UU-2-1999.html
build/UU-2-2001.html
build/UU-2-2002.html
build/UU-2-2003.html
build/UU-2-2007.html
build/UU-2-2008.html
build/UU-2-2009.html
build/UU-2-2011.html
build/UU-2-2012.html
build/UU-2-2013.html
build/UU-20-1982.html
build/UU-20-1997.html
build/UU-20-2000.html
build/UU-20-2002.html
build/UU-20-2006.html
build/UU-20-2008.html
build/UU-20-2009.html
build/UU-20-2011.html
build/UU-20-2012.html
build/UU-20-2013.html
build/UU-21-1992.html
build/UU-21-1997.html
build/UU-21-2000.html
build/UU-21-2004.html
build/UU-21-2006.html
build/UU-21-2007.html
build/UU-21-2008.html
build/UU-21-2009.html
build/UU-21-2011.html
build/UU-21-2012.html
build/UU-21-2013.html
build/UU-22-1997.html
build/UU-22-1999.html
build/UU-22-2001.html
build/UU-22-2003.html
build/UU-22-2004.html
build/UU-22-2008.html
build/UU-22-2009.html
build/UU-22-2011.html
build/UU-22-2012.html
build/UU-23-1992.html
build/UU-23-1997.html
build/UU-23-1999.html
build/UU-23-2002.html
build/UU-23-2003.html
build/UU-23-2004.html
build/UU-23-2006.html
build/UU-23-2007.html
build/UU-23-2011.html
build/UU-23-2012.html
build/UU-24-1992.html
build/UU-24-2002.html
build/UU-24-2004.html
build/UU-24-2007.html
build/UU-24-2008.html
build/UU-24-2009.html
build/UU-24-2011.html
build/UU-24-2012.html
build/UU-25-1997.html
build/UU-25-1999.html
build/UU-25-2003.html
build/UU-25-2004.html
build/UU-25-2007.html
build/UU-25-2008.html
build/UU-25-2009.html
build/UU-26-1997.html
build/UU-26-2000.html
build/UU-26-2002.html
build/UU-26-2007.html
build/UU-26-2008.html
build/UU-26-2009.html
build/UU-27-2003.html
build/UU-27-2004.html
build/UU-27-2007.html
build/UU-27-2008.html
build/UU-27-2009.html
build/UU-28-1997.html
build/UU-28-1999.html
build/UU-28-2002.html
build/UU-28-2003.html
build/UU-28-2007.html
build/UU-28-2009.html
build/UU-29-1997.html
build/UU-29-2000.html
build/UU-29-2004.html
build/UU-29-2008.html
build/UU-29-2009.html
build/UU-3-1966.html
build/UU-3-1985.html
build/UU-3-1989.html
build/UU-3-1998.html
build/UU-3-1999.html
build/UU-3-2001.html
build/UU-3-2002.html
build/UU-3-2003.html
build/UU-3-2004.html
build/UU-3-2005.html
build/UU-3-2007.html
build/UU-3-2008.html
build/UU-3-2009.html
build/UU-30-1999.html
build/UU-30-2003.html
build/UU-30-2004.html
build/UU-30-2007.html
build/UU-30-2008.html
build/UU-30-2009.html
build/UU-31-1997.html
build/UU-31-2002.html
build/UU-31-2004.html
build/UU-31-2007.html
build/UU-31-2009.html
build/UU-32-1997.html
build/UU-32-2000.html
build/UU-32-2002.html
build/UU-32-2003.html
build/UU-32-2004.html
build/UU-32-2007.html
build/UU-32-2008.html
build/UU-32-2009.html
build/UU-33-2004.html
build/UU-33-2007.html
build/UU-33-2009.html
build/UU-34-1999.html
build/UU-34-2000.html
build/UU-34-2003.html
build/UU-34-2004.html
build/UU-34-2007.html
build/UU-35-2003.html
build/UU-35-2004.html
build/UU-35-2007.html
build/UU-35-2009.html
build/UU-36-1999.html
build/UU-36-2003.html
build/UU-36-2004.html
build/UU-36-2007.html
build/UU-36-2008.html
build/UU-36-2009.html
build/UU-37-1999.html
build/UU-37-2003.html
build/UU-37-2008.html
build/UU-38-1999.html
build/UU-38-2003.html
build/UU-38-2004.html
build/UU-38-2007.html
build/UU-38-2009.html
build/UU-39-1999.html
build/UU-39-2003.html
build/UU-39-2007.html
build/UU-39-2008.html
build/UU-39-2009.html
build/UU-4-1965.html
build/UU-4-1982.html
build/UU-4-1993.html
build/UU-4-1994.html
build/UU-4-1996.html
build/UU-4-1999.html
build/UU-4-2000.html
build/UU-4-2002.html
build/UU-4-2003.html
build/UU-4-2007.html
build/UU-4-2008.html
build/UU-4-2009.html
build/UU-4-2011.html
build/UU-4-2012.html
build/UU-4-2013.html
build/UU-40-1999.html
build/UU-40-2003.html
build/UU-40-2007-PJL.html
build/UU-40-2007.html
build/UU-40-2008.html
build/UU-40-2009.html
build/UU-41-1999.html
build/UU-41-2003.html
build/UU-41-2004.html
build/UU-41-2008.html
build/UU-41-2009.html
build/UU-42-1999.html
build/UU-42-2007.html
build/UU-42-2008.html
build/UU-42-2009.html
build/UU-43-2007.html
build/UU-43-2008.html
build/UU-43-2009.html
build/UU-44-2008.html
build/UU-44-2009.html
build/UU-45-1999.html
build/UU-45-2007.html
build/UU-45-2008.html
build/UU-45-2009.html
build/UU-46-1999.html
build/UU-46-2008.html
build/UU-46-2009.html
build/UU-47-1999.html
build/UU-47-2007.html
build/UU-47-2008.html
build/UU-47-2009.html
build/UU-48-1999.html
build/UU-48-2008.html
build/UU-48-2009.html
build/UU-49-1999.html
build/UU-49-2008.html
build/UU-49-2009.html
build/UU-5-1960.html
build/UU-5-1979.html
build/UU-5-1985.html
build/UU-5-1991.html
build/UU-5-1992.html
build/UU-5-1996.html
build/UU-5-1997.html
build/UU-5-1999.html
build/UU-5-2000.html
build/UU-5-2001.html
build/UU-5-2002.html
build/UU-5-2003.html
build/UU-5-2004.html
build/UU-5-2006.html
build/UU-5-2007.html
build/UU-5-2008.html
build/UU-5-2011.html
build/UU-50-1999.html
build/UU-50-2009.html
build/UU-51-1999.html
build/UU-51-2008.html
build/UU-51-2009.html
build/UU-52-1999.html
build/UU-52-2009.html
build/UU-53-1999.html
build/UU-54-1999.html
build/UU-55-1999.html
build/UU-55-2008.html
build/UU-56-2008.html
build/UU-6-1960.html
build/UU-6-1962.html
build/UU-6-1968.html
build/UU-6-1983.html
build/UU-6-1984.html
build/UU-6-1989.html
build/UU-6-1990.html
build/UU-6-1991.html
build/UU-6-1993.html
build/UU-6-1995.html
build/UU-6-1996.html
build/UU-6-2000.html
build/UU-6-2001.html
build/UU-6-2002.html
build/UU-6-2003.html
build/UU-6-2007.html
build/UU-6-2008.html
build/UU-6-2011.html
build/UU-7-1981.html
build/UU-7-1983.html
build/UU-7-1987.html
build/UU-7-1990.html
build/UU-7-1991.html
build/UU-7-1992.html
build/UU-7-1994.html
build/UU-7-1996.html
build/UU-7-1997.html
build/UU-7-2000.html
build/UU-7-2001.html
build/UU-7-2003.html
build/UU-7-2007.html
build/UU-7-2008.html
build/UU-7-2011.html
build/UU-7-2012.html
build/UU-8-1983.html
build/UU-8-1985.html
build/UU-8-1990.html
build/UU-8-1999.html
build/UU-8-2000.html
build/UU-8-2001.html
build/UU-8-2003.html
build/UU-8-2007.html
build/UU-8-2008.html
build/UU-8-2010.html
build/UU-8-2011.html
build/UU-8-2012.html
build/UU-9-1985.html
build/UU-9-1990.html
build/UU-9-1994.html
build/UU-9-1995.html
build/UU-9-1996.html
build/UU-9-1998.html
build/UU-9-1999.html
build/UU-9-2001.html
build/UU-9-2002.html
build/UU-9-2003.html
build/UU-9-2006.html
build/UU-9-2008.html
build/UU-9-2009.html
build/UU-9-2010.html
build/UU-9-2011.html
build/UU-9-2013.html
