renaming pp81-2012bt.html to PP-81-2012.html
renaming uu10-2012bt.html to UU-10-2012.html
renaming pp46-1982bt.html to PP-46-1982.html
renaming pp51-2012bt.html to PP-51-2012.html
renaming PP-19-2010bt.html to PP-19-2010.html
renaming uu3-2013pjl.html to UU-3-2013.html
	file UU-3-2013.html exists
	renaming alternative uu3-2013pjl.html to UU-3-2013-PJL.html
renaming PP-1-2011bt.html to PP-1-2011.html
renaming PP-94-2010bt.html to PP-94-2010.html
renaming uu12-2012bt.html to UU-12-2012.html
renaming UU7-2013pjl.html to UU-7-2013.html
	file UU-7-2013.html exists
	renaming alternative UU7-2013pjl.html to UU-7-2013-PJL.html
renaming PP-63-2010bt.html to PP-63-2010.html
renaming pp38-1982bt.html to PP-38-1982.html
renaming PP-8-2011bt.html to PP-8-2011.html
renaming PP-20-2012bt.html to PP-20-2012.html
renaming PP-46-2011bt.html to PP-46-2011.html
renaming PP-5-1980bt.html to PP-5-1980.html
renaming PP-48-2011bt.html to PP-48-2011.html
renaming PP-27-2012bt.html to PP-27-2012.html
renaming pp49-1982bt.html to PP-49-1982.html
renaming pp56-2012bt.html to PP-56-2012.html
renaming PP-17-1980bt.html to PP-17-1980.html
renaming PP-5-2011bt.html to PP-5-2011.html
renaming PP-45-2011bt.html to PP-45-2011.html
renaming pp39-1982bt.html to PP-39-1982.html
renaming pp107-2012bt.html to PP-107-2012.html
renaming PP-76-2010bt.html to PP-76-2010.html
renaming pp112-2012bt.html to PP-112-2012.html
renaming UU-3-2010bt.html to UU-3-2010.html
renaming UU-12-2011bt.html to UU-12-2011.html
renaming UU-27-2003pjl.html to UU-27-2003.html
	file UU-27-2003.html exists
	renaming alternative UU-27-2003pjl.html to UU-27-2003-PJL.html
renaming uu21-2012bt.html to UU-21-2012.html
renaming pp4-2013pjl.html to PP-4-2013.html
	file PP-4-2013.html exists
	renaming alternative pp4-2013pjl.html to PP-4-2013-PJL.html
renaming PP-71-2010bt.html to PP-71-2010.html
renaming PP-29-2012bt.html to PP-29-2012.html
renaming PP-34-2010bt.html to PP-34-2010.html
renaming pp41-2012bt.html to PP-41-2012.html
renaming pp44-2012bt.html to PP-44-2012.html
renaming UU-5-2000bt.html to UU-5-2000.html
renaming pp114-2012bt.html to PP-114-2012.html
renaming PP-29-2011bt.html to PP-29-2011.html
	file PP-29-2011.html exists
	renaming alternative PP-29-2011bt.html to PP-29-2011-BT.html
renaming UU-9-2010bt.html to UU-9-2010.html
renaming pbi4-2012bt.html to PBI-4-2012.html
renaming PP-20-1981bt.html to PP-20-1981.html
renaming pp79-2012bt.html to PP-79-2012.html
renaming PP-21-2010bt.html to PP-21-2010.html
renaming PP-2-2011bt.html to PP-2-2011.html
renaming uu1-1955bt.html to UU-1-1955.html
renaming pp31-2013bt.html to PP-31-2013.html
renaming pp18-2013pjl.html to PP-18-2013.html
renaming PP-72-2009bt.html to PP-72-2009.html
renaming PP-34-2011bt.html to PP-34-2011.html
renaming PP-37-2010bt.html to PP-37-2010.html
renaming PP-9-2011bt.html to PP-9-2011.html
renaming pp42-2012bt.html to PP-42-2012.html
renaming UU-45-2009bt.html to UU-45-2009.html
renaming PP-11-2012bt.html to PP-11-2012.html
renaming PP-42-2010bt.html to PP-42-2010.html
renaming PP-31-1981bt.html to PP-31-1981.html
renaming pp3-2013pjl.html to PP-3-2013.html
	file PP-3-2013.html exists
	renaming alternative pp3-2013pjl.html to PP-3-2013-PJL.html
renaming pp45-1982bt.html to PP-45-1982.html
renaming PP-31-2011bt.html to PP-31-2011.html
	file PP-31-2011.html exists
	renaming alternative PP-31-2011bt.html to PP-31-2011-BT.html
renaming uu8-2012bt.html to UU-8-2012.html
renaming pp16-2010bt.html to PP-16-2010.html
renaming PP-19-2012bt.html to PP-19-2012.html
renaming PP-25-1980bt.html to PP-25-1980.html
renaming UU-16-1997bt.html to UU-16-1997.html
	file UU-16-1997.html exists
	renaming alternative UU-16-1997bt.html to UU-16-1997-BT.html
renaming PP-26-2011bt.html to PP-26-2011.html
	file PP-26-2011.html exists
	renaming alternative PP-26-2011bt.html to PP-26-2011-BT.html
renaming pp45-2012bt.html to PP-45-2012.html
renaming PP-61-2010bt.html to PP-61-2010.html
renaming PP-32-2011bt.html to PP-32-2011.html
	file PP-32-2011.html exists
	renaming alternative PP-32-2011bt.html to PP-32-2011-BT.html
renaming PP-41-2010bt.html to PP-41-2010.html
renaming PP-11-1980bt.html to PP-11-1980.html
renaming pp21-2013bt.html to PP-21-2013.html
renaming ps3-2012bt.html to PS-3-2012.html
renaming UU-52-2009bt.html to UU-52-2009.html
renaming pp6-2013pjl.html to PP-6-2013.html
	file PP-6-2013.html exists
	renaming alternative pp6-2013pjl.html to PP-6-2013-PJL.html
renaming pp115-2012bt.html to PP-115-2012.html
renaming pp47-1982bt.html to PP-47-1982.html
renaming PP-35-2011bt.html to PP-35-2011.html
renaming PP-32-2012bt.html to PP-32-2012.html
renaming pp18-2013bt.html to PP-18-2013.html
	file PP-18-2013.html exists
	renaming alternative pp18-2013bt.html to PP-18-2013-BT.html
renaming UU-17-2011bt.html to UU-17-2011.html
renaming PP-24-2012bt.html to PP-24-2012.html
renaming PP-21-2011bt.html to PP-21-2011.html
	file PP-21-2011.html exists
	renaming alternative PP-21-2011bt.html to PP-21-2011-BT.html
renaming ps2-2011bt.html to PS-2-2011.html
renaming PP-49-2011bt.html to PP-49-2011.html
renaming PP-10-2011bt.html to PP-10-2011.html
renaming pp8-2013pjl.html to PP-8-2013.html
	file PP-8-2013.html exists
	renaming alternative pp8-2013pjl.html to PP-8-2013-PJL.html
renaming pp7-2013pjl.html to PP-7-2013.html
	file PP-7-2013.html exists
	renaming alternative pp7-2013pjl.html to PP-7-2013-PJL.html
renaming PP-52-2011bt.html to PP-52-2011.html
renaming uu17-2012bt.html to UU-17-2012.html
renaming PP-25-2012bt.html to PP-25-2012.html
renaming PP-55-1981bt.html to PP-55-1981.html
renaming PP-84-2010bt.html to PP-84-2010.html
renaming pp57-2012bt.html to PP-57-2012.html
renaming PP-30-2011bt.html to PP-30-2011.html
	file PP-30-2011.html exists
	renaming alternative PP-30-2011bt.html to PP-30-2011-BT.html
renaming UU-22-2011bt.html to UU-22-2011.html
renaming uu23-2012bt.html to UU-23-2012.html
renaming UU-14-2011bt.html to UU-14-2011.html
renaming pp17-2013bt.html to PP-17-2013.html
renaming PP-1-1980bt.html to PP-1-1980.html
renaming PP-6-1980bt.html to PP-6-1980.html
renaming uu2-2012bt.html to UU-2-2012.html
renaming KP-42-2002PJL.html to KP-42-2002.html
renaming PP-53-1980bt.html to PP-53-1980.html
renaming PP-21-2012bt.html to PP-21-2012.html
renaming PP-14-2010bt.html to PP-14-2010.html
renaming UU-5-2011bt.html to UU-5-2011.html
renaming PP-30-2012bt.html to PP-30-2012.html
renaming uu15-2012bt.html to UU-15-2012.html
renaming UU6-2013pjl.html to UU-6-2013.html
	file UU-6-2013.html exists
	renaming alternative UU6-2013pjl.html to UU-6-2013-PJL.html
renaming UU-6-2010bt.html to UU-6-2010.html
renaming pp47-2012bt.html to PP-47-2012.html
renaming PP-20-2010bt.html to PP-20-2010.html
renaming pp15-2013pjl.html to PP-15-2013.html
	file PP-15-2013.html exists
	renaming alternative pp15-2013pjl.html to PP-15-2013-PJL.html
renaming PP-44-2010bt.html to PP-44-2010.html
renaming PP-2-1985bt.html to PP-2-1985.html
renaming UU10-2013pjl.html to UU-10-2013.html
	file UU-10-2013.html exists
	renaming alternative UU10-2013pjl.html to UU-10-2013-PJL.html
renaming pp49-2012bt.html to PP-49-2012.html
renaming UU-15-2011bt.html to UU-15-2011.html
renaming PP-57-2010bt.html to PP-57-2010.html
renaming pp14-2012bt.html to PP-14-2012.html
renaming uu10-1982bt.html to UU-10-1982.html
renaming PP-1-2012bt.html to PP-1-2012.html
renaming PP-58-2010bt.html to PP-58-2010.html
renaming PP-39-2010bt.html to PP-39-2010.html
renaming PP-38-2011bt.html to PP-38-2011.html
renaming PP-2-2012bt.html to PP-2-2012.html
renaming PP-22-2012bt.html to PP-22-2012.html
renaming PP-47-2011bt.html to PP-47-2011.html
renaming pp46-2012bt.html to PP-46-2012.html
renaming UU-10-2011bt.html to UU-10-2011.html
renaming PP-60-2010bt.html to PP-60-2010.html
renaming PP-55-2010bt.html to PP-55-2010.html
renaming pp50-2012bt.html to PP-50-2012.html
renaming uu7-2012bt.html to UU-7-2012.html
renaming PP-54-1981bt.html to PP-54-1981.html
renaming bpk2-2011bt.html to BPK-2-2011.html
renaming PP-17-2010bt.html to PP-17-2010.html
renaming PP-50-1980bt.html to PP-50-1980.html
renaming PP-70-2010bt.html to PP-70-2010.html
renaming uu14-2012bt.html to UU-14-2012.html
renaming UU-24-2011bt.html to UU-24-2011.html
renaming PP-19-1981bt.html to PP-19-1981.html
renaming PP-80-2010bt.html to PP-80-2010.html
renaming PP-39-2011bt.html to PP-39-2011.html
renaming UU-2-2011bt.html to UU-2-2011.html
renaming pp1-2013pjl.html to PP-1-2013.html
	file PP-1-2013.html exists
	renaming alternative pp1-2013pjl.html to PP-1-2013-PJL.html
renaming UU-4-2011bt.html to UU-4-2011.html
renaming uu24-2012bt.html to UU-24-2012.html
renaming PP-52-2010bt.html to PP-52-2010.html
renaming UU-28-1999pjl.html to UU-28-1999.html
	file UU-28-1999.html exists
	renaming alternative UU-28-1999pjl.html to UU-28-1999-PJL.html
renaming PP-36-2011bt.html to PP-36-2011.html
renaming PP-3-1980bt.html to PP-3-1980.html
renaming pp83-2012bt.html to PP-83-2012.html
renaming UU-10-2010bt.html to UU-10-2010.html
renaming UU1-2013pjl.html to UU-1-2013.html
renaming PP-18-1980bt.html to PP-18-1980.html
renaming UU5-2013pjl.html to UU-5-2013.html
	file UU-5-2013.html exists
	renaming alternative UU5-2013pjl.html to UU-5-2013-PJL.html
renaming PP-5-2012bt.html to PP-5-2012.html
renaming pp113-2012bt.html to PP-113-2012.html
renaming pp41-1982bt.html to PP-41-1982.html
renaming pp40-2012bt.html to PP-40-2012.html
renaming uu9-2012bt.html to UU-9-2012.html
renaming uu16-2012bt.html to UU-16-2012.html
renaming pp40-2013pjl.html to PP-40-2013.html
	file PP-40-2013.html exists
	renaming alternative pp40-2013pjl.html to PP-40-2013-PJL.html
renaming pp48-2012bt.html to PP-48-2012.html
renaming PP-16-2012bt.html to PP-16-2012.html
renaming UU2-2013pjl.html to UU-2-2013.html
	file UU-2-2013.html exists
	renaming alternative UU2-2013pjl.html to UU-2-2013-PJL.html
renaming PP-28-2012bt.html to PP-28-2012.html
renaming pp108-2012bt.html to PP-108-2012.html
renaming PP-54-2010bt.html to PP-54-2010.html
renaming UU-5-2010bt.html to UU-5-2010.html
renaming PP-9-2010bt.html to PP-9-2010.html
renaming PP-10-2012bt.html to PP-10-2012.html
renaming PP-55-1980bt.html to PP-55-1980.html
renaming pp55-2012bt.html to PP-55-2012.html
renaming PP-27-2011bt.html to PP-27-2011.html
	file PP-27-2011.html exists
	renaming alternative PP-27-2011bt.html to PP-27-2011-BT.html
renaming UU-18-2011bt.html to UU-18-2011.html
renaming pp21-2013pjl.html to PP-21-2013.html
	file PP-21-2013.html exists
	renaming alternative pp21-2013pjl.html to PP-21-2013-PJL.html
renaming PP-9-1980bt.html to PP-9-1980.html
renaming PP-40-2010bt.html to PP-40-2010.html
renaming PP-37-2012bt.html to PP-37-2012.html
renaming UU-39-2009bt.html to UU-39-2009.html
renaming UU-19-2011bt.html to UU-19-2011.html
renaming uu22-2012bt.html to UU-22-2012.html
renaming PP-9-2012bt.html to PP-9-2012.html
	file PP-9-2012.html exists
	renaming alternative PP-9-2012bt.html to PP-9-2012-BT.html
renaming UU-1-2011bt.html to UU-1-2011.html
renaming pp106-2012bt.html to PP-106-2012.html
renaming UU-11-2010bt.html to UU-11-2010.html
renaming PP-73-2009bt.html to PP-73-2009.html
renaming PP-23-2012bt.html to PP-23-2012.html
renaming uu4-2012bt.html to UU-4-2012.html
renaming PP-15-2012bt.html to PP-15-2012.html
renaming pp2-2013bt.html to PP-2-2013.html
renaming ps32-2010a.html to PS-32-2010.html
renaming PP-8-2012bt.html to PP-8-2012.html
renaming UU-6-2011bt.html to UU-6-2011.html
renaming pp23-1982bt.html to PP-23-1982.html
renaming PP-83-2010bt.html to PP-83-2010.html
renaming uu1-2012bt.html to UU-1-2012.html
renaming pp20-2013pjl.html to PP-20-2013.html
renaming UU-1-2010bt.html to UU-1-2010.html
renaming PP-45-2010bt.html to PP-45-2010.html
renaming PP-6-1981bt.html to PP-6-1981.html
renaming PP-53-2010bt.html to PP-53-2010.html
renaming UU-46-2009bt.html to UU-46-2009.html
renaming PP-25-1981bt.html to PP-25-1981.html
renaming PP-27-1981bt.html to PP-27-1981.html
renaming pp20-2013bt.html to PP-20-2013.html
	file PP-20-2013.html exists
	renaming alternative pp20-2013bt.html to PP-20-2013-BT.html
renaming UU-8-2011bt.html to UU-8-2011.html
renaming uu6-2012bt.html to UU-6-2012.html
renaming PP-6-2010bt.html to PP-6-2010.html
renaming pp64-2012bt.html to PP-64-2012.html
renaming uu3-2012bt.html to UU-3-2012.html
renaming pp53-2012bt.html to PP-53-2012.html
renaming UU-8-2010bt.html to UU-8-2010.html
renaming UU-34-1954bt.html to UU-34-1954.html
renaming PP-7-2012bt.html to PP-7-2012.html
renaming PP-28-20007249.html to PP-28-2000.html
renaming pp60-2012bt.html to PP-60-2012.html
renaming UU-12-2010bt.html to UU-12-2010.html
renaming UU-7-2011bt.html to UU-7-2011.html
renaming PP-18-1981bt.html to PP-18-1981.html
renaming PP-8-1981bt.html to PP-8-1981.html
renaming PP-18-2012bt.html to PP-18-2012.html
renaming PP-78-2010bt.html to PP-78-2010.html
renaming uu11-2012bt.html to UU-11-2012.html
renaming pp62-2012bt.html to PP-62-2012.html
renaming PP-29-20007.html to PP-29-2000.html
renaming uu17-1982bt.html to UU-17-1982.html
renaming PP-26-2012bt.html to PP-26-2012.html
renaming UU-16-2011bt.html to UU-16-2011.html
renaming PP-12-2012bt.html to PP-12-2012.html
renaming PP-22-2011bt.html to PP-22-2011.html
	file PP-22-2011.html exists
	renaming alternative PP-22-2011bt.html to PP-22-2011-BT.html
renaming uu4-2013bt.html to UU-4-2013.html
renaming PP-36-2010bt.html to PP-36-2010.html
renaming PP-37-2011bt.html to PP-37-2011.html
renaming PP-49-1980bt.html to PP-49-1980.html
renaming PP-7-2011bt.html to PP-7-2011.html
renaming uu2-1982bt.html to UU-2-1982.html
renaming UU-2-2010bt.html to UU-2-2010.html
renaming PP-13-1980bt.html to PP-13-1980.html
renaming pp43-2012bt.html to PP-43-2012.html
renaming UU-23-2011bt.html to UU-23-2011.html
renaming PP-6-2012bt.html to PP-6-2012.html
renaming PP-69-2010bt.html to PP-69-2010.html
renaming UU8-2013pjl.html to UU-8-2013.html
	file UU-8-2013.html exists
	renaming alternative UU8-2013pjl.html to UU-8-2013-PJL.html
renaming pp105-2012bt.html to PP-105-2012.html
renaming uu9-2013pjl.html to UU-9-2013.html
	file UU-9-2013.html exists
	renaming alternative uu9-2013pjl.html to UU-9-2013-PJL.html
renaming PP-93-2010bt.html to PP-93-2010.html
renaming pp38-2012bt.html to PP-38-2012.html
renaming PP-90-2010bt.html to PP-90-2010.html
renaming uu1-2013bt.html to UU-1-2013.html
	file UU-1-2013.html exists
	renaming alternative uu1-2013bt.html to UU-1-2013-BT.html
renaming PP-66-2010bt.html to PP-66-2010.html
renaming uu5-2012bt.html to UU-5-2012.html
renaming UU-21-2011bt.html to UU-21-2011.html
renaming PP-4-2012bt.html to PP-4-2012.html
renaming pp39-2012bt.html to PP-39-2012.html
renaming UU-9-2011bt.html to UU-9-2011.html
renaming PP-35-2010bt.html to PP-35-2010.html
renaming PP-28-2011bt.html to PP-28-2011.html
	file PP-28-2011.html exists
	renaming alternative PP-28-2011bt.html to PP-28-2011-BT.html
renaming pp71-2012bt.html to PP-71-2012.html
renaming pp61-2012bt.html to PP-61-2012.html
renaming UU-16-2008ALL.html to UU-16-2008.html
renaming pp74-2012bt.html to PP-74-2012.html
renaming PP-30-20007251.html to PP-30-2000.html
renaming pp31-2013pjl.html to PP-31-2013.html
	file PP-31-2013.html exists
	renaming alternative pp31-2013pjl.html to PP-31-2013-PJL.html
renaming PP-13-2012bt.html to PP-13-2012.html
	file PP-13-2012.html exists
	renaming alternative PP-13-2012bt.html to PP-13-2012-BT.html
renaming PP-50-2011bt.html to PP-50-2011.html
renaming PP-19-1980bt.html to PP-19-1980.html
renaming pp48-1982bt.html to PP-48-1982.html
renaming pp42-2013pjl.html to PP-42-2013.html
	file PP-42-2013.html exists
	renaming alternative pp42-2013pjl.html to PP-42-2013-PJL.html
renaming PP-28-1981bt.html to PP-28-1981.html
renaming pp2-2013pjl.html to PP-2-2013.html
	file PP-2-2013.html exists
	renaming alternative pp2-2013pjl.html to PP-2-2013-PJL.html
renaming PP-22-1980bt.html to PP-22-1980.html
renaming pp52-2012bt.html to PP-52-2012.html
renaming PP-17-2012bt.html to PP-17-2012.html
renaming pp5-2013pjl.html to PP-5-2013.html
renaming pp17-2013pjl.html to PP-17-2013.html
	file PP-17-2013.html exists
	renaming alternative pp17-2013pjl.html to PP-17-2013-PJL.html
renaming uu4-2013pjl.html to UU-4-2013.html
	file UU-4-2013.html exists
	renaming alternative uu4-2013pjl.html to UU-4-2013-PJL.html
renaming PP-6-2011bt.html to PP-6-2011.html
renaming PP-27-1980bt.html to PP-27-1980.html
renaming PP-24-2011bt.html to PP-24-2011.html
	file PP-24-2011.html exists
	renaming alternative PP-24-2011bt.html to PP-24-2011-BT.html
renaming PP-79-2010bt.html to PP-79-2010.html
renaming UU-13-2011bt.html to UU-13-2011.html
renaming pp116-2012bt.html to PP-116-2012.html
renaming PP-41-1980bt.html to PP-41-1980.html
renaming PP-33-2011bt.html to PP-33-2011.html
renaming PP-43-2010bt.html to PP-43-2010.html
renaming pp33-2012bt.html to PP-33-2012.html
renaming PP-39-1981bt.html to PP-39-1981.html
renaming PP-25-2011bt.html to PP-25-2011.html
renaming ps8-2012bt.html to PS-8-2012.html
	file PS-8-2012.html exists
	renaming alternative ps8-2012bt.html to PS-8-2012-BT.html
renaming PP-23-2011bt.html to PP-23-2011.html
	file PP-23-2011.html exists
	renaming alternative PP-23-2011bt.html to PP-23-2011-BT.html
renaming UU-7-2010bt.html to UU-7-2010.html
renaming UU-13-2010bt.html to UU-13-2010.html
renaming pp5-2013bt.html to PP-5-2013.html
	file PP-5-2013.html exists
	renaming alternative pp5-2013bt.html to PP-5-2013-BT.html
renaming pp3-1982bt.html to PP-3-1982.html
renaming PP-31-2012bt.html to PP-31-2012.html
renaming pp22-1982bt.html to PP-22-1982.html
renaming PP-91-2010bt.html to PP-91-2010.html
renaming PP-42-1981bt.html to PP-42-1981.html
