build/PS-89-2012.html
build/KP-10-1984.html
build/KEPPRES-55-1981.html
build/PP-1-2000.html
build/UU-6-2001.html
build/UU-2-2002.html
build/UU-35-2009.html
build/KEPPRES-112-2001.html
build/KEPPRES-41-2003.html
build/PP-20-2002.html
build/PERPRES-32-2005.html
build/PERPRES-66-2008.html
build/PP-44-1999.html
build/PP-12-2002.html
build/KEPPRES-93-2000.html
build/PP-37-1980.html
build/PERPRES-64-2005.html
build/PP-20-1991.html
build/PS-120-2012.html
build/KEPPRES-62-2001.html
build/KEPPRES-45-2004.html
build/PP-14-1992.html
build/PP-14-1985.html
build/pp81-2012bt.html
build/uu10-2012bt.html
build/KEPPRES-66-2003.html
build/PP-4-1988.html
build/KEPPRES-67-1984.html
build/PP-31-1992.html
build/PERPRES-2-2005.html
build/PP-25-1990.html
build/KEPPRES-129-2001.html
build/PP-1-1984.html
build/PBI-10-2013.html
build/PP-80-2001.html
build/PP-36-1981.html
build/PP-30-1995.html
build/KP-11-2005.html
build/PERPU-1-1997.html
build/UU-34-2007.html
build/PERPRES-43-2007.html
build/pbi14-21-2012bt.html
build/PP-3-2000.html
build/PP-47-1991.html
build/pp46-1982bt.html
build/PS-59-2013.html
build/PBI-9-19-2007.html
build/KEPPRES-87-2002.html
build/UU-28-2008.html
build/PP-67-2000.html
build/PP-26-1995.html
build/PP-31-2004.html
build/UU-6-1987.html
build/UU-27-1999.html
build/PERPRES-6-2006.html
build/PP-86-2008.html
build/LN180-2012perpres079-2012.html
build/pp51-2012bt.html
build/UU-30-2007---Energi.html
build/PP-4-2001.html
build/PERPRES-44-2011.html
build/KP-57-2002.html
build/PP-21-1981.html
build/PEPERTI-1-1960.html
build/UU-1-2004.html
build/PERPRES-38-2011.html
build/PP-35-1981.html
build/PP-36-1992.html
build/KEPPRES-37-1999.html
build/UU-20-2013.html
build/KEPPRES-146-2000.html
build/UU-5-1969.html
build/PERPRES-11-2006.html
build/KEPPRES-14-1980.html
build/PERPRES-8-2011.html
build/PP-19-2010bt.html
build/U-6-2004.html
build/PS-42-2012.html
build/KEPPRES-19-2008.html
build/PP-15-2013.html
build/KP-13-1985.html
build/PP-73-1999.html
build/KEPPRES-34-1982.html
build/PS-21-2013.html
build/PP-53-2003.html
build/uu3-2013pjl.html
build/KEPPRES-22-1983.html
build/PP-1-2011bt.html
build/PBI-11-22-2009.html
build/pp6-2005-baru.html
build/PP-29-2011.html
build/PP-68-2011.html
build/PS-30-2012.html
build/PP-57-2005.html
build/PERPRES-47-2005.html
build/PP-50-2010.html
build/PERPRES-32-2008.html
build/UU-14-2008.html
build/PP-94-2010bt.html
build/PP-35-2013.html
build/PP-35-1995.html
build/UU-12-2003.html
build/PERPRES-101-2007.html
build/UU-18-1999.html
build/IPS-3-1983.html
build/PP-18-1993.html
build/PP-69-2000.html
build/uu12-2012bt.html
build/UU-7-2009.html
build/KEPPRES-10-2008.html
build/UU-23-2008.html
build/UU7-2013pjl.html
build/UU-8-2001.html
build/UU-7-2013.html
build/PP-65-1991.html
build/UU-3-1991.html
build/UU-5-1950.html
build/PERPRES-48-2006.html
build/PP-31-2010.html
build/PBI-11-10-2009.html
build/PP-62-2010.html
build/PP-63-2010bt.html
build/KEPPRES-17-2007.html
build/UU-3-1992.html
build/UU-13-1997.html
build/PERPRES-13-2006.html
build/PP-33-2002.html
build/PP-21-1983.html
build/PP-55-1990.html
build/PP-76-2007.html
build/KEPPRES-164-2000.html
build/KEPPRES-66-1992.html
build/PP-55-1996.html
build/KEPPRES-140-1999.html
build/KEPPRES-20-1980.html
build/PS-86-2012.html
build/UU-15-2003.html
build/PP-79-2005.html
build/pbi13-27-2011bt.html
build/KEPPRES-74-1982.html
build/PP-25-2001.html
build/PP-88-2012.html
build/PP-37-2006.html
build/pp38-1982bt.html
build/PP-8-2011bt.html
build/KEPPRES-15-2011.html
build/PP-33-1982.html
build/KP-45-1984.html
build/KEPPRES-106-2003.html
build/PERPRES-60-2006.html
build/KEPPRES-141-2000.html
build/PP-21-1991.html
build/KEPPRES-22-2005.html
build/PP-145-2000.html
build/PP-24-1985.html
build/KEPPRES-11-2003.html
build/PP-20-2012bt.html
build/KEPPRES-29-1982.html
build/PP-46-2011bt.html
build/UU-1-1984.html
build/PP-47-2002.html
build/PP-5-1980bt.html
build/PP-34-1993.html
build/PP-73-2012.html
build/PP-62-2009.html
build/UU-6-1968.html
build/PP-91-2012.html
build/PS-61-2013.html
build/KEPPRES-15-1998.html
build/pbi14-17-2012bt.html
build/KEPPRES-28-2008.html
build/PP-48-2011bt.html
build/UU-37-2008.html
build/PP-51-1991.html
build/PP-63-1991.html
build/KEPPRES-36-1985.html
build/KEPPRES-53-1983.html
build/KEPPRES-28-2009.html
build/PP-27-2012bt.html
build/PP-120-2000.html
build/UU-EKSTRADISI-1979.html
build/PNPERPRES-20-1965.html
build/KEPPRES-110-2001.html
build/UU-14-2005.html
build/PERPRES-16-2008.html
build/KEPPRES-52-1981.html
build/UU-31-2009.html
build/pbi14-24-2012bt.html
build/UU-19-2001.html
build/PP-13-2001.html
build/PS-23-2012.html
build/PP-28-2009.html
build/PP-23-1995.html
build/PP-40-2004.html
build/INP-12-1984.html
build/pp49-1982bt.html
build/PP-70-2007.html
build/KP-29-2009.html
build/KP-19-1990.html
build/KEPPRES-46-1980.html
build/PP-21-1985.html
build/KEPPRES-25-1980.html
build/PP-85-2008.html
build/PERPRES-13-2009.html
build/PP-87-2000.html
build/PP-32-1985.html
build/KEPPRES-170-2000.html
build/PS-17-2013.html
build/PP-12-2004.html
build/PP-35-1982.html
build/KEPPRES-18-2009.html
build/pbi12-13-2010bt.html
build/PBI-11-29-2009.html
build/PP-22-1992.html
build/pp56-2012bt.html
build/KEPPRES-84-1999.html
build/KEPPRES-2-1981.html
build/PP-38-1981.html
build/PP-25-2010.html
build/PP-17-1980bt.html
build/PERPRES-72-2011.html
build/PP-4-1999.html
build/pbi14-12-2012bt.html
build/KEPPRES-53-2003.html
build/PP-30-2009.html
build/PP-5-2011bt.html
build/PP-15-2003.html
build/PP-26-2006.html
build/PP-7-2003.html
build/PP-12-1995.html
build/KEPPRES-103-2004.html
build/PP-45-2011bt.html
build/UU-12-1999.html
build/PP-56-2007.html
build/pp39-1982bt.html
build/KEPPRES-102-2003.html
build/PP-60-2009.html
build/PP-14-1983.html
build/IPS-15-1981.html
build/PP-29-2002.html
build/pp107-2012bt.html
build/pbi13-6-2011bt.html
build/PP-69-2008.html
build/PP-7-1990.html
build/KEPPRES-94-2003.html
build/PERPRES-17-2011.html
build/UU-55-2008.html
